<?xml version="1.0" encoding="UTF-8"?>
<testsuite xmlns:xsi="http://www.w3.org/2001/XMLSchema-instance" xsi:noNamespaceSchemaLocation="https://maven.apache.org/surefire/maven-surefire-plugin/xsd/surefire-test-report-3.0.xsd" version="3.0" name="com.edutech.cursos_inscripciones_service.service.ProgresoCursoServiceTest" time="1.606" tests="4" errors="4" skipped="0" failures="0">
  <properties>
[...]
</properties>
  <testcase name="testDeleteProgresoCurso" classname="com.edutech.cursos_inscripciones_service.service.ProgresoCursoServiceTest" time="0.002">
    <error message="Failed to load ApplicationContext for [WebMergedContextConfiguration@149c22bc testClass = com.edutech.cursos_inscripciones_service.service.ProgresoCursoServiceTest, locations = [], classes = [com.edutech.cursos_inscripciones_service.CursosInscripcionesServiceApplication], contextInitializerClasses = [], activeProfiles = [], propertySourceDescriptors = [], propertySourceProperties = [&quot;org.springframework.boot.test.context.SpringBootTestContextBootstrapper=true&quot;], contextCustomizers = [org.springframework.boot.test.context.filter.ExcludeFilterContextCustomizer@b83a9be, org.springframework.boot.test.json.DuplicateJsonObjectContextCustomizerFactory$DuplicateJsonObjectContextCustomizer@563e4951, org.springframework.boot.test.mock.mockito.MockitoContextCustomizer@bc445777, org.springframework.boot.test.web.client.TestRestTemplateContextCustomizer@7305cfb1, org.springframework.boot.test.web.reactor.netty.DisableReactorResourceFactoryGlobalResourcesContextCustomizerFactory$DisableReactorResourceFactoryGlobalResourcesContextCustomizerCustomizer@732d0d24, org.springframework.boot.test.autoconfigure.OnFailureConditionReportContextCustomizerFactory$OnFailureConditionReportContextCustomizer@5a5338df, org.springframework.boot.test.autoconfigure.actuate.observability.ObservabilityContextCustomizerFactory$DisableObservabilityContextCustomizer@1f, org.springframework.boot.test.autoconfigure.properties.PropertyMappingContextCustomizer@0, org.springframework.boot.test.autoconfigure.web.servlet.WebDriverContextCustomizer@50de186c, org.springframework.boot.test.context.SpringBootTestAnnotation@68b105a8], resourceBasePath = &quot;src/main/webapp&quot;, contextLoader = org.springframework.boot.test.context.SpringBootContextLoader, parent = null]" type="java.lang.IllegalStateException"><![CDATA[java.lang.IllegalStateException: Failed to load ApplicationContext for [WebMergedContextConfiguration@149c22bc testClass = com.edutech.cursos_inscripciones_service.service.ProgresoCursoServiceTest, locations = [], classes = [com.edutech.cursos_inscripciones_service.CursosInscripcionesServiceApplication], contextInitializerClasses = [], activeProfiles = [], propertySourceDescriptors = [], propertySourceProperties = ["org.springframework.boot.test.context.SpringBootTestContextBootstrapper=true"], contextCustomizers = [org.springframework.boot.test.context.filter.ExcludeFilterContextCustomizer@b83a9be, org.springframework.boot.test.json.DuplicateJsonObjectContextCustomizerFactory$DuplicateJsonObjectContextCustomizer@563e4951, org.springframework.boot.test.mock.mockito.MockitoContextCustomizer@bc445777, org.springframework.boot.test.web.client.TestRestTemplateContextCustomizer@7305cfb1, org.springframework.boot.test.web.reactor.netty.DisableReactorResourceFactoryGlobalResourcesContextCustomizerFactory$DisableReactorResourceFactoryGlobalResourcesContextCustomizerCustomizer@732d0d24, org.springframework.boot.test.autoconfigure.OnFailureConditionReportContextCustomizerFactory$OnFailureConditionReportContextCustomizer@5a5338df, org.springframework.boot.test.autoconfigure.actuate.observability.ObservabilityContextCustomizerFactory$DisableObservabilityContextCustomizer@1f, org.springframework.boot.test.autoconfigure.properties.PropertyMappingContextCustomizer@0, org.springframework.boot.test.autoconfigure.web.servlet.WebDriverContextCustomizer@50de186c, org.springframework.boot.test.context.SpringBootTestAnnotation@68b105a8], resourceBasePath = "src/main/webapp", contextLoader = org.springframework.boot.test.context.SpringBootContextLoader, parent = null]
	at org.springframework.test.context.cache.DefaultCacheAwareContextLoaderDelegate.loadContext(DefaultCacheAwareContextLoaderDelegate.java:180)
	at org.springframework.test.context.support.DefaultTestContext.getApplicationContext(DefaultTestContext.java:130)
	at org.springframework.test.context.web.ServletTestExecutionListener.setUpRequestContextIfNecessary(ServletTestExecutionListener.java:191)
	at org.springframework.test.context.web.ServletTestExecutionListener.prepareTestInstance(ServletTestExecutionListener.java:130)
	at org.springframework.test.context.TestContextManager.prepareTestInstance(TestContextManager.java:260)
	at org.springframework.test.context.junit.jupiter.SpringExtension.postProcessTestInstance(SpringExtension.java:163)
	at java.base/java.util.stream.ReferencePipeline$3$1.accept(ReferencePipeline.java:197)
	at java.base/java.util.stream.ReferencePipeline$2$1.accept(ReferencePipeline.java:179)
	at java.base/java.util.ArrayList$ArrayListSpliterator.forEachRemaining(ArrayList.java:1625)
	at java.base/java.util.stream.AbstractPipeline.copyInto(AbstractPipeline.java:509)
	at java.base/java.util.stream.AbstractPipeline.wrapAndCopyInto(AbstractPipeline.java:499)
	at java.base/java.util.stream.StreamSpliterators$WrappingSpliterator.forEachRemaining(StreamSpliterators.java:310)
	at java.base/java.util.stream.Streams$ConcatSpliterator.forEachRemaining(Streams.java:735)
	at java.base/java.util.stream.Streams$ConcatSpliterator.forEachRemaining(Streams.java:734)
	at java.base/java.util.stream.ReferencePipeline$Head.forEach(ReferencePipeline.java:762)
	at java.base/java.util.Optional.orElseGet(Optional.java:364)
	at java.base/java.util.ArrayList.forEach(ArrayList.java:1511)
	at java.base/java.util.ArrayList.forEach(ArrayList.java:1511)
Caused by: org.springframework.dao.DataIntegrityViolationException: could not execute statement [Cannot delete or update a parent row: a foreign key constraint fails (`db_curso_test`.`progreso_curso`, CONSTRAINT `fk_progreso_curso_inscripcion` FOREIGN KEY (`id_inscripcion`) REFERENCES `inscripcion` (`id_inscripcion`))] [delete from inscripcion where id_inscripcion=?]; SQL [delete from inscripcion where id_inscripcion=?]; constraint [null]
	at org.springframework.orm.jpa.vendor.HibernateJpaDialect.convertHibernateAccessException(HibernateJpaDialect.java:290)
	at org.springframework.orm.jpa.vendor.HibernateJpaDialect.translateExceptionIfPossible(HibernateJpaDialect.java:241)
	at org.springframework.orm.jpa.JpaTransactionManager.doCommit(JpaTransactionManager.java:566)
	at org.springframework.transaction.support.AbstractPlatformTransactionManager.processCommit(AbstractPlatformTransactionManager.java:795)
	at org.springframework.transaction.support.AbstractPlatformTransactionManager.commit(AbstractPlatformTransactionManager.java:758)
	at org.springframework.transaction.interceptor.TransactionAspectSupport.commitTransactionAfterReturning(TransactionAspectSupport.java:663)
	at org.springframework.transaction.interceptor.TransactionAspectSupport.invokeWithinTransaction(TransactionAspectSupport.java:413)
	at org.springframework.transaction.interceptor.TransactionInterceptor.invoke(TransactionInterceptor.java:119)
	at org.springframework.aop.framework.ReflectiveMethodInvocation.proceed(ReflectiveMethodInvocation.java:184)
	at org.springframework.dao.support.PersistenceExceptionTranslationInterceptor.invoke(PersistenceExceptionTranslationInterceptor.java:138)
	at org.springframework.aop.framework.ReflectiveMethodInvocation.proceed(ReflectiveMethodInvocation.java:184)
	at org.springframework.data.jpa.repository.support.CrudMethodMetadataPostProcessor$CrudMethodMetadataPopulatingMethodInterceptor.invoke(CrudMethodMetadataPostProcessor.java:165)
	at org.springframework.aop.framework.ReflectiveMethodInvocation.proceed(ReflectiveMethodInvocation.java:184)
	at org.springframework.aop.interceptor.ExposeInvocationInterceptor.invoke(ExposeInvocationInterceptor.java:97)
	at org.springframework.aop.framework.ReflectiveMethodInvocation.proceed(ReflectiveMethodInvocation.java:184)
	at org.springframework.aop.framework.JdkDynamicAopProxy.invoke(JdkDynamicAopProxy.java:223)
	at jdk.proxy2/jdk.proxy2.$Proxy198.deleteAll(Unknown Source)
	at com.edutech.cursos_inscripciones_service.DataLoader.limpiarBaseDeDatos(DataLoader.java:243)
	at com.edutech.cursos_inscripciones_service.DataLoader.run(DataLoader.java:57)
	at org.springframework.boot.SpringApplication.lambda$callRunner$5(SpringApplication.java:791)
	at org.springframework.util.function.ThrowingConsumer$1.acceptWithException(ThrowingConsumer.java:82)
	at org.springframework.util.function.ThrowingConsumer.accept(ThrowingConsumer.java:60)
	at org.springframework.util.function.ThrowingConsumer$1.accept(ThrowingConsumer.java:86)
	at org.springframework.boot.SpringApplication.callRunner(SpringApplication.java:799)
	at org.springframework.boot.SpringApplication.callRunner(SpringApplication.java:790)
	at org.springframework.boot.SpringApplication.lambda$callRunners$3(SpringApplication.java:775)
	at java.base/java.util.stream.ForEachOps$ForEachOp$OfRef.accept(ForEachOps.java:183)
	at java.base/java.util.stream.SortedOps$SizedRefSortingSink.end(SortedOps.java:357)
	at java.base/java.util.stream.AbstractPipeline.copyInto(AbstractPipeline.java:510)
	at java.base/java.util.stream.AbstractPipeline.wrapAndCopyInto(AbstractPipeline.java:499)
	at java.base/java.util.stream.ForEachOps$ForEachOp.evaluateSequential(ForEachOps.java:150)
	at java.base/java.util.stream.ForEachOps$ForEachOp$OfRef.evaluateSequential(ForEachOps.java:173)
	at java.base/java.util.stream.AbstractPipeline.evaluate(AbstractPipeline.java:234)
	at java.base/java.util.stream.ReferencePipeline.forEach(ReferencePipeline.java:596)
	at org.springframework.boot.SpringApplication.callRunners(SpringApplication.java:775)
	at org.springframework.boot.SpringApplication.run(SpringApplication.java:342)
	at org.springframework.boot.test.context.SpringBootContextLoader.lambda$loadContext$3(SpringBootContextLoader.java:145)
	at org.springframework.util.function.ThrowingSupplier.get(ThrowingSupplier.java:58)
	at org.springframework.util.function.ThrowingSupplier.get(ThrowingSupplier.java:46)
	at org.springframework.boot.SpringApplication.withHook(SpringApplication.java:1464)
	at org.springframework.boot.test.context.SpringBootContextLoader$ContextLoaderHook.run(SpringBootContextLoader.java:564)
	at org.springframework.boot.test.context.SpringBootContextLoader.loadContext(SpringBootContextLoader.java:145)
	at org.springframework.boot.test.context.SpringBootContextLoader.loadContext(SpringBootContextLoader.java:116)
	at org.springframework.test.context.cache.DefaultCacheAwareContextLoaderDelegate.loadContextInternal(DefaultCacheAwareContextLoaderDelegate.java:225)
	at org.springframework.test.context.cache.DefaultCacheAwareContextLoaderDelegate.loadContext(DefaultCacheAwareContextLoaderDelegate.java:152)
	... 17 more
Caused by: org.hibernate.exception.ConstraintViolationException: could not execute statement [Cannot delete or update a parent row: a foreign key constraint fails (`db_curso_test`.`progreso_curso`, CONSTRAINT `fk_progreso_curso_inscripcion` FOREIGN KEY (`id_inscripcion`) REFERENCES `inscripcion` (`id_inscripcion`))] [delete from inscripcion where id_inscripcion=?]
	at org.hibernate.exception.internal.SQLExceptionTypeDelegate.convert(SQLExceptionTypeDelegate.java:62)
	at org.hibernate.exception.internal.StandardSQLExceptionConverter.convert(StandardSQLExceptionConverter.java:58)
	at org.hibernate.engine.jdbc.spi.SqlExceptionHelper.convert(SqlExceptionHelper.java:108)
	at org.hibernate.engine.jdbc.internal.ResultSetReturnImpl.executeUpdate(ResultSetReturnImpl.java:197)
	at org.hibernate.engine.jdbc.mutation.internal.AbstractMutationExecutor.performNonBatchedMutation(AbstractMutationExecutor.java:134)
	at org.hibernate.engine.jdbc.mutation.internal.MutationExecutorSingleNonBatched.performNonBatchedOperations(MutationExecutorSingleNonBatched.java:55)
	at org.hibernate.engine.jdbc.mutation.internal.AbstractMutationExecutor.execute(AbstractMutationExecutor.java:55)
	at org.hibernate.persister.entity.mutation.AbstractDeleteCoordinator.doStaticDelete(AbstractDeleteCoordinator.java:279)
	at org.hibernate.persister.entity.mutation.AbstractDeleteCoordinator.delete(AbstractDeleteCoordinator.java:87)
	at org.hibernate.action.internal.EntityDeleteAction.execute(EntityDeleteAction.java:131)
	at org.hibernate.engine.spi.ActionQueue.executeActions(ActionQueue.java:633)
	at org.hibernate.engine.spi.ActionQueue.executeActions(ActionQueue.java:500)
	at org.hibernate.event.internal.AbstractFlushingEventListener.performExecutions(AbstractFlushingEventListener.java:385)
	at org.hibernate.event.internal.DefaultFlushEventListener.onFlush(DefaultFlushEventListener.java:41)
	at org.hibernate.event.service.internal.EventListenerGroupImpl.fireEventOnEachListener(EventListenerGroupImpl.java:127)
	at org.hibernate.internal.SessionImpl.doFlush(SessionImpl.java:1425)
	at org.hibernate.internal.SessionImpl.managedFlush(SessionImpl.java:487)
	at org.hibernate.internal.SessionImpl.flushBeforeTransactionCompletion(SessionImpl.java:2324)
	at org.hibernate.internal.SessionImpl.beforeTransactionCompletion(SessionImpl.java:1981)
	at org.hibernate.engine.jdbc.internal.JdbcCoordinatorImpl.beforeTransactionCompletion(JdbcCoordinatorImpl.java:439)
	at org.hibernate.resource.transaction.backend.jdbc.internal.JdbcResourceLocalTransactionCoordinatorImpl.beforeCompletionCallback(JdbcResourceLocalTransactionCoordinatorImpl.java:169)
	at org.hibernate.resource.transaction.backend.jdbc.internal.JdbcResourceLocalTransactionCoordinatorImpl$TransactionDriverControlImpl.commit(JdbcResourceLocalTransactionCoordinatorImpl.java:267)
	at org.hibernate.engine.transaction.internal.TransactionImpl.commit(TransactionImpl.java:101)
	at org.springframework.orm.jpa.JpaTransactionManager.doCommit(JpaTransactionManager.java:562)
	... 59 more
Caused by: java.sql.SQLIntegrityConstraintViolationException: Cannot delete or update a parent row: a foreign key constraint fails (`db_curso_test`.`progreso_curso`, CONSTRAINT `fk_progreso_curso_inscripcion` FOREIGN KEY (`id_inscripcion`) REFERENCES `inscripcion` (`id_inscripcion`))
	at com.mysql.cj.jdbc.exceptions.SQLError.createSQLException(SQLError.java:118)
	at com.mysql.cj.jdbc.exceptions.SQLExceptionsMapping.translateException(SQLExceptionsMapping.java:122)
	at com.mysql.cj.jdbc.ClientPreparedStatement.executeInternal(ClientPreparedStatement.java:912)
	at com.mysql.cj.jdbc.ClientPreparedStatement.executeUpdateInternal(ClientPreparedStatement.java:1054)
	at com.mysql.cj.jdbc.ClientPreparedStatement.executeUpdateInternal(ClientPreparedStatement.java:1003)
	at com.mysql.cj.jdbc.ClientPreparedStatement.executeLargeUpdate(ClientPreparedStatement.java:1312)
	at com.mysql.cj.jdbc.ClientPreparedStatement.executeUpdate(ClientPreparedStatement.java:988)
	at com.zaxxer.hikari.pool.ProxyPreparedStatement.executeUpdate(ProxyPreparedStatement.java:61)
	at com.zaxxer.hikari.pool.HikariProxyPreparedStatement.executeUpdate(HikariProxyPreparedStatement.java)
	at org.hibernate.engine.jdbc.internal.ResultSetReturnImpl.executeUpdate(ResultSetReturnImpl.java:194)
	... 79 more
]]></error>
    <system-out><![CDATA[2025-07-01T18:12:58.911-04:00  INFO 20644 --- [cursos-inscripciones-service] [           main] t.c.s.AnnotationConfigContextLoaderUtils : Could not detect default configuration classes for test class [com.edutech.cursos_inscripciones_service.service.ProgresoCursoServiceTest]: ProgresoCursoServiceTest does not declare any static, non-private, non-final, nested classes annotated with @Configuration.
2025-07-01T18:12:58.911-04:00  INFO 20644 --- [cursos-inscripciones-service] [           main] .b.t.c.SpringBootTestContextBootstrapper : Found @SpringBootConfiguration com.edutech.cursos_inscripciones_service.CursosInscripcionesServiceApplication for test class com.edutech.cursos_inscripciones_service.service.ProgresoCursoServiceTest
2025-07-01T18:12:58.924-04:00  INFO 20644 --- [cursos-inscripciones-service] [           main] o.s.b.d.r.RestartApplicationListener     : Restart disabled due to context in which it is running

  .   ____          _            __ _ _
 /\\ / ___'_ __ _ _(_)_ __  __ _ \ \ \ \
( ( )\___ | '_ | '_| | '_ \/ _` | \ \ \ \
 \\/  ___)| |_)| | | | | || (_| |  ) ) ) )
  '  |____| .__|_| |_|_| |_\__, | / / / /
 =========|_|==============|___/=/_/_/_/

 :: Spring Boot ::               (v3.3.11)

2025-07-01T18:12:58.944-04:00  INFO 20644 --- [cursos-inscripciones-service] [           main] c.e.c.service.ProgresoCursoServiceTest   : Starting ProgresoCursoServiceTest using Java 20.0.2 with PID 20644 (started by gilga in C:\Users\gilga\OneDrive\Desktop\Fullstack 1\ClonReposi\Repositorio-EduTech\cursos-inscripciones-service)
2025-07-01T18:12:58.944-04:00  INFO 20644 --- [cursos-inscripciones-service] [           main] c.e.c.service.ProgresoCursoServiceTest   : The following 1 profile is active: "test"
2025-07-01T18:12:59.205-04:00  INFO 20644 --- [cursos-inscripciones-service] [           main] .s.d.r.c.RepositoryConfigurationDelegate : Bootstrapping Spring Data JPA repositories in DEFAULT mode.
2025-07-01T18:12:59.238-04:00  INFO 20644 --- [cursos-inscripciones-service] [           main] .s.d.r.c.RepositoryConfigurationDelegate : Finished Spring Data repository scanning in 31 ms. Found 11 JPA repository interfaces.
2025-07-01T18:12:59.515-04:00  INFO 20644 --- [cursos-inscripciones-service] [           main] o.hibernate.jpa.internal.util.LogHelper  : HHH000204: Processing PersistenceUnitInfo [name: default]
2025-07-01T18:12:59.519-04:00  INFO 20644 --- [cursos-inscripciones-service] [           main] o.h.c.internal.RegionFactoryInitiator    : HHH000026: Second-level cache disabled
2025-07-01T18:12:59.535-04:00  INFO 20644 --- [cursos-inscripciones-service] [           main] o.s.o.j.p.SpringPersistenceUnitInfo      : No LoadTimeWeaver setup: ignoring JPA class transformer
2025-07-01T18:12:59.537-04:00  INFO 20644 --- [cursos-inscripciones-service] [           main] com.zaxxer.hikari.HikariDataSource       : HikariPool-6 - Starting...
2025-07-01T18:12:59.566-04:00  INFO 20644 --- [cursos-inscripciones-service] [           main] com.zaxxer.hikari.pool.HikariPool        : HikariPool-6 - Added connection com.mysql.cj.jdbc.ConnectionImpl@1927ac40
2025-07-01T18:12:59.568-04:00  INFO 20644 --- [cursos-inscripciones-service] [           main] com.zaxxer.hikari.HikariDataSource       : HikariPool-6 - Start completed.
2025-07-01T18:12:59.568-04:00  WARN 20644 --- [cursos-inscripciones-service] [           main] org.hibernate.orm.deprecation            : HHH90000025: MySQLDialect does not need to be specified explicitly using 'hibernate.dialect' (remove the property setting and it will be selected by default)
2025-07-01T18:12:59.779-04:00  INFO 20644 --- [cursos-inscripciones-service] [           main] o.h.e.t.j.p.i.JtaPlatformInitiator       : HHH000489: No JTA platform available (set 'hibernate.transaction.jta.platform' to enable JTA platform integration)
Hibernate: 
    alter table curso 
       modify column descripcion TEXT
Hibernate: 
    alter table evaluacion 
       modify column descripcion TEXT
Hibernate: 
    alter table modulo 
       modify column descripcion TEXT
Hibernate: 
    alter table tipo_evaluacion 
       modify column descripcion TEXT
2025-07-01T18:13:00.015-04:00  INFO 20644 --- [cursos-inscripciones-service] [           main] j.LocalContainerEntityManagerFactoryBean : Initialized JPA EntityManagerFactory for persistence unit 'default'
2025-07-01T18:13:00.221-04:00  WARN 20644 --- [cursos-inscripciones-service] [           main] JpaBaseConfiguration$JpaWebConfiguration : spring.jpa.open-in-view is enabled by default. Therefore, database queries may be performed during view rendering. Explicitly configure spring.jpa.open-in-view to disable this warning
2025-07-01T18:13:00.396-04:00  INFO 20644 --- [cursos-inscripciones-service] [           main] c.e.c.service.ProgresoCursoServiceTest   : Started ProgresoCursoServiceTest in 1.485 seconds (process running for 28.852)
Limpiando base de datos...
Hibernate: 
    select
        ne1_0.id_nota_evaluacion,
        ne1_0.comentario,
        ne1_0.id_evaluacion,
        ne1_0.id_modulo_cursado,
        ne1_0.puntaje_obtenido,
        ne1_0.puntaje_requerido 
    from
        nota_evaluacion ne1_0
Hibernate: 
    select
        e1_0.id_evaluacion,
        e1_0.id_curso,
        c1_0.id_curso,
        c1_0.descripcion,
        c1_0.duracion_horas,
        c1_0.estado,
        c1_0.fecha_actualizacion,
        c1_0.fecha_creacion,
        c1_0.numero_orden,
        c1_0.titulo,
        e1_0.descripcion,
        m1_0.id_modulo,
        m1_0.id_curso,
        c2_0.id_curso,
        c2_0.descripcion,
        c2_0.duracion_horas,
        c2_0.estado,
        c2_0.fecha_actualizacion,
        c2_0.fecha_creacion,
        c2_0.numero_orden,
        c2_0.titulo,
        m1_0.descripcion,
        m1_0.numero_orden,
        m1_0.titulo,
        e1_0.nombre,
        e1_0.id_tipo_evaluacion,
        te1_0.id_tipo_evaluacion,
        te1_0.descripcion,
        te1_0.nombre 
    from
        evaluacion e1_0 
    join
        curso c1_0 
            on c1_0.id_curso=e1_0.id_curso 
    left join
        modulo m1_0 
            on m1_0.id_modulo=e1_0.id_modulo 
    left join
        curso c2_0 
            on c2_0.id_curso=m1_0.id_curso 
    join
        tipo_evaluacion te1_0 
            on te1_0.id_tipo_evaluacion=e1_0.id_tipo_evaluacion 
    where
        e1_0.id_evaluacion=?
Hibernate: 
    select
        mc1_0.id_modulo_cursado,
        mc1_0.esta_aprobado,
        mc1_0.fecha_aprovacion,
        mc1_0.id_modulo,
        m1_0.id_modulo,
        m1_0.id_curso,
        c1_0.id_curso,
        c1_0.descripcion,
        c1_0.duracion_horas,
        c1_0.estado,
        c1_0.fecha_actualizacion,
        c1_0.fecha_creacion,
        c1_0.numero_orden,
        c1_0.titulo,
        m1_0.descripcion,
        m1_0.numero_orden,
        m1_0.titulo,
        ne1_0.id_nota_evaluacion,
        ne1_0.comentario,
        ne1_0.id_evaluacion,
        e1_0.id_evaluacion,
        e1_0.id_curso,
        e1_0.descripcion,
        e1_0.id_modulo,
        e1_0.nombre,
        e1_0.id_tipo_evaluacion,
        ne1_0.puntaje_obtenido,
        ne1_0.puntaje_requerido,
        mc1_0.id_progreso_curso,
        pc1_0.id_progreso_curso,
        pc1_0.id_inscripcion,
        i1_0.id_inscripcion,
        i1_0.id_curso,
        i1_0.esta_aprobado,
        i1_0.id_usuario,
        i1_0.fecha_inscripcion,
        pc1_0.porcentaje_avance,
        pc1_0.tiempo_total_estudio 
    from
        modulo_cursado mc1_0 
    join
        modulo m1_0 
            on m1_0.id_modulo=mc1_0.id_modulo 
    left join
        curso c1_0 
            on c1_0.id_curso=m1_0.id_curso 
    left join
        nota_evaluacion ne1_0 
            on mc1_0.id_modulo_cursado=ne1_0.id_modulo_cursado 
    left join
        evaluacion e1_0 
            on e1_0.id_evaluacion=ne1_0.id_evaluacion 
    join
        progreso_curso pc1_0 
            on pc1_0.id_progreso_curso=mc1_0.id_progreso_curso 
    left join
        inscripcion i1_0 
            on i1_0.id_inscripcion=pc1_0.id_inscripcion 
    where
        mc1_0.id_modulo_cursado=?
Hibernate: 
    select
        mc1_0.id_modulo_cursado,
        mc1_0.esta_aprobado,
        mc1_0.fecha_aprovacion,
        mc1_0.id_modulo,
        m1_0.id_modulo,
        m1_0.id_curso,
        c1_0.id_curso,
        c1_0.descripcion,
        c1_0.duracion_horas,
        c1_0.estado,
        c1_0.fecha_actualizacion,
        c1_0.fecha_creacion,
        c1_0.numero_orden,
        c1_0.titulo,
        m1_0.descripcion,
        m1_0.numero_orden,
        m1_0.titulo,
        ne1_0.id_nota_evaluacion,
        ne1_0.comentario,
        ne1_0.id_evaluacion,
        e1_0.id_evaluacion,
        e1_0.id_curso,
        e1_0.descripcion,
        e1_0.id_modulo,
        e1_0.nombre,
        e1_0.id_tipo_evaluacion,
        ne1_0.puntaje_obtenido,
        ne1_0.puntaje_requerido,
        mc1_0.id_progreso_curso,
        pc1_0.id_progreso_curso,
        pc1_0.id_inscripcion,
        i1_0.id_inscripcion,
        i1_0.id_curso,
        i1_0.esta_aprobado,
        i1_0.id_usuario,
        i1_0.fecha_inscripcion,
        pc1_0.porcentaje_avance,
        pc1_0.tiempo_total_estudio 
    from
        modulo_cursado mc1_0 
    join
        modulo m1_0 
            on m1_0.id_modulo=mc1_0.id_modulo 
    left join
        curso c1_0 
            on c1_0.id_curso=m1_0.id_curso 
    left join
        nota_evaluacion ne1_0 
            on mc1_0.id_modulo_cursado=ne1_0.id_modulo_cursado 
    left join
        evaluacion e1_0 
            on e1_0.id_evaluacion=ne1_0.id_evaluacion 
    join
        progreso_curso pc1_0 
            on pc1_0.id_progreso_curso=mc1_0.id_progreso_curso 
    left join
        inscripcion i1_0 
            on i1_0.id_inscripcion=pc1_0.id_inscripcion 
    where
        mc1_0.id_modulo_cursado=?
Hibernate: 
    select
        e1_0.id_evaluacion,
        e1_0.id_curso,
        c1_0.id_curso,
        c1_0.descripcion,
        c1_0.duracion_horas,
        c1_0.estado,
        c1_0.fecha_actualizacion,
        c1_0.fecha_creacion,
        c1_0.numero_orden,
        c1_0.titulo,
        e1_0.descripcion,
        m1_0.id_modulo,
        m1_0.id_curso,
        c2_0.id_curso,
        c2_0.descripcion,
        c2_0.duracion_horas,
        c2_0.estado,
        c2_0.fecha_actualizacion,
        c2_0.fecha_creacion,
        c2_0.numero_orden,
        c2_0.titulo,
        m1_0.descripcion,
        m1_0.numero_orden,
        m1_0.titulo,
        e1_0.nombre,
        e1_0.id_tipo_evaluacion,
        te1_0.id_tipo_evaluacion,
        te1_0.descripcion,
        te1_0.nombre 
    from
        evaluacion e1_0 
    join
        curso c1_0 
            on c1_0.id_curso=e1_0.id_curso 
    left join
        modulo m1_0 
            on m1_0.id_modulo=e1_0.id_modulo 
    left join
        curso c2_0 
            on c2_0.id_curso=m1_0.id_curso 
    join
        tipo_evaluacion te1_0 
            on te1_0.id_tipo_evaluacion=e1_0.id_tipo_evaluacion 
    where
        e1_0.id_evaluacion=?
Hibernate: 
    select
        mc1_0.id_modulo_cursado,
        mc1_0.esta_aprobado,
        mc1_0.fecha_aprovacion,
        mc1_0.id_modulo,
        m1_0.id_modulo,
        m1_0.id_curso,
        c1_0.id_curso,
        c1_0.descripcion,
        c1_0.duracion_horas,
        c1_0.estado,
        c1_0.fecha_actualizacion,
        c1_0.fecha_creacion,
        c1_0.numero_orden,
        c1_0.titulo,
        m1_0.descripcion,
        m1_0.numero_orden,
        m1_0.titulo,
        ne1_0.id_nota_evaluacion,
        ne1_0.comentario,
        ne1_0.id_evaluacion,
        e1_0.id_evaluacion,
        e1_0.id_curso,
        e1_0.descripcion,
        e1_0.id_modulo,
        e1_0.nombre,
        e1_0.id_tipo_evaluacion,
        ne1_0.puntaje_obtenido,
        ne1_0.puntaje_requerido,
        mc1_0.id_progreso_curso,
        pc1_0.id_progreso_curso,
        pc1_0.id_inscripcion,
        i1_0.id_inscripcion,
        i1_0.id_curso,
        i1_0.esta_aprobado,
        i1_0.id_usuario,
        i1_0.fecha_inscripcion,
        pc1_0.porcentaje_avance,
        pc1_0.tiempo_total_estudio 
    from
        modulo_cursado mc1_0 
    join
        modulo m1_0 
            on m1_0.id_modulo=mc1_0.id_modulo 
    left join
        curso c1_0 
            on c1_0.id_curso=m1_0.id_curso 
    left join
        nota_evaluacion ne1_0 
            on mc1_0.id_modulo_cursado=ne1_0.id_modulo_cursado 
    left join
        evaluacion e1_0 
            on e1_0.id_evaluacion=ne1_0.id_evaluacion 
    join
        progreso_curso pc1_0 
            on pc1_0.id_progreso_curso=mc1_0.id_progreso_curso 
    left join
        inscripcion i1_0 
            on i1_0.id_inscripcion=pc1_0.id_inscripcion 
    where
        mc1_0.id_modulo_cursado=?
Hibernate: 
    select
        e1_0.id_evaluacion,
        e1_0.id_curso,
        c1_0.id_curso,
        c1_0.descripcion,
        c1_0.duracion_horas,
        c1_0.estado,
        c1_0.fecha_actualizacion,
        c1_0.fecha_creacion,
        c1_0.numero_orden,
        c1_0.titulo,
        e1_0.descripcion,
        m1_0.id_modulo,
        m1_0.id_curso,
        c2_0.id_curso,
        c2_0.descripcion,
        c2_0.duracion_horas,
        c2_0.estado,
        c2_0.fecha_actualizacion,
        c2_0.fecha_creacion,
        c2_0.numero_orden,
        c2_0.titulo,
        m1_0.descripcion,
        m1_0.numero_orden,
        m1_0.titulo,
        e1_0.nombre,
        e1_0.id_tipo_evaluacion,
        te1_0.id_tipo_evaluacion,
        te1_0.descripcion,
        te1_0.nombre 
    from
        evaluacion e1_0 
    join
        curso c1_0 
            on c1_0.id_curso=e1_0.id_curso 
    left join
        modulo m1_0 
            on m1_0.id_modulo=e1_0.id_modulo 
    left join
        curso c2_0 
            on c2_0.id_curso=m1_0.id_curso 
    join
        tipo_evaluacion te1_0 
            on te1_0.id_tipo_evaluacion=e1_0.id_tipo_evaluacion 
    where
        e1_0.id_evaluacion=?
Hibernate: 
    select
        mc1_0.id_modulo_cursado,
        mc1_0.esta_aprobado,
        mc1_0.fecha_aprovacion,
        mc1_0.id_modulo,
        m1_0.id_modulo,
        m1_0.id_curso,
        c1_0.id_curso,
        c1_0.descripcion,
        c1_0.duracion_horas,
        c1_0.estado,
        c1_0.fecha_actualizacion,
        c1_0.fecha_creacion,
        c1_0.numero_orden,
        c1_0.titulo,
        m1_0.descripcion,
        m1_0.numero_orden,
        m1_0.titulo,
        ne1_0.id_nota_evaluacion,
        ne1_0.comentario,
        ne1_0.id_evaluacion,
        e1_0.id_evaluacion,
        e1_0.id_curso,
        e1_0.descripcion,
        e1_0.id_modulo,
        e1_0.nombre,
        e1_0.id_tipo_evaluacion,
        ne1_0.puntaje_obtenido,
        ne1_0.puntaje_requerido,
        mc1_0.id_progreso_curso,
        pc1_0.id_progreso_curso,
        pc1_0.id_inscripcion,
        i1_0.id_inscripcion,
        i1_0.id_curso,
        i1_0.esta_aprobado,
        i1_0.id_usuario,
        i1_0.fecha_inscripcion,
        pc1_0.porcentaje_avance,
        pc1_0.tiempo_total_estudio 
    from
        modulo_cursado mc1_0 
    join
        modulo m1_0 
            on m1_0.id_modulo=mc1_0.id_modulo 
    left join
        curso c1_0 
            on c1_0.id_curso=m1_0.id_curso 
    left join
        nota_evaluacion ne1_0 
            on mc1_0.id_modulo_cursado=ne1_0.id_modulo_cursado 
    left join
        evaluacion e1_0 
            on e1_0.id_evaluacion=ne1_0.id_evaluacion 
    join
        progreso_curso pc1_0 
            on pc1_0.id_progreso_curso=mc1_0.id_progreso_curso 
    left join
        inscripcion i1_0 
            on i1_0.id_inscripcion=pc1_0.id_inscripcion 
    where
        mc1_0.id_modulo_cursado=?
Hibernate: 
    select
        e1_0.id_evaluacion,
        e1_0.id_curso,
        c1_0.id_curso,
        c1_0.descripcion,
        c1_0.duracion_horas,
        c1_0.estado,
        c1_0.fecha_actualizacion,
        c1_0.fecha_creacion,
        c1_0.numero_orden,
        c1_0.titulo,
        e1_0.descripcion,
        m1_0.id_modulo,
        m1_0.id_curso,
        c2_0.id_curso,
        c2_0.descripcion,
        c2_0.duracion_horas,
        c2_0.estado,
        c2_0.fecha_actualizacion,
        c2_0.fecha_creacion,
        c2_0.numero_orden,
        c2_0.titulo,
        m1_0.descripcion,
        m1_0.numero_orden,
        m1_0.titulo,
        e1_0.nombre,
        e1_0.id_tipo_evaluacion,
        te1_0.id_tipo_evaluacion,
        te1_0.descripcion,
        te1_0.nombre 
    from
        evaluacion e1_0 
    join
        curso c1_0 
            on c1_0.id_curso=e1_0.id_curso 
    left join
        modulo m1_0 
            on m1_0.id_modulo=e1_0.id_modulo 
    left join
        curso c2_0 
            on c2_0.id_curso=m1_0.id_curso 
    join
        tipo_evaluacion te1_0 
            on te1_0.id_tipo_evaluacion=e1_0.id_tipo_evaluacion 
    where
        e1_0.id_evaluacion=?
Hibernate: 
    select
        mc1_0.id_modulo_cursado,
        mc1_0.esta_aprobado,
        mc1_0.fecha_aprovacion,
        mc1_0.id_modulo,
        m1_0.id_modulo,
        m1_0.id_curso,
        c1_0.id_curso,
        c1_0.descripcion,
        c1_0.duracion_horas,
        c1_0.estado,
        c1_0.fecha_actualizacion,
        c1_0.fecha_creacion,
        c1_0.numero_orden,
        c1_0.titulo,
        m1_0.descripcion,
        m1_0.numero_orden,
        m1_0.titulo,
        ne1_0.id_nota_evaluacion,
        ne1_0.comentario,
        ne1_0.id_evaluacion,
        e1_0.id_evaluacion,
        e1_0.id_curso,
        e1_0.descripcion,
        e1_0.id_modulo,
        e1_0.nombre,
        e1_0.id_tipo_evaluacion,
        ne1_0.puntaje_obtenido,
        ne1_0.puntaje_requerido,
        mc1_0.id_progreso_curso,
        pc1_0.id_progreso_curso,
        pc1_0.id_inscripcion,
        i1_0.id_inscripcion,
        i1_0.id_curso,
        i1_0.esta_aprobado,
        i1_0.id_usuario,
        i1_0.fecha_inscripcion,
        pc1_0.porcentaje_avance,
        pc1_0.tiempo_total_estudio 
    from
        modulo_cursado mc1_0 
    join
        modulo m1_0 
            on m1_0.id_modulo=mc1_0.id_modulo 
    left join
        curso c1_0 
            on c1_0.id_curso=m1_0.id_curso 
    left join
        nota_evaluacion ne1_0 
            on mc1_0.id_modulo_cursado=ne1_0.id_modulo_cursado 
    left join
        evaluacion e1_0 
            on e1_0.id_evaluacion=ne1_0.id_evaluacion 
    join
        progreso_curso pc1_0 
            on pc1_0.id_progreso_curso=mc1_0.id_progreso_curso 
    left join
        inscripcion i1_0 
            on i1_0.id_inscripcion=pc1_0.id_inscripcion 
    where
        mc1_0.id_modulo_cursado=?
Hibernate: 
    select
        e1_0.id_evaluacion,
        e1_0.id_curso,
        c1_0.id_curso,
        c1_0.descripcion,
        c1_0.duracion_horas,
        c1_0.estado,
        c1_0.fecha_actualizacion,
        c1_0.fecha_creacion,
        c1_0.numero_orden,
        c1_0.titulo,
        e1_0.descripcion,
        m1_0.id_modulo,
        m1_0.id_curso,
        c2_0.id_curso,
        c2_0.descripcion,
        c2_0.duracion_horas,
        c2_0.estado,
        c2_0.fecha_actualizacion,
        c2_0.fecha_creacion,
        c2_0.numero_orden,
        c2_0.titulo,
        m1_0.descripcion,
        m1_0.numero_orden,
        m1_0.titulo,
        e1_0.nombre,
        e1_0.id_tipo_evaluacion,
        te1_0.id_tipo_evaluacion,
        te1_0.descripcion,
        te1_0.nombre 
    from
        evaluacion e1_0 
    join
        curso c1_0 
            on c1_0.id_curso=e1_0.id_curso 
    left join
        modulo m1_0 
            on m1_0.id_modulo=e1_0.id_modulo 
    left join
        curso c2_0 
            on c2_0.id_curso=m1_0.id_curso 
    join
        tipo_evaluacion te1_0 
            on te1_0.id_tipo_evaluacion=e1_0.id_tipo_evaluacion 
    where
        e1_0.id_evaluacion=?
Hibernate: 
    select
        mc1_0.id_modulo_cursado,
        mc1_0.esta_aprobado,
        mc1_0.fecha_aprovacion,
        mc1_0.id_modulo,
        m1_0.id_modulo,
        m1_0.id_curso,
        c1_0.id_curso,
        c1_0.descripcion,
        c1_0.duracion_horas,
        c1_0.estado,
        c1_0.fecha_actualizacion,
        c1_0.fecha_creacion,
        c1_0.numero_orden,
        c1_0.titulo,
        m1_0.descripcion,
        m1_0.numero_orden,
        m1_0.titulo,
        ne1_0.id_nota_evaluacion,
        ne1_0.comentario,
        ne1_0.id_evaluacion,
        e1_0.id_evaluacion,
        e1_0.id_curso,
        e1_0.descripcion,
        e1_0.id_modulo,
        e1_0.nombre,
        e1_0.id_tipo_evaluacion,
        ne1_0.puntaje_obtenido,
        ne1_0.puntaje_requerido,
        mc1_0.id_progreso_curso,
        pc1_0.id_progreso_curso,
        pc1_0.id_inscripcion,
        i1_0.id_inscripcion,
        i1_0.id_curso,
        i1_0.esta_aprobado,
        i1_0.id_usuario,
        i1_0.fecha_inscripcion,
        pc1_0.porcentaje_avance,
        pc1_0.tiempo_total_estudio 
    from
        modulo_cursado mc1_0 
    join
        modulo m1_0 
            on m1_0.id_modulo=mc1_0.id_modulo 
    left join
        curso c1_0 
            on c1_0.id_curso=m1_0.id_curso 
    left join
        nota_evaluacion ne1_0 
            on mc1_0.id_modulo_cursado=ne1_0.id_modulo_cursado 
    left join
        evaluacion e1_0 
            on e1_0.id_evaluacion=ne1_0.id_evaluacion 
    join
        progreso_curso pc1_0 
            on pc1_0.id_progreso_curso=mc1_0.id_progreso_curso 
    left join
        inscripcion i1_0 
            on i1_0.id_inscripcion=pc1_0.id_inscripcion 
    where
        mc1_0.id_modulo_cursado=?
Hibernate: 
    select
        mc1_0.id_modulo_cursado,
        mc1_0.esta_aprobado,
        mc1_0.fecha_aprovacion,
        mc1_0.id_modulo,
        m1_0.id_modulo,
        m1_0.id_curso,
        c1_0.id_curso,
        c1_0.descripcion,
        c1_0.duracion_horas,
        c1_0.estado,
        c1_0.fecha_actualizacion,
        c1_0.fecha_creacion,
        c1_0.numero_orden,
        c1_0.titulo,
        m1_0.descripcion,
        m1_0.numero_orden,
        m1_0.titulo,
        ne1_0.id_nota_evaluacion,
        ne1_0.comentario,
        ne1_0.id_evaluacion,
        e1_0.id_evaluacion,
        e1_0.id_curso,
        e1_0.descripcion,
        e1_0.id_modulo,
        e1_0.nombre,
        e1_0.id_tipo_evaluacion,
        ne1_0.puntaje_obtenido,
        ne1_0.puntaje_requerido,
        mc1_0.id_progreso_curso,
        pc1_0.id_progreso_curso,
        pc1_0.id_inscripcion,
        i1_0.id_inscripcion,
        i1_0.id_curso,
        i1_0.esta_aprobado,
        i1_0.id_usuario,
        i1_0.fecha_inscripcion,
        pc1_0.porcentaje_avance,
        pc1_0.tiempo_total_estudio 
    from
        modulo_cursado mc1_0 
    join
        modulo m1_0 
            on m1_0.id_modulo=mc1_0.id_modulo 
    left join
        curso c1_0 
            on c1_0.id_curso=m1_0.id_curso 
    left join
        nota_evaluacion ne1_0 
            on mc1_0.id_modulo_cursado=ne1_0.id_modulo_cursado 
    left join
        evaluacion e1_0 
            on e1_0.id_evaluacion=ne1_0.id_evaluacion 
    join
        progreso_curso pc1_0 
            on pc1_0.id_progreso_curso=mc1_0.id_progreso_curso 
    left join
        inscripcion i1_0 
            on i1_0.id_inscripcion=pc1_0.id_inscripcion 
    where
        mc1_0.id_modulo_cursado=?
Hibernate: 
    delete 
    from
        nota_evaluacion 
    where
        id_nota_evaluacion=?
Hibernate: 
    delete 
    from
        nota_evaluacion 
    where
        id_nota_evaluacion=?
Hibernate: 
    delete 
    from
        nota_evaluacion 
    where
        id_nota_evaluacion=?
Hibernate: 
    delete 
    from
        nota_evaluacion 
    where
        id_nota_evaluacion=?
Hibernate: 
    delete 
    from
        nota_evaluacion 
    where
        id_nota_evaluacion=?
Hibernate: 
    delete 
    from
        nota_evaluacion 
    where
        id_nota_evaluacion=?
Hibernate: 
    delete 
    from
        nota_evaluacion 
    where
        id_nota_evaluacion=?
Hibernate: 
    select
        mc1_0.id_modulo_cursado,
        mc1_0.esta_aprobado,
        mc1_0.fecha_aprovacion,
        mc1_0.id_modulo,
        mc1_0.id_progreso_curso 
    from
        modulo_cursado mc1_0
Hibernate: 
    select
        m1_0.id_modulo,
        m1_0.id_curso,
        c1_0.id_curso,
        c1_0.descripcion,
        c1_0.duracion_horas,
        c1_0.estado,
        c1_0.fecha_actualizacion,
        c1_0.fecha_creacion,
        c1_0.numero_orden,
        c1_0.titulo,
        m1_0.descripcion,
        m1_0.numero_orden,
        m1_0.titulo 
    from
        modulo m1_0 
    join
        curso c1_0 
            on c1_0.id_curso=m1_0.id_curso 
    where
        m1_0.id_modulo=?
Hibernate: 
    select
        ne1_0.id_nota_evaluacion,
        ne1_0.comentario,
        ne1_0.id_evaluacion,
        e1_0.id_evaluacion,
        e1_0.id_curso,
        c1_0.id_curso,
        c1_0.descripcion,
        c1_0.duracion_horas,
        c1_0.estado,
        c1_0.fecha_actualizacion,
        c1_0.fecha_creacion,
        c1_0.numero_orden,
        c1_0.titulo,
        e1_0.descripcion,
        m1_0.id_modulo,
        m1_0.id_curso,
        m1_0.descripcion,
        m1_0.numero_orden,
        m1_0.titulo,
        e1_0.nombre,
        e1_0.id_tipo_evaluacion,
        te1_0.id_tipo_evaluacion,
        te1_0.descripcion,
        te1_0.nombre,
        mc1_0.id_modulo_cursado,
        mc1_0.esta_aprobado,
        mc1_0.fecha_aprovacion,
        mc1_0.id_modulo,
        m2_0.id_modulo,
        m2_0.id_curso,
        m2_0.descripcion,
        m2_0.numero_orden,
        m2_0.titulo,
        mc1_0.id_progreso_curso,
        pc1_0.id_progreso_curso,
        pc1_0.id_inscripcion,
        pc1_0.porcentaje_avance,
        pc1_0.tiempo_total_estudio,
        ne1_0.puntaje_obtenido,
        ne1_0.puntaje_requerido 
    from
        nota_evaluacion ne1_0 
    join
        evaluacion e1_0 
            on e1_0.id_evaluacion=ne1_0.id_evaluacion 
    left join
        curso c1_0 
            on c1_0.id_curso=e1_0.id_curso 
    left join
        modulo m1_0 
            on m1_0.id_modulo=e1_0.id_modulo 
    left join
        tipo_evaluacion te1_0 
            on te1_0.id_tipo_evaluacion=e1_0.id_tipo_evaluacion 
    left join
        modulo_cursado mc1_0 
            on mc1_0.id_modulo_cursado=ne1_0.id_modulo_cursado 
    left join
        modulo m2_0 
            on m2_0.id_modulo=mc1_0.id_modulo 
    left join
        progreso_curso pc1_0 
            on pc1_0.id_progreso_curso=mc1_0.id_progreso_curso 
    where
        ne1_0.id_modulo_cursado=?
Hibernate: 
    select
        pc1_0.id_progreso_curso,
        pc1_0.id_inscripcion,
        i1_0.id_inscripcion,
        i1_0.id_curso,
        c1_0.id_curso,
        c1_0.descripcion,
        c1_0.duracion_horas,
        c1_0.estado,
        c1_0.fecha_actualizacion,
        c1_0.fecha_creacion,
        c1_0.numero_orden,
        c1_0.titulo,
        i1_0.esta_aprobado,
        i1_0.id_usuario,
        i1_0.fecha_inscripcion,
        pc1_0.porcentaje_avance,
        pc1_0.tiempo_total_estudio 
    from
        progreso_curso pc1_0 
    join
        inscripcion i1_0 
            on i1_0.id_inscripcion=pc1_0.id_inscripcion 
    left join
        curso c1_0 
            on c1_0.id_curso=i1_0.id_curso 
    where
        pc1_0.id_progreso_curso=?
Hibernate: 
    select
        m1_0.id_modulo,
        m1_0.id_curso,
        c1_0.id_curso,
        c1_0.descripcion,
        c1_0.duracion_horas,
        c1_0.estado,
        c1_0.fecha_actualizacion,
        c1_0.fecha_creacion,
        c1_0.numero_orden,
        c1_0.titulo,
        m1_0.descripcion,
        m1_0.numero_orden,
        m1_0.titulo 
    from
        modulo m1_0 
    join
        curso c1_0 
            on c1_0.id_curso=m1_0.id_curso 
    where
        m1_0.id_modulo=?
Hibernate: 
    select
        ne1_0.id_nota_evaluacion,
        ne1_0.comentario,
        ne1_0.id_evaluacion,
        e1_0.id_evaluacion,
        e1_0.id_curso,
        c1_0.id_curso,
        c1_0.descripcion,
        c1_0.duracion_horas,
        c1_0.estado,
        c1_0.fecha_actualizacion,
        c1_0.fecha_creacion,
        c1_0.numero_orden,
        c1_0.titulo,
        e1_0.descripcion,
        m1_0.id_modulo,
        m1_0.id_curso,
        m1_0.descripcion,
        m1_0.numero_orden,
        m1_0.titulo,
        e1_0.nombre,
        e1_0.id_tipo_evaluacion,
        te1_0.id_tipo_evaluacion,
        te1_0.descripcion,
        te1_0.nombre,
        mc1_0.id_modulo_cursado,
        mc1_0.esta_aprobado,
        mc1_0.fecha_aprovacion,
        mc1_0.id_modulo,
        m2_0.id_modulo,
        m2_0.id_curso,
        m2_0.descripcion,
        m2_0.numero_orden,
        m2_0.titulo,
        mc1_0.id_progreso_curso,
        pc1_0.id_progreso_curso,
        pc1_0.id_inscripcion,
        pc1_0.porcentaje_avance,
        pc1_0.tiempo_total_estudio,
        ne1_0.puntaje_obtenido,
        ne1_0.puntaje_requerido 
    from
        nota_evaluacion ne1_0 
    join
        evaluacion e1_0 
            on e1_0.id_evaluacion=ne1_0.id_evaluacion 
    left join
        curso c1_0 
            on c1_0.id_curso=e1_0.id_curso 
    left join
        modulo m1_0 
            on m1_0.id_modulo=e1_0.id_modulo 
    left join
        tipo_evaluacion te1_0 
            on te1_0.id_tipo_evaluacion=e1_0.id_tipo_evaluacion 
    left join
        modulo_cursado mc1_0 
            on mc1_0.id_modulo_cursado=ne1_0.id_modulo_cursado 
    left join
        modulo m2_0 
            on m2_0.id_modulo=mc1_0.id_modulo 
    left join
        progreso_curso pc1_0 
            on pc1_0.id_progreso_curso=mc1_0.id_progreso_curso 
    where
        ne1_0.id_modulo_cursado=?
Hibernate: 
    select
        pc1_0.id_progreso_curso,
        pc1_0.id_inscripcion,
        i1_0.id_inscripcion,
        i1_0.id_curso,
        c1_0.id_curso,
        c1_0.descripcion,
        c1_0.duracion_horas,
        c1_0.estado,
        c1_0.fecha_actualizacion,
        c1_0.fecha_creacion,
        c1_0.numero_orden,
        c1_0.titulo,
        i1_0.esta_aprobado,
        i1_0.id_usuario,
        i1_0.fecha_inscripcion,
        pc1_0.porcentaje_avance,
        pc1_0.tiempo_total_estudio 
    from
        progreso_curso pc1_0 
    join
        inscripcion i1_0 
            on i1_0.id_inscripcion=pc1_0.id_inscripcion 
    left join
        curso c1_0 
            on c1_0.id_curso=i1_0.id_curso 
    where
        pc1_0.id_progreso_curso=?
Hibernate: 
    select
        m1_0.id_modulo,
        m1_0.id_curso,
        c1_0.id_curso,
        c1_0.descripcion,
        c1_0.duracion_horas,
        c1_0.estado,
        c1_0.fecha_actualizacion,
        c1_0.fecha_creacion,
        c1_0.numero_orden,
        c1_0.titulo,
        m1_0.descripcion,
        m1_0.numero_orden,
        m1_0.titulo 
    from
        modulo m1_0 
    join
        curso c1_0 
            on c1_0.id_curso=m1_0.id_curso 
    where
        m1_0.id_modulo=?
Hibernate: 
    select
        ne1_0.id_nota_evaluacion,
        ne1_0.comentario,
        ne1_0.id_evaluacion,
        e1_0.id_evaluacion,
        e1_0.id_curso,
        c1_0.id_curso,
        c1_0.descripcion,
        c1_0.duracion_horas,
        c1_0.estado,
        c1_0.fecha_actualizacion,
        c1_0.fecha_creacion,
        c1_0.numero_orden,
        c1_0.titulo,
        e1_0.descripcion,
        m1_0.id_modulo,
        m1_0.id_curso,
        m1_0.descripcion,
        m1_0.numero_orden,
        m1_0.titulo,
        e1_0.nombre,
        e1_0.id_tipo_evaluacion,
        te1_0.id_tipo_evaluacion,
        te1_0.descripcion,
        te1_0.nombre,
        mc1_0.id_modulo_cursado,
        mc1_0.esta_aprobado,
        mc1_0.fecha_aprovacion,
        mc1_0.id_modulo,
        m2_0.id_modulo,
        m2_0.id_curso,
        m2_0.descripcion,
        m2_0.numero_orden,
        m2_0.titulo,
        mc1_0.id_progreso_curso,
        pc1_0.id_progreso_curso,
        pc1_0.id_inscripcion,
        pc1_0.porcentaje_avance,
        pc1_0.tiempo_total_estudio,
        ne1_0.puntaje_obtenido,
        ne1_0.puntaje_requerido 
    from
        nota_evaluacion ne1_0 
    join
        evaluacion e1_0 
            on e1_0.id_evaluacion=ne1_0.id_evaluacion 
    left join
        curso c1_0 
            on c1_0.id_curso=e1_0.id_curso 
    left join
        modulo m1_0 
            on m1_0.id_modulo=e1_0.id_modulo 
    left join
        tipo_evaluacion te1_0 
            on te1_0.id_tipo_evaluacion=e1_0.id_tipo_evaluacion 
    left join
        modulo_cursado mc1_0 
            on mc1_0.id_modulo_cursado=ne1_0.id_modulo_cursado 
    left join
        modulo m2_0 
            on m2_0.id_modulo=mc1_0.id_modulo 
    left join
        progreso_curso pc1_0 
            on pc1_0.id_progreso_curso=mc1_0.id_progreso_curso 
    where
        ne1_0.id_modulo_cursado=?
Hibernate: 
    select
        m1_0.id_modulo,
        m1_0.id_curso,
        c1_0.id_curso,
        c1_0.descripcion,
        c1_0.duracion_horas,
        c1_0.estado,
        c1_0.fecha_actualizacion,
        c1_0.fecha_creacion,
        c1_0.numero_orden,
        c1_0.titulo,
        m1_0.descripcion,
        m1_0.numero_orden,
        m1_0.titulo 
    from
        modulo m1_0 
    join
        curso c1_0 
            on c1_0.id_curso=m1_0.id_curso 
    where
        m1_0.id_modulo=?
Hibernate: 
    select
        ne1_0.id_nota_evaluacion,
        ne1_0.comentario,
        ne1_0.id_evaluacion,
        e1_0.id_evaluacion,
        e1_0.id_curso,
        c1_0.id_curso,
        c1_0.descripcion,
        c1_0.duracion_horas,
        c1_0.estado,
        c1_0.fecha_actualizacion,
        c1_0.fecha_creacion,
        c1_0.numero_orden,
        c1_0.titulo,
        e1_0.descripcion,
        m1_0.id_modulo,
        m1_0.id_curso,
        m1_0.descripcion,
        m1_0.numero_orden,
        m1_0.titulo,
        e1_0.nombre,
        e1_0.id_tipo_evaluacion,
        te1_0.id_tipo_evaluacion,
        te1_0.descripcion,
        te1_0.nombre,
        mc1_0.id_modulo_cursado,
        mc1_0.esta_aprobado,
        mc1_0.fecha_aprovacion,
        mc1_0.id_modulo,
        m2_0.id_modulo,
        m2_0.id_curso,
        m2_0.descripcion,
        m2_0.numero_orden,
        m2_0.titulo,
        mc1_0.id_progreso_curso,
        pc1_0.id_progreso_curso,
        pc1_0.id_inscripcion,
        pc1_0.porcentaje_avance,
        pc1_0.tiempo_total_estudio,
        ne1_0.puntaje_obtenido,
        ne1_0.puntaje_requerido 
    from
        nota_evaluacion ne1_0 
    join
        evaluacion e1_0 
            on e1_0.id_evaluacion=ne1_0.id_evaluacion 
    left join
        curso c1_0 
            on c1_0.id_curso=e1_0.id_curso 
    left join
        modulo m1_0 
            on m1_0.id_modulo=e1_0.id_modulo 
    left join
        tipo_evaluacion te1_0 
            on te1_0.id_tipo_evaluacion=e1_0.id_tipo_evaluacion 
    left join
        modulo_cursado mc1_0 
            on mc1_0.id_modulo_cursado=ne1_0.id_modulo_cursado 
    left join
        modulo m2_0 
            on m2_0.id_modulo=mc1_0.id_modulo 
    left join
        progreso_curso pc1_0 
            on pc1_0.id_progreso_curso=mc1_0.id_progreso_curso 
    where
        ne1_0.id_modulo_cursado=?
Hibernate: 
    select
        ne1_0.id_nota_evaluacion,
        ne1_0.comentario,
        ne1_0.id_evaluacion,
        e1_0.id_evaluacion,
        e1_0.id_curso,
        c1_0.id_curso,
        c1_0.descripcion,
        c1_0.duracion_horas,
        c1_0.estado,
        c1_0.fecha_actualizacion,
        c1_0.fecha_creacion,
        c1_0.numero_orden,
        c1_0.titulo,
        e1_0.descripcion,
        m1_0.id_modulo,
        m1_0.id_curso,
        m1_0.descripcion,
        m1_0.numero_orden,
        m1_0.titulo,
        e1_0.nombre,
        e1_0.id_tipo_evaluacion,
        te1_0.id_tipo_evaluacion,
        te1_0.descripcion,
        te1_0.nombre,
        mc1_0.id_modulo_cursado,
        mc1_0.esta_aprobado,
        mc1_0.fecha_aprovacion,
        mc1_0.id_modulo,
        m2_0.id_modulo,
        m2_0.id_curso,
        m2_0.descripcion,
        m2_0.numero_orden,
        m2_0.titulo,
        mc1_0.id_progreso_curso,
        pc1_0.id_progreso_curso,
        pc1_0.id_inscripcion,
        pc1_0.porcentaje_avance,
        pc1_0.tiempo_total_estudio,
        ne1_0.puntaje_obtenido,
        ne1_0.puntaje_requerido 
    from
        nota_evaluacion ne1_0 
    join
        evaluacion e1_0 
            on e1_0.id_evaluacion=ne1_0.id_evaluacion 
    left join
        curso c1_0 
            on c1_0.id_curso=e1_0.id_curso 
    left join
        modulo m1_0 
            on m1_0.id_modulo=e1_0.id_modulo 
    left join
        tipo_evaluacion te1_0 
            on te1_0.id_tipo_evaluacion=e1_0.id_tipo_evaluacion 
    left join
        modulo_cursado mc1_0 
            on mc1_0.id_modulo_cursado=ne1_0.id_modulo_cursado 
    left join
        modulo m2_0 
            on m2_0.id_modulo=mc1_0.id_modulo 
    left join
        progreso_curso pc1_0 
            on pc1_0.id_progreso_curso=mc1_0.id_progreso_curso 
    where
        ne1_0.id_modulo_cursado=?
Hibernate: 
    select
        pc1_0.id_progreso_curso,
        pc1_0.id_inscripcion,
        i1_0.id_inscripcion,
        i1_0.id_curso,
        c1_0.id_curso,
        c1_0.descripcion,
        c1_0.duracion_horas,
        c1_0.estado,
        c1_0.fecha_actualizacion,
        c1_0.fecha_creacion,
        c1_0.numero_orden,
        c1_0.titulo,
        i1_0.esta_aprobado,
        i1_0.id_usuario,
        i1_0.fecha_inscripcion,
        pc1_0.porcentaje_avance,
        pc1_0.tiempo_total_estudio 
    from
        progreso_curso pc1_0 
    join
        inscripcion i1_0 
            on i1_0.id_inscripcion=pc1_0.id_inscripcion 
    left join
        curso c1_0 
            on c1_0.id_curso=i1_0.id_curso 
    where
        pc1_0.id_progreso_curso=?
Hibernate: 
    select
        m1_0.id_modulo,
        m1_0.id_curso,
        c1_0.id_curso,
        c1_0.descripcion,
        c1_0.duracion_horas,
        c1_0.estado,
        c1_0.fecha_actualizacion,
        c1_0.fecha_creacion,
        c1_0.numero_orden,
        c1_0.titulo,
        m1_0.descripcion,
        m1_0.numero_orden,
        m1_0.titulo 
    from
        modulo m1_0 
    join
        curso c1_0 
            on c1_0.id_curso=m1_0.id_curso 
    where
        m1_0.id_modulo=?
Hibernate: 
    select
        ne1_0.id_nota_evaluacion,
        ne1_0.comentario,
        ne1_0.id_evaluacion,
        e1_0.id_evaluacion,
        e1_0.id_curso,
        c1_0.id_curso,
        c1_0.descripcion,
        c1_0.duracion_horas,
        c1_0.estado,
        c1_0.fecha_actualizacion,
        c1_0.fecha_creacion,
        c1_0.numero_orden,
        c1_0.titulo,
        e1_0.descripcion,
        m1_0.id_modulo,
        m1_0.id_curso,
        m1_0.descripcion,
        m1_0.numero_orden,
        m1_0.titulo,
        e1_0.nombre,
        e1_0.id_tipo_evaluacion,
        te1_0.id_tipo_evaluacion,
        te1_0.descripcion,
        te1_0.nombre,
        mc1_0.id_modulo_cursado,
        mc1_0.esta_aprobado,
        mc1_0.fecha_aprovacion,
        mc1_0.id_modulo,
        m2_0.id_modulo,
        m2_0.id_curso,
        m2_0.descripcion,
        m2_0.numero_orden,
        m2_0.titulo,
        mc1_0.id_progreso_curso,
        pc1_0.id_progreso_curso,
        pc1_0.id_inscripcion,
        pc1_0.porcentaje_avance,
        pc1_0.tiempo_total_estudio,
        ne1_0.puntaje_obtenido,
        ne1_0.puntaje_requerido 
    from
        nota_evaluacion ne1_0 
    join
        evaluacion e1_0 
            on e1_0.id_evaluacion=ne1_0.id_evaluacion 
    left join
        curso c1_0 
            on c1_0.id_curso=e1_0.id_curso 
    left join
        modulo m1_0 
            on m1_0.id_modulo=e1_0.id_modulo 
    left join
        tipo_evaluacion te1_0 
            on te1_0.id_tipo_evaluacion=e1_0.id_tipo_evaluacion 
    left join
        modulo_cursado mc1_0 
            on mc1_0.id_modulo_cursado=ne1_0.id_modulo_cursado 
    left join
        modulo m2_0 
            on m2_0.id_modulo=mc1_0.id_modulo 
    left join
        progreso_curso pc1_0 
            on pc1_0.id_progreso_curso=mc1_0.id_progreso_curso 
    where
        ne1_0.id_modulo_cursado=?
Hibernate: 
    select
        pc1_0.id_progreso_curso,
        pc1_0.id_inscripcion,
        i1_0.id_inscripcion,
        i1_0.id_curso,
        c1_0.id_curso,
        c1_0.descripcion,
        c1_0.duracion_horas,
        c1_0.estado,
        c1_0.fecha_actualizacion,
        c1_0.fecha_creacion,
        c1_0.numero_orden,
        c1_0.titulo,
        i1_0.esta_aprobado,
        i1_0.id_usuario,
        i1_0.fecha_inscripcion,
        pc1_0.porcentaje_avance,
        pc1_0.tiempo_total_estudio 
    from
        progreso_curso pc1_0 
    join
        inscripcion i1_0 
            on i1_0.id_inscripcion=pc1_0.id_inscripcion 
    left join
        curso c1_0 
            on c1_0.id_curso=i1_0.id_curso 
    where
        pc1_0.id_progreso_curso=?
Hibernate: 
    select
        m1_0.id_modulo,
        m1_0.id_curso,
        c1_0.id_curso,
        c1_0.descripcion,
        c1_0.duracion_horas,
        c1_0.estado,
        c1_0.fecha_actualizacion,
        c1_0.fecha_creacion,
        c1_0.numero_orden,
        c1_0.titulo,
        m1_0.descripcion,
        m1_0.numero_orden,
        m1_0.titulo 
    from
        modulo m1_0 
    join
        curso c1_0 
            on c1_0.id_curso=m1_0.id_curso 
    where
        m1_0.id_modulo=?
Hibernate: 
    select
        ne1_0.id_nota_evaluacion,
        ne1_0.comentario,
        ne1_0.id_evaluacion,
        e1_0.id_evaluacion,
        e1_0.id_curso,
        c1_0.id_curso,
        c1_0.descripcion,
        c1_0.duracion_horas,
        c1_0.estado,
        c1_0.fecha_actualizacion,
        c1_0.fecha_creacion,
        c1_0.numero_orden,
        c1_0.titulo,
        e1_0.descripcion,
        m1_0.id_modulo,
        m1_0.id_curso,
        m1_0.descripcion,
        m1_0.numero_orden,
        m1_0.titulo,
        e1_0.nombre,
        e1_0.id_tipo_evaluacion,
        te1_0.id_tipo_evaluacion,
        te1_0.descripcion,
        te1_0.nombre,
        mc1_0.id_modulo_cursado,
        mc1_0.esta_aprobado,
        mc1_0.fecha_aprovacion,
        mc1_0.id_modulo,
        m2_0.id_modulo,
        m2_0.id_curso,
        m2_0.descripcion,
        m2_0.numero_orden,
        m2_0.titulo,
        mc1_0.id_progreso_curso,
        pc1_0.id_progreso_curso,
        pc1_0.id_inscripcion,
        pc1_0.porcentaje_avance,
        pc1_0.tiempo_total_estudio,
        ne1_0.puntaje_obtenido,
        ne1_0.puntaje_requerido 
    from
        nota_evaluacion ne1_0 
    join
        evaluacion e1_0 
            on e1_0.id_evaluacion=ne1_0.id_evaluacion 
    left join
        curso c1_0 
            on c1_0.id_curso=e1_0.id_curso 
    left join
        modulo m1_0 
            on m1_0.id_modulo=e1_0.id_modulo 
    left join
        tipo_evaluacion te1_0 
            on te1_0.id_tipo_evaluacion=e1_0.id_tipo_evaluacion 
    left join
        modulo_cursado mc1_0 
            on mc1_0.id_modulo_cursado=ne1_0.id_modulo_cursado 
    left join
        modulo m2_0 
            on m2_0.id_modulo=mc1_0.id_modulo 
    left join
        progreso_curso pc1_0 
            on pc1_0.id_progreso_curso=mc1_0.id_progreso_curso 
    where
        ne1_0.id_modulo_cursado=?
Hibernate: 
    delete 
    from
        modulo_cursado 
    where
        id_modulo_cursado=?
Hibernate: 
    delete 
    from
        modulo_cursado 
    where
        id_modulo_cursado=?
Hibernate: 
    delete 
    from
        modulo_cursado 
    where
        id_modulo_cursado=?
Hibernate: 
    delete 
    from
        modulo_cursado 
    where
        id_modulo_cursado=?
Hibernate: 
    delete 
    from
        modulo_cursado 
    where
        id_modulo_cursado=?
Hibernate: 
    delete 
    from
        modulo_cursado 
    where
        id_modulo_cursado=?
Hibernate: 
    delete 
    from
        modulo_cursado 
    where
        id_modulo_cursado=?
Hibernate: 
    select
        ic1_0.id_instructor_curso,
        ic1_0.id_curso,
        ic1_0.fecha_otorgacion,
        ic1_0.id_usuario 
    from
        instructor_curso ic1_0
Hibernate: 
    select
        i1_0.id_inscripcion,
        i1_0.id_curso,
        i1_0.esta_aprobado,
        i1_0.id_usuario,
        i1_0.fecha_inscripcion 
    from
        inscripcion i1_0
Hibernate: 
    select
        c1_0.id_curso,
        c1_0.descripcion,
        c1_0.duracion_horas,
        c1_0.estado,
        c1_0.fecha_actualizacion,
        c1_0.fecha_creacion,
        c1_0.numero_orden,
        c1_0.titulo 
    from
        curso c1_0 
    where
        c1_0.id_curso=?
Hibernate: 
    select
        c1_0.id_curso,
        c1_0.descripcion,
        c1_0.duracion_horas,
        c1_0.estado,
        c1_0.fecha_actualizacion,
        c1_0.fecha_creacion,
        c1_0.numero_orden,
        c1_0.titulo 
    from
        curso c1_0 
    where
        c1_0.id_curso=?
Hibernate: 
    select
        c1_0.id_curso,
        c1_0.descripcion,
        c1_0.duracion_horas,
        c1_0.estado,
        c1_0.fecha_actualizacion,
        c1_0.fecha_creacion,
        c1_0.numero_orden,
        c1_0.titulo 
    from
        curso c1_0 
    where
        c1_0.id_curso=?
Hibernate: 
    select
        c1_0.id_curso,
        c1_0.descripcion,
        c1_0.duracion_horas,
        c1_0.estado,
        c1_0.fecha_actualizacion,
        c1_0.fecha_creacion,
        c1_0.numero_orden,
        c1_0.titulo 
    from
        curso c1_0 
    where
        c1_0.id_curso=?
Hibernate: 
    delete 
    from
        inscripcion 
    where
        id_inscripcion=?
2025-07-01T18:13:00.482-04:00  WARN 20644 --- [cursos-inscripciones-service] [           main] o.h.engine.jdbc.spi.SqlExceptionHelper   : SQL Error: 1451, SQLState: 23000
2025-07-01T18:13:00.482-04:00 ERROR 20644 --- [cursos-inscripciones-service] [           main] o.h.engine.jdbc.spi.SqlExceptionHelper   : Cannot delete or update a parent row: a foreign key constraint fails (`db_curso_test`.`progreso_curso`, CONSTRAINT `fk_progreso_curso_inscripcion` FOREIGN KEY (`id_inscripcion`) REFERENCES `inscripcion` (`id_inscripcion`))
2025-07-01T18:13:00.492-04:00  INFO 20644 --- [cursos-inscripciones-service] [           main] .s.b.a.l.ConditionEvaluationReportLogger : 

Error starting ApplicationContext. To display the condition evaluation report re-run your application with 'debug' enabled.
2025-07-01T18:13:00.492-04:00 ERROR 20644 --- [cursos-inscripciones-service] [           main] o.s.boot.SpringApplication               : Application run failed

org.springframework.dao.DataIntegrityViolationException: could not execute statement [Cannot delete or update a parent row: a foreign key constraint fails (`db_curso_test`.`progreso_curso`, CONSTRAINT `fk_progreso_curso_inscripcion` FOREIGN KEY (`id_inscripcion`) REFERENCES `inscripcion` (`id_inscripcion`))] [delete from inscripcion where id_inscripcion=?]; SQL [delete from inscripcion where id_inscripcion=?]; constraint [null]
	at org.springframework.orm.jpa.vendor.HibernateJpaDialect.convertHibernateAccessException(HibernateJpaDialect.java:290) ~[spring-orm-6.1.19.jar:6.1.19]
	at org.springframework.orm.jpa.vendor.HibernateJpaDialect.translateExceptionIfPossible(HibernateJpaDialect.java:241) ~[spring-orm-6.1.19.jar:6.1.19]
	at org.springframework.orm.jpa.JpaTransactionManager.doCommit(JpaTransactionManager.java:566) ~[spring-orm-6.1.19.jar:6.1.19]
	at org.springframework.transaction.support.AbstractPlatformTransactionManager.processCommit(AbstractPlatformTransactionManager.java:795) ~[spring-tx-6.1.19.jar:6.1.19]
	at org.springframework.transaction.support.AbstractPlatformTransactionManager.commit(AbstractPlatformTransactionManager.java:758) ~[spring-tx-6.1.19.jar:6.1.19]
	at org.springframework.transaction.interceptor.TransactionAspectSupport.commitTransactionAfterReturning(TransactionAspectSupport.java:663) ~[spring-tx-6.1.19.jar:6.1.19]
	at org.springframework.transaction.interceptor.TransactionAspectSupport.invokeWithinTransaction(TransactionAspectSupport.java:413) ~[spring-tx-6.1.19.jar:6.1.19]
	at org.springframework.transaction.interceptor.TransactionInterceptor.invoke(TransactionInterceptor.java:119) ~[spring-tx-6.1.19.jar:6.1.19]
	at org.springframework.aop.framework.ReflectiveMethodInvocation.proceed(ReflectiveMethodInvocation.java:184) ~[spring-aop-6.1.19.jar:6.1.19]
	at org.springframework.dao.support.PersistenceExceptionTranslationInterceptor.invoke(PersistenceExceptionTranslationInterceptor.java:138) ~[spring-tx-6.1.19.jar:6.1.19]
	at org.springframework.aop.framework.ReflectiveMethodInvocation.proceed(ReflectiveMethodInvocation.java:184) ~[spring-aop-6.1.19.jar:6.1.19]
	at org.springframework.data.jpa.repository.support.CrudMethodMetadataPostProcessor$CrudMethodMetadataPopulatingMethodInterceptor.invoke(CrudMethodMetadataPostProcessor.java:165) ~[spring-data-jpa-3.3.11.jar:3.3.11]
	at org.springframework.aop.framework.ReflectiveMethodInvocation.proceed(ReflectiveMethodInvocation.java:184) ~[spring-aop-6.1.19.jar:6.1.19]
	at org.springframework.aop.interceptor.ExposeInvocationInterceptor.invoke(ExposeInvocationInterceptor.java:97) ~[spring-aop-6.1.19.jar:6.1.19]
	at org.springframework.aop.framework.ReflectiveMethodInvocation.proceed(ReflectiveMethodInvocation.java:184) ~[spring-aop-6.1.19.jar:6.1.19]
	at org.springframework.aop.framework.JdkDynamicAopProxy.invoke(JdkDynamicAopProxy.java:223) ~[spring-aop-6.1.19.jar:6.1.19]
	at jdk.proxy2/jdk.proxy2.$Proxy198.deleteAll(Unknown Source) ~[na:na]
	at com.edutech.cursos_inscripciones_service.DataLoader.limpiarBaseDeDatos(DataLoader.java:243) ~[classes/:na]
	at com.edutech.cursos_inscripciones_service.DataLoader.run(DataLoader.java:57) ~[classes/:na]
	at org.springframework.boot.SpringApplication.lambda$callRunner$5(SpringApplication.java:791) ~[spring-boot-3.3.11.jar:3.3.11]
	at org.springframework.util.function.ThrowingConsumer$1.acceptWithException(ThrowingConsumer.java:82) ~[spring-core-6.1.19.jar:6.1.19]
	at org.springframework.util.function.ThrowingConsumer.accept(ThrowingConsumer.java:60) ~[spring-core-6.1.19.jar:6.1.19]
	at org.springframework.util.function.ThrowingConsumer$1.accept(ThrowingConsumer.java:86) ~[spring-core-6.1.19.jar:6.1.19]
	at org.springframework.boot.SpringApplication.callRunner(SpringApplication.java:799) ~[spring-boot-3.3.11.jar:3.3.11]
	at org.springframework.boot.SpringApplication.callRunner(SpringApplication.java:790) ~[spring-boot-3.3.11.jar:3.3.11]
	at org.springframework.boot.SpringApplication.lambda$callRunners$3(SpringApplication.java:775) ~[spring-boot-3.3.11.jar:3.3.11]
	at java.base/java.util.stream.ForEachOps$ForEachOp$OfRef.accept(ForEachOps.java:183) ~[na:na]
	at java.base/java.util.stream.SortedOps$SizedRefSortingSink.end(SortedOps.java:357) ~[na:na]
	at java.base/java.util.stream.AbstractPipeline.copyInto(AbstractPipeline.java:510) ~[na:na]
	at java.base/java.util.stream.AbstractPipeline.wrapAndCopyInto(AbstractPipeline.java:499) ~[na:na]
	at java.base/java.util.stream.ForEachOps$ForEachOp.evaluateSequential(ForEachOps.java:150) ~[na:na]
	at java.base/java.util.stream.ForEachOps$ForEachOp$OfRef.evaluateSequential(ForEachOps.java:173) ~[na:na]
	at java.base/java.util.stream.AbstractPipeline.evaluate(AbstractPipeline.java:234) ~[na:na]
	at java.base/java.util.stream.ReferencePipeline.forEach(ReferencePipeline.java:596) ~[na:na]
	at org.springframework.boot.SpringApplication.callRunners(SpringApplication.java:775) ~[spring-boot-3.3.11.jar:3.3.11]
	at org.springframework.boot.SpringApplication.run(SpringApplication.java:342) ~[spring-boot-3.3.11.jar:3.3.11]
	at org.springframework.boot.test.context.SpringBootContextLoader.lambda$loadContext$3(SpringBootContextLoader.java:145) ~[spring-boot-test-3.3.11.jar:3.3.11]
	at org.springframework.util.function.ThrowingSupplier.get(ThrowingSupplier.java:58) ~[spring-core-6.1.19.jar:6.1.19]
	at org.springframework.util.function.ThrowingSupplier.get(ThrowingSupplier.java:46) ~[spring-core-6.1.19.jar:6.1.19]
	at org.springframework.boot.SpringApplication.withHook(SpringApplication.java:1464) ~[spring-boot-3.3.11.jar:3.3.11]
	at org.springframework.boot.test.context.SpringBootContextLoader$ContextLoaderHook.run(SpringBootContextLoader.java:564) ~[spring-boot-test-3.3.11.jar:3.3.11]
	at org.springframework.boot.test.context.SpringBootContextLoader.loadContext(SpringBootContextLoader.java:145) ~[spring-boot-test-3.3.11.jar:3.3.11]
	at org.springframework.boot.test.context.SpringBootContextLoader.loadContext(SpringBootContextLoader.java:116) ~[spring-boot-test-3.3.11.jar:3.3.11]
	at org.springframework.test.context.cache.DefaultCacheAwareContextLoaderDelegate.loadContextInternal(DefaultCacheAwareContextLoaderDelegate.java:225) ~[spring-test-6.1.19.jar:6.1.19]
	at org.springframework.test.context.cache.DefaultCacheAwareContextLoaderDelegate.loadContext(DefaultCacheAwareContextLoaderDelegate.java:152) ~[spring-test-6.1.19.jar:6.1.19]
	at org.springframework.test.context.support.DefaultTestContext.getApplicationContext(DefaultTestContext.java:130) ~[spring-test-6.1.19.jar:6.1.19]
	at org.springframework.test.context.web.ServletTestExecutionListener.setUpRequestContextIfNecessary(ServletTestExecutionListener.java:191) ~[spring-test-6.1.19.jar:6.1.19]
	at org.springframework.test.context.web.ServletTestExecutionListener.prepareTestInstance(ServletTestExecutionListener.java:130) ~[spring-test-6.1.19.jar:6.1.19]
	at org.springframework.test.context.TestContextManager.prepareTestInstance(TestContextManager.java:260) ~[spring-test-6.1.19.jar:6.1.19]
	at org.springframework.test.context.junit.jupiter.SpringExtension.postProcessTestInstance(SpringExtension.java:163) ~[spring-test-6.1.19.jar:6.1.19]
	at org.junit.jupiter.engine.descriptor.ClassBasedTestDescriptor.lambda$invokeTestInstancePostProcessors$10(ClassBasedTestDescriptor.java:378) ~[junit-jupiter-engine-5.10.5.jar:5.10.5]
	at org.junit.jupiter.engine.descriptor.ClassBasedTestDescriptor.executeAndMaskThrowable(ClassBasedTestDescriptor.java:383) ~[junit-jupiter-engine-5.10.5.jar:5.10.5]
	at org.junit.jupiter.engine.descriptor.ClassBasedTestDescriptor.lambda$invokeTestInstancePostProcessors$11(ClassBasedTestDescriptor.java:378) ~[junit-jupiter-engine-5.10.5.jar:5.10.5]
	at java.base/java.util.stream.ReferencePipeline$3$1.accept(ReferencePipeline.java:197) ~[na:na]
	at java.base/java.util.stream.ReferencePipeline$2$1.accept(ReferencePipeline.java:179) ~[na:na]
	at java.base/java.util.ArrayList$ArrayListSpliterator.forEachRemaining(ArrayList.java:1625) ~[na:na]
	at java.base/java.util.stream.AbstractPipeline.copyInto(AbstractPipeline.java:509) ~[na:na]
	at java.base/java.util.stream.AbstractPipeline.wrapAndCopyInto(AbstractPipeline.java:499) ~[na:na]
	at java.base/java.util.stream.StreamSpliterators$WrappingSpliterator.forEachRemaining(StreamSpliterators.java:310) ~[na:na]
	at java.base/java.util.stream.Streams$ConcatSpliterator.forEachRemaining(Streams.java:735) ~[na:na]
	at java.base/java.util.stream.Streams$ConcatSpliterator.forEachRemaining(Streams.java:734) ~[na:na]
	at java.base/java.util.stream.ReferencePipeline$Head.forEach(ReferencePipeline.java:762) ~[na:na]
	at org.junit.jupiter.engine.descriptor.ClassBasedTestDescriptor.invokeTestInstancePostProcessors(ClassBasedTestDescriptor.java:377) ~[junit-jupiter-engine-5.10.5.jar:5.10.5]
	at org.junit.jupiter.engine.descriptor.ClassBasedTestDescriptor.lambda$instantiateAndPostProcessTestInstance$6(ClassBasedTestDescriptor.java:290) ~[junit-jupiter-engine-5.10.5.jar:5.10.5]
	at org.junit.platform.engine.support.hierarchical.ThrowableCollector.execute(ThrowableCollector.java:73) ~[junit-platform-engine-1.10.5.jar:1.10.5]
	at org.junit.jupiter.engine.descriptor.ClassBasedTestDescriptor.instantiateAndPostProcessTestInstance(ClassBasedTestDescriptor.java:289) ~[junit-jupiter-engine-5.10.5.jar:5.10.5]
	at org.junit.jupiter.engine.descriptor.ClassBasedTestDescriptor.lambda$testInstancesProvider$4(ClassBasedTestDescriptor.java:279) ~[junit-jupiter-engine-5.10.5.jar:5.10.5]
	at java.base/java.util.Optional.orElseGet(Optional.java:364) ~[na:na]
	at org.junit.jupiter.engine.descriptor.ClassBasedTestDescriptor.lambda$testInstancesProvider$5(ClassBasedTestDescriptor.java:278) ~[junit-jupiter-engine-5.10.5.jar:5.10.5]
	at org.junit.jupiter.engine.execution.TestInstancesProvider.getTestInstances(TestInstancesProvider.java:31) ~[junit-jupiter-engine-5.10.5.jar:5.10.5]
	at org.junit.jupiter.engine.descriptor.TestMethodTestDescriptor.lambda$prepare$0(TestMethodTestDescriptor.java:106) ~[junit-jupiter-engine-5.10.5.jar:5.10.5]
	at org.junit.platform.engine.support.hierarchical.ThrowableCollector.execute(ThrowableCollector.java:73) ~[junit-platform-engine-1.10.5.jar:1.10.5]
	at org.junit.jupiter.engine.descriptor.TestMethodTestDescriptor.prepare(TestMethodTestDescriptor.java:105) ~[junit-jupiter-engine-5.10.5.jar:5.10.5]
	at org.junit.jupiter.engine.descriptor.TestMethodTestDescriptor.prepare(TestMethodTestDescriptor.java:69) ~[junit-jupiter-engine-5.10.5.jar:5.10.5]
	at org.junit.platform.engine.support.hierarchical.NodeTestTask.lambda$prepare$2(NodeTestTask.java:128) ~[junit-platform-engine-1.10.5.jar:1.10.5]
	at org.junit.platform.engine.support.hierarchical.ThrowableCollector.execute(ThrowableCollector.java:73) ~[junit-platform-engine-1.10.5.jar:1.10.5]
	at org.junit.platform.engine.support.hierarchical.NodeTestTask.prepare(NodeTestTask.java:128) ~[junit-platform-engine-1.10.5.jar:1.10.5]
	at org.junit.platform.engine.support.hierarchical.NodeTestTask.execute(NodeTestTask.java:95) ~[junit-platform-engine-1.10.5.jar:1.10.5]
	at java.base/java.util.ArrayList.forEach(ArrayList.java:1511) ~[na:na]
	at org.junit.platform.engine.support.hierarchical.SameThreadHierarchicalTestExecutorService.invokeAll(SameThreadHierarchicalTestExecutorService.java:41) ~[junit-platform-engine-1.10.5.jar:1.10.5]
	at org.junit.platform.engine.support.hierarchical.NodeTestTask.lambda$executeRecursively$6(NodeTestTask.java:160) ~[junit-platform-engine-1.10.5.jar:1.10.5]
	at org.junit.platform.engine.support.hierarchical.ThrowableCollector.execute(ThrowableCollector.java:73) ~[junit-platform-engine-1.10.5.jar:1.10.5]
	at org.junit.platform.engine.support.hierarchical.NodeTestTask.lambda$executeRecursively$8(NodeTestTask.java:146) ~[junit-platform-engine-1.10.5.jar:1.10.5]
	at org.junit.platform.engine.support.hierarchical.Node.around(Node.java:137) ~[junit-platform-engine-1.10.5.jar:1.10.5]
	at org.junit.platform.engine.support.hierarchical.NodeTestTask.lambda$executeRecursively$9(NodeTestTask.java:144) ~[junit-platform-engine-1.10.5.jar:1.10.5]
	at org.junit.platform.engine.support.hierarchical.ThrowableCollector.execute(ThrowableCollector.java:73) ~[junit-platform-engine-1.10.5.jar:1.10.5]
	at org.junit.platform.engine.support.hierarchical.NodeTestTask.executeRecursively(NodeTestTask.java:143) ~[junit-platform-engine-1.10.5.jar:1.10.5]
	at org.junit.platform.engine.support.hierarchical.NodeTestTask.execute(NodeTestTask.java:100) ~[junit-platform-engine-1.10.5.jar:1.10.5]
	at java.base/java.util.ArrayList.forEach(ArrayList.java:1511) ~[na:na]
	at org.junit.platform.engine.support.hierarchical.SameThreadHierarchicalTestExecutorService.invokeAll(SameThreadHierarchicalTestExecutorService.java:41) ~[junit-platform-engine-1.10.5.jar:1.10.5]
	at org.junit.platform.engine.support.hierarchical.NodeTestTask.lambda$executeRecursively$6(NodeTestTask.java:160) ~[junit-platform-engine-1.10.5.jar:1.10.5]
	at org.junit.platform.engine.support.hierarchical.ThrowableCollector.execute(ThrowableCollector.java:73) ~[junit-platform-engine-1.10.5.jar:1.10.5]
	at org.junit.platform.engine.support.hierarchical.NodeTestTask.lambda$executeRecursively$8(NodeTestTask.java:146) ~[junit-platform-engine-1.10.5.jar:1.10.5]
	at org.junit.platform.engine.support.hierarchical.Node.around(Node.java:137) ~[junit-platform-engine-1.10.5.jar:1.10.5]
	at org.junit.platform.engine.support.hierarchical.NodeTestTask.lambda$executeRecursively$9(NodeTestTask.java:144) ~[junit-platform-engine-1.10.5.jar:1.10.5]
	at org.junit.platform.engine.support.hierarchical.ThrowableCollector.execute(ThrowableCollector.java:73) ~[junit-platform-engine-1.10.5.jar:1.10.5]
	at org.junit.platform.engine.support.hierarchical.NodeTestTask.executeRecursively(NodeTestTask.java:143) ~[junit-platform-engine-1.10.5.jar:1.10.5]
	at org.junit.platform.engine.support.hierarchical.NodeTestTask.execute(NodeTestTask.java:100) ~[junit-platform-engine-1.10.5.jar:1.10.5]
	at org.junit.platform.engine.support.hierarchical.SameThreadHierarchicalTestExecutorService.submit(SameThreadHierarchicalTestExecutorService.java:35) ~[junit-platform-engine-1.10.5.jar:1.10.5]
	at org.junit.platform.engine.support.hierarchical.HierarchicalTestExecutor.execute(HierarchicalTestExecutor.java:57) ~[junit-platform-engine-1.10.5.jar:1.10.5]
	at org.junit.platform.engine.support.hierarchical.HierarchicalTestEngine.execute(HierarchicalTestEngine.java:54) ~[junit-platform-engine-1.10.5.jar:1.10.5]
	at org.junit.platform.launcher.core.EngineExecutionOrchestrator.execute(EngineExecutionOrchestrator.java:198) ~[junit-platform-launcher-1.10.5.jar:1.10.5]
	at org.junit.platform.launcher.core.EngineExecutionOrchestrator.execute(EngineExecutionOrchestrator.java:169) ~[junit-platform-launcher-1.10.5.jar:1.10.5]
	at org.junit.platform.launcher.core.EngineExecutionOrchestrator.execute(EngineExecutionOrchestrator.java:93) ~[junit-platform-launcher-1.10.5.jar:1.10.5]
	at org.junit.platform.launcher.core.EngineExecutionOrchestrator.lambda$execute$0(EngineExecutionOrchestrator.java:58) ~[junit-platform-launcher-1.10.5.jar:1.10.5]
	at org.junit.platform.launcher.core.EngineExecutionOrchestrator.withInterceptedStreams(EngineExecutionOrchestrator.java:141) ~[junit-platform-launcher-1.10.5.jar:1.10.5]
	at org.junit.platform.launcher.core.EngineExecutionOrchestrator.execute(EngineExecutionOrchestrator.java:57) ~[junit-platform-launcher-1.10.5.jar:1.10.5]
	at org.junit.platform.launcher.core.DefaultLauncher.execute(DefaultLauncher.java:103) ~[junit-platform-launcher-1.10.5.jar:1.10.5]
	at org.junit.platform.launcher.core.DefaultLauncher.execute(DefaultLauncher.java:85) ~[junit-platform-launcher-1.10.5.jar:1.10.5]
	at org.junit.platform.launcher.core.DelegatingLauncher.execute(DelegatingLauncher.java:47) ~[junit-platform-launcher-1.10.5.jar:1.10.5]
	at org.apache.maven.surefire.junitplatform.LazyLauncher.execute(LazyLauncher.java:56) ~[surefire-junit-platform-3.1.2.jar:3.1.2]
	at org.apache.maven.surefire.junitplatform.JUnitPlatformProvider.execute(JUnitPlatformProvider.java:184) ~[surefire-junit-platform-3.1.2.jar:3.1.2]
	at org.apache.maven.surefire.junitplatform.JUnitPlatformProvider.invokeAllTests(JUnitPlatformProvider.java:148) ~[surefire-junit-platform-3.1.2.jar:3.1.2]
	at org.apache.maven.surefire.junitplatform.JUnitPlatformProvider.invoke(JUnitPlatformProvider.java:122) ~[surefire-junit-platform-3.1.2.jar:3.1.2]
	at org.apache.maven.surefire.booter.ForkedBooter.runSuitesInProcess(ForkedBooter.java:385) ~[surefire-booter-3.1.2.jar:3.1.2]
	at org.apache.maven.surefire.booter.ForkedBooter.execute(ForkedBooter.java:162) ~[surefire-booter-3.1.2.jar:3.1.2]
	at org.apache.maven.surefire.booter.ForkedBooter.run(ForkedBooter.java:507) ~[surefire-booter-3.1.2.jar:3.1.2]
	at org.apache.maven.surefire.booter.ForkedBooter.main(ForkedBooter.java:495) ~[surefire-booter-3.1.2.jar:3.1.2]
Caused by: org.hibernate.exception.ConstraintViolationException: could not execute statement [Cannot delete or update a parent row: a foreign key constraint fails (`db_curso_test`.`progreso_curso`, CONSTRAINT `fk_progreso_curso_inscripcion` FOREIGN KEY (`id_inscripcion`) REFERENCES `inscripcion` (`id_inscripcion`))] [delete from inscripcion where id_inscripcion=?]
	at org.hibernate.exception.internal.SQLExceptionTypeDelegate.convert(SQLExceptionTypeDelegate.java:62) ~[hibernate-core-6.5.3.Final.jar:6.5.3.Final]
	at org.hibernate.exception.internal.StandardSQLExceptionConverter.convert(StandardSQLExceptionConverter.java:58) ~[hibernate-core-6.5.3.Final.jar:6.5.3.Final]
	at org.hibernate.engine.jdbc.spi.SqlExceptionHelper.convert(SqlExceptionHelper.java:108) ~[hibernate-core-6.5.3.Final.jar:6.5.3.Final]
	at org.hibernate.engine.jdbc.internal.ResultSetReturnImpl.executeUpdate(ResultSetReturnImpl.java:197) ~[hibernate-core-6.5.3.Final.jar:6.5.3.Final]
	at org.hibernate.engine.jdbc.mutation.internal.AbstractMutationExecutor.performNonBatchedMutation(AbstractMutationExecutor.java:134) ~[hibernate-core-6.5.3.Final.jar:6.5.3.Final]
[...]
	at org.junit.platform.launcher.core.DefaultLauncher.execute(DefaultLauncher.java:85) ~[junit-platform-launcher-1.10.5.jar:1.10.5]
	at org.junit.platform.launcher.core.DelegatingLauncher.execute(DelegatingLauncher.java:47) ~[junit-platform-launcher-1.10.5.jar:1.10.5]
	at org.apache.maven.surefire.junitplatform.LazyLauncher.execute(LazyLauncher.java:56) ~[surefire-junit-platform-3.1.2.jar:3.1.2]
	at org.apache.maven.surefire.junitplatform.JUnitPlatformProvider.execute(JUnitPlatformProvider.java:184) ~[surefire-junit-platform-3.1.2.jar:3.1.2]
	at org.apache.maven.surefire.junitplatform.JUnitPlatformProvider.invokeAllTests(JUnitPlatformProvider.java:148) ~[surefire-junit-platform-3.1.2.jar:3.1.2]
	at org.apache.maven.surefire.junitplatform.JUnitPlatformProvider.invoke(JUnitPlatformProvider.java:122) ~[surefire-junit-platform-3.1.2.jar:3.1.2]
	at org.apache.maven.surefire.booter.ForkedBooter.runSuitesInProcess(ForkedBooter.java:385) ~[surefire-booter-3.1.2.jar:3.1.2]
	at org.apache.maven.surefire.booter.ForkedBooter.execute(ForkedBooter.java:162) ~[surefire-booter-3.1.2.jar:3.1.2]
	at org.apache.maven.surefire.booter.ForkedBooter.run(ForkedBooter.java:507) ~[surefire-booter-3.1.2.jar:3.1.2]
	at org.apache.maven.surefire.booter.ForkedBooter.main(ForkedBooter.java:495) ~[surefire-booter-3.1.2.jar:3.1.2]

]]></system-out>
  </testcase>
  <testcase name="testGetProgresoCursoById" classname="com.edutech.cursos_inscripciones_service.service.ProgresoCursoServiceTest" time="0.0">
    <error message="ApplicationContext failure threshold (1) exceeded: skipping repeated attempt to load context for [WebMergedContextConfiguration@149c22bc testClass = com.edutech.cursos_inscripciones_service.service.ProgresoCursoServiceTest, locations = [], classes = [com.edutech.cursos_inscripciones_service.CursosInscripcionesServiceApplication], contextInitializerClasses = [], activeProfiles = [], propertySourceDescriptors = [], propertySourceProperties = [&quot;org.springframework.boot.test.context.SpringBootTestContextBootstrapper=true&quot;], contextCustomizers = [org.springframework.boot.test.context.filter.ExcludeFilterContextCustomizer@b83a9be, org.springframework.boot.test.json.DuplicateJsonObjectContextCustomizerFactory$DuplicateJsonObjectContextCustomizer@563e4951, org.springframework.boot.test.mock.mockito.MockitoContextCustomizer@bc445777, org.springframework.boot.test.web.client.TestRestTemplateContextCustomizer@7305cfb1, org.springframework.boot.test.web.reactor.netty.DisableReactorResourceFactoryGlobalResourcesContextCustomizerFactory$DisableReactorResourceFactoryGlobalResourcesContextCustomizerCustomizer@732d0d24, org.springframework.boot.test.autoconfigure.OnFailureConditionReportContextCustomizerFactory$OnFailureConditionReportContextCustomizer@5a5338df, org.springframework.boot.test.autoconfigure.actuate.observability.ObservabilityContextCustomizerFactory$DisableObservabilityContextCustomizer@1f, org.springframework.boot.test.autoconfigure.properties.PropertyMappingContextCustomizer@0, org.springframework.boot.test.autoconfigure.web.servlet.WebDriverContextCustomizer@50de186c, org.springframework.boot.test.context.SpringBootTestAnnotation@68b105a8], resourceBasePath = &quot;src/main/webapp&quot;, contextLoader = org.springframework.boot.test.context.SpringBootContextLoader, parent = null]" type="java.lang.IllegalStateException"><![CDATA[java.lang.IllegalStateException: ApplicationContext failure threshold (1) exceeded: skipping repeated attempt to load context for [WebMergedContextConfiguration@149c22bc testClass = com.edutech.cursos_inscripciones_service.service.ProgresoCursoServiceTest, locations = [], classes = [com.edutech.cursos_inscripciones_service.CursosInscripcionesServiceApplication], contextInitializerClasses = [], activeProfiles = [], propertySourceDescriptors = [], propertySourceProperties = ["org.springframework.boot.test.context.SpringBootTestContextBootstrapper=true"], contextCustomizers = [org.springframework.boot.test.context.filter.ExcludeFilterContextCustomizer@b83a9be, org.springframework.boot.test.json.DuplicateJsonObjectContextCustomizerFactory$DuplicateJsonObjectContextCustomizer@563e4951, org.springframework.boot.test.mock.mockito.MockitoContextCustomizer@bc445777, org.springframework.boot.test.web.client.TestRestTemplateContextCustomizer@7305cfb1, org.springframework.boot.test.web.reactor.netty.DisableReactorResourceFactoryGlobalResourcesContextCustomizerFactory$DisableReactorResourceFactoryGlobalResourcesContextCustomizerCustomizer@732d0d24, org.springframework.boot.test.autoconfigure.OnFailureConditionReportContextCustomizerFactory$OnFailureConditionReportContextCustomizer@5a5338df, org.springframework.boot.test.autoconfigure.actuate.observability.ObservabilityContextCustomizerFactory$DisableObservabilityContextCustomizer@1f, org.springframework.boot.test.autoconfigure.properties.PropertyMappingContextCustomizer@0, org.springframework.boot.test.autoconfigure.web.servlet.WebDriverContextCustomizer@50de186c, org.springframework.boot.test.context.SpringBootTestAnnotation@68b105a8], resourceBasePath = "src/main/webapp", contextLoader = org.springframework.boot.test.context.SpringBootContextLoader, parent = null]
	at org.springframework.test.context.cache.DefaultCacheAwareContextLoaderDelegate.loadContext(DefaultCacheAwareContextLoaderDelegate.java:145)
	at org.springframework.test.context.support.DefaultTestContext.getApplicationContext(DefaultTestContext.java:130)
	at org.springframework.test.context.web.ServletTestExecutionListener.setUpRequestContextIfNecessary(ServletTestExecutionListener.java:191)
	at org.springframework.test.context.web.ServletTestExecutionListener.prepareTestInstance(ServletTestExecutionListener.java:130)
	at org.springframework.test.context.TestContextManager.prepareTestInstance(TestContextManager.java:260)
	at org.springframework.test.context.junit.jupiter.SpringExtension.postProcessTestInstance(SpringExtension.java:163)
	at java.base/java.util.stream.ReferencePipeline$3$1.accept(ReferencePipeline.java:197)
	at java.base/java.util.stream.ReferencePipeline$2$1.accept(ReferencePipeline.java:179)
	at java.base/java.util.ArrayList$ArrayListSpliterator.forEachRemaining(ArrayList.java:1625)
	at java.base/java.util.stream.AbstractPipeline.copyInto(AbstractPipeline.java:509)
	at java.base/java.util.stream.AbstractPipeline.wrapAndCopyInto(AbstractPipeline.java:499)
	at java.base/java.util.stream.StreamSpliterators$WrappingSpliterator.forEachRemaining(StreamSpliterators.java:310)
	at java.base/java.util.stream.Streams$ConcatSpliterator.forEachRemaining(Streams.java:735)
	at java.base/java.util.stream.Streams$ConcatSpliterator.forEachRemaining(Streams.java:734)
	at java.base/java.util.stream.ReferencePipeline$Head.forEach(ReferencePipeline.java:762)
	at java.base/java.util.Optional.orElseGet(Optional.java:364)
	at java.base/java.util.ArrayList.forEach(ArrayList.java:1511)
	at java.base/java.util.ArrayList.forEach(ArrayList.java:1511)
]]></error>
    <system-out><![CDATA[2025-07-01T18:13:00.517-04:00  WARN 20644 --- [cursos-inscripciones-service] [           main] o.s.test.context.TestContextManager      : Caught exception while allowing TestExecutionListener [org.springframework.test.context.web.ServletTestExecutionListener] to prepare test instance [com.edutech.cursos_inscripciones_service.service.ProgresoCursoServiceTest@3db36e64]

java.lang.IllegalStateException: ApplicationContext failure threshold (1) exceeded: skipping repeated attempt to load context for [WebMergedContextConfiguration@149c22bc testClass = com.edutech.cursos_inscripciones_service.service.ProgresoCursoServiceTest, locations = [], classes = [com.edutech.cursos_inscripciones_service.CursosInscripcionesServiceApplication], contextInitializerClasses = [], activeProfiles = [], propertySourceDescriptors = [], propertySourceProperties = ["org.springframework.boot.test.context.SpringBootTestContextBootstrapper=true"], contextCustomizers = [org.springframework.boot.test.context.filter.ExcludeFilterContextCustomizer@b83a9be, org.springframework.boot.test.json.DuplicateJsonObjectContextCustomizerFactory$DuplicateJsonObjectContextCustomizer@563e4951, org.springframework.boot.test.mock.mockito.MockitoContextCustomizer@bc445777, org.springframework.boot.test.web.client.TestRestTemplateContextCustomizer@7305cfb1, org.springframework.boot.test.web.reactor.netty.DisableReactorResourceFactoryGlobalResourcesContextCustomizerFactory$DisableReactorResourceFactoryGlobalResourcesContextCustomizerCustomizer@732d0d24, org.springframework.boot.test.autoconfigure.OnFailureConditionReportContextCustomizerFactory$OnFailureConditionReportContextCustomizer@5a5338df, org.springframework.boot.test.autoconfigure.actuate.observability.ObservabilityContextCustomizerFactory$DisableObservabilityContextCustomizer@1f, org.springframework.boot.test.autoconfigure.properties.PropertyMappingContextCustomizer@0, org.springframework.boot.test.autoconfigure.web.servlet.WebDriverContextCustomizer@50de186c, org.springframework.boot.test.context.SpringBootTestAnnotation@68b105a8], resourceBasePath = "src/main/webapp", contextLoader = org.springframework.boot.test.context.SpringBootContextLoader, parent = null]
	at org.springframework.test.context.cache.DefaultCacheAwareContextLoaderDelegate.loadContext(DefaultCacheAwareContextLoaderDelegate.java:145) ~[spring-test-6.1.19.jar:6.1.19]
	at org.springframework.test.context.support.DefaultTestContext.getApplicationContext(DefaultTestContext.java:130) ~[spring-test-6.1.19.jar:6.1.19]
	at org.springframework.test.context.web.ServletTestExecutionListener.setUpRequestContextIfNecessary(ServletTestExecutionListener.java:191) ~[spring-test-6.1.19.jar:6.1.19]
	at org.springframework.test.context.web.ServletTestExecutionListener.prepareTestInstance(ServletTestExecutionListener.java:130) ~[spring-test-6.1.19.jar:6.1.19]
	at org.springframework.test.context.TestContextManager.prepareTestInstance(TestContextManager.java:260) ~[spring-test-6.1.19.jar:6.1.19]
	at org.springframework.test.context.junit.jupiter.SpringExtension.postProcessTestInstance(SpringExtension.java:163) ~[spring-test-6.1.19.jar:6.1.19]
	at org.junit.jupiter.engine.descriptor.ClassBasedTestDescriptor.lambda$invokeTestInstancePostProcessors$10(ClassBasedTestDescriptor.java:378) ~[junit-jupiter-engine-5.10.5.jar:5.10.5]
	at org.junit.jupiter.engine.descriptor.ClassBasedTestDescriptor.executeAndMaskThrowable(ClassBasedTestDescriptor.java:383) ~[junit-jupiter-engine-5.10.5.jar:5.10.5]
	at org.junit.jupiter.engine.descriptor.ClassBasedTestDescriptor.lambda$invokeTestInstancePostProcessors$11(ClassBasedTestDescriptor.java:378) ~[junit-jupiter-engine-5.10.5.jar:5.10.5]
	at java.base/java.util.stream.ReferencePipeline$3$1.accept(ReferencePipeline.java:197) ~[na:na]
	at java.base/java.util.stream.ReferencePipeline$2$1.accept(ReferencePipeline.java:179) ~[na:na]
	at java.base/java.util.ArrayList$ArrayListSpliterator.forEachRemaining(ArrayList.java:1625) ~[na:na]
	at java.base/java.util.stream.AbstractPipeline.copyInto(AbstractPipeline.java:509) ~[na:na]
	at java.base/java.util.stream.AbstractPipeline.wrapAndCopyInto(AbstractPipeline.java:499) ~[na:na]
	at java.base/java.util.stream.StreamSpliterators$WrappingSpliterator.forEachRemaining(StreamSpliterators.java:310) ~[na:na]
	at java.base/java.util.stream.Streams$ConcatSpliterator.forEachRemaining(Streams.java:735) ~[na:na]
	at java.base/java.util.stream.Streams$ConcatSpliterator.forEachRemaining(Streams.java:734) ~[na:na]
	at java.base/java.util.stream.ReferencePipeline$Head.forEach(ReferencePipeline.java:762) ~[na:na]
	at org.junit.jupiter.engine.descriptor.ClassBasedTestDescriptor.invokeTestInstancePostProcessors(ClassBasedTestDescriptor.java:377) ~[junit-jupiter-engine-5.10.5.jar:5.10.5]
	at org.junit.jupiter.engine.descriptor.ClassBasedTestDescriptor.lambda$instantiateAndPostProcessTestInstance$6(ClassBasedTestDescriptor.java:290) ~[junit-jupiter-engine-5.10.5.jar:5.10.5]
	at org.junit.platform.engine.support.hierarchical.ThrowableCollector.execute(ThrowableCollector.java:73) ~[junit-platform-engine-1.10.5.jar:1.10.5]
	at org.junit.jupiter.engine.descriptor.ClassBasedTestDescriptor.instantiateAndPostProcessTestInstance(ClassBasedTestDescriptor.java:289) ~[junit-jupiter-engine-5.10.5.jar:5.10.5]
	at org.junit.jupiter.engine.descriptor.ClassBasedTestDescriptor.lambda$testInstancesProvider$4(ClassBasedTestDescriptor.java:279) ~[junit-jupiter-engine-5.10.5.jar:5.10.5]
	at java.base/java.util.Optional.orElseGet(Optional.java:364) ~[na:na]
	at org.junit.jupiter.engine.descriptor.ClassBasedTestDescriptor.lambda$testInstancesProvider$5(ClassBasedTestDescriptor.java:278) ~[junit-jupiter-engine-5.10.5.jar:5.10.5]
	at org.junit.jupiter.engine.execution.TestInstancesProvider.getTestInstances(TestInstancesProvider.java:31) ~[junit-jupiter-engine-5.10.5.jar:5.10.5]
	at org.junit.jupiter.engine.descriptor.TestMethodTestDescriptor.lambda$prepare$0(TestMethodTestDescriptor.java:106) ~[junit-jupiter-engine-5.10.5.jar:5.10.5]
	at org.junit.platform.engine.support.hierarchical.ThrowableCollector.execute(ThrowableCollector.java:73) ~[junit-platform-engine-1.10.5.jar:1.10.5]
	at org.junit.jupiter.engine.descriptor.TestMethodTestDescriptor.prepare(TestMethodTestDescriptor.java:105) ~[junit-jupiter-engine-5.10.5.jar:5.10.5]
	at org.junit.jupiter.engine.descriptor.TestMethodTestDescriptor.prepare(TestMethodTestDescriptor.java:69) ~[junit-jupiter-engine-5.10.5.jar:5.10.5]
	at org.junit.platform.engine.support.hierarchical.NodeTestTask.lambda$prepare$2(NodeTestTask.java:128) ~[junit-platform-engine-1.10.5.jar:1.10.5]
	at org.junit.platform.engine.support.hierarchical.ThrowableCollector.execute(ThrowableCollector.java:73) ~[junit-platform-engine-1.10.5.jar:1.10.5]
	at org.junit.platform.engine.support.hierarchical.NodeTestTask.prepare(NodeTestTask.java:128) ~[junit-platform-engine-1.10.5.jar:1.10.5]
	at org.junit.platform.engine.support.hierarchical.NodeTestTask.execute(NodeTestTask.java:95) ~[junit-platform-engine-1.10.5.jar:1.10.5]
	at java.base/java.util.ArrayList.forEach(ArrayList.java:1511) ~[na:na]
	at org.junit.platform.engine.support.hierarchical.SameThreadHierarchicalTestExecutorService.invokeAll(SameThreadHierarchicalTestExecutorService.java:41) ~[junit-platform-engine-1.10.5.jar:1.10.5]
	at org.junit.platform.engine.support.hierarchical.NodeTestTask.lambda$executeRecursively$6(NodeTestTask.java:160) ~[junit-platform-engine-1.10.5.jar:1.10.5]
	at org.junit.platform.engine.support.hierarchical.ThrowableCollector.execute(ThrowableCollector.java:73) ~[junit-platform-engine-1.10.5.jar:1.10.5]
	at org.junit.platform.engine.support.hierarchical.NodeTestTask.lambda$executeRecursively$8(NodeTestTask.java:146) ~[junit-platform-engine-1.10.5.jar:1.10.5]
	at org.junit.platform.engine.support.hierarchical.Node.around(Node.java:137) ~[junit-platform-engine-1.10.5.jar:1.10.5]
	at org.junit.platform.engine.support.hierarchical.NodeTestTask.lambda$executeRecursively$9(NodeTestTask.java:144) ~[junit-platform-engine-1.10.5.jar:1.10.5]
	at org.junit.platform.engine.support.hierarchical.ThrowableCollector.execute(ThrowableCollector.java:73) ~[junit-platform-engine-1.10.5.jar:1.10.5]
	at org.junit.platform.engine.support.hierarchical.NodeTestTask.executeRecursively(NodeTestTask.java:143) ~[junit-platform-engine-1.10.5.jar:1.10.5]
	at org.junit.platform.engine.support.hierarchical.NodeTestTask.execute(NodeTestTask.java:100) ~[junit-platform-engine-1.10.5.jar:1.10.5]
	at java.base/java.util.ArrayList.forEach(ArrayList.java:1511) ~[na:na]
	at org.junit.platform.engine.support.hierarchical.SameThreadHierarchicalTestExecutorService.invokeAll(SameThreadHierarchicalTestExecutorService.java:41) ~[junit-platform-engine-1.10.5.jar:1.10.5]
	at org.junit.platform.engine.support.hierarchical.NodeTestTask.lambda$executeRecursively$6(NodeTestTask.java:160) ~[junit-platform-engine-1.10.5.jar:1.10.5]
	at org.junit.platform.engine.support.hierarchical.ThrowableCollector.execute(ThrowableCollector.java:73) ~[junit-platform-engine-1.10.5.jar:1.10.5]
	at org.junit.platform.engine.support.hierarchical.NodeTestTask.lambda$executeRecursively$8(NodeTestTask.java:146) ~[junit-platform-engine-1.10.5.jar:1.10.5]
	at org.junit.platform.engine.support.hierarchical.Node.around(Node.java:137) ~[junit-platform-engine-1.10.5.jar:1.10.5]
	at org.junit.platform.engine.support.hierarchical.NodeTestTask.lambda$executeRecursively$9(NodeTestTask.java:144) ~[junit-platform-engine-1.10.5.jar:1.10.5]
	at org.junit.platform.engine.support.hierarchical.ThrowableCollector.execute(ThrowableCollector.java:73) ~[junit-platform-engine-1.10.5.jar:1.10.5]
	at org.junit.platform.engine.support.hierarchical.NodeTestTask.executeRecursively(NodeTestTask.java:143) ~[junit-platform-engine-1.10.5.jar:1.10.5]
	at org.junit.platform.engine.support.hierarchical.NodeTestTask.execute(NodeTestTask.java:100) ~[junit-platform-engine-1.10.5.jar:1.10.5]
	at org.junit.platform.engine.support.hierarchical.SameThreadHierarchicalTestExecutorService.submit(SameThreadHierarchicalTestExecutorService.java:35) ~[junit-platform-engine-1.10.5.jar:1.10.5]
	at org.junit.platform.engine.support.hierarchical.HierarchicalTestExecutor.execute(HierarchicalTestExecutor.java:57) ~[junit-platform-engine-1.10.5.jar:1.10.5]
	at org.junit.platform.engine.support.hierarchical.HierarchicalTestEngine.execute(HierarchicalTestEngine.java:54) ~[junit-platform-engine-1.10.5.jar:1.10.5]
	at org.junit.platform.launcher.core.EngineExecutionOrchestrator.execute(EngineExecutionOrchestrator.java:198) ~[junit-platform-launcher-1.10.5.jar:1.10.5]
	at org.junit.platform.launcher.core.EngineExecutionOrchestrator.execute(EngineExecutionOrchestrator.java:169) ~[junit-platform-launcher-1.10.5.jar:1.10.5]
	at org.junit.platform.launcher.core.EngineExecutionOrchestrator.execute(EngineExecutionOrchestrator.java:93) ~[junit-platform-launcher-1.10.5.jar:1.10.5]
	at org.junit.platform.launcher.core.EngineExecutionOrchestrator.lambda$execute$0(EngineExecutionOrchestrator.java:58) ~[junit-platform-launcher-1.10.5.jar:1.10.5]
	at org.junit.platform.launcher.core.EngineExecutionOrchestrator.withInterceptedStreams(EngineExecutionOrchestrator.java:141) ~[junit-platform-launcher-1.10.5.jar:1.10.5]
	at org.junit.platform.launcher.core.EngineExecutionOrchestrator.execute(EngineExecutionOrchestrator.java:57) ~[junit-platform-launcher-1.10.5.jar:1.10.5]
	at org.junit.platform.launcher.core.DefaultLauncher.execute(DefaultLauncher.java:103) ~[junit-platform-launcher-1.10.5.jar:1.10.5]
	at org.junit.platform.launcher.core.DefaultLauncher.execute(DefaultLauncher.java:85) ~[junit-platform-launcher-1.10.5.jar:1.10.5]
	at org.junit.platform.launcher.core.DelegatingLauncher.execute(DelegatingLauncher.java:47) ~[junit-platform-launcher-1.10.5.jar:1.10.5]
	at org.apache.maven.surefire.junitplatform.LazyLauncher.execute(LazyLauncher.java:56) ~[surefire-junit-platform-3.1.2.jar:3.1.2]
	at org.apache.maven.surefire.junitplatform.JUnitPlatformProvider.execute(JUnitPlatformProvider.java:184) ~[surefire-junit-platform-3.1.2.jar:3.1.2]
	at org.apache.maven.surefire.junitplatform.JUnitPlatformProvider.invokeAllTests(JUnitPlatformProvider.java:148) ~[surefire-junit-platform-3.1.2.jar:3.1.2]
	at org.apache.maven.surefire.junitplatform.JUnitPlatformProvider.invoke(JUnitPlatformProvider.java:122) ~[surefire-junit-platform-3.1.2.jar:3.1.2]
	at org.apache.maven.surefire.booter.ForkedBooter.runSuitesInProcess(ForkedBooter.java:385) ~[surefire-booter-3.1.2.jar:3.1.2]
	at org.apache.maven.surefire.booter.ForkedBooter.execute(ForkedBooter.java:162) ~[surefire-booter-3.1.2.jar:3.1.2]
	at org.apache.maven.surefire.booter.ForkedBooter.run(ForkedBooter.java:507) ~[surefire-booter-3.1.2.jar:3.1.2]
	at org.apache.maven.surefire.booter.ForkedBooter.main(ForkedBooter.java:495) ~[surefire-booter-3.1.2.jar:3.1.2]

]]></system-out>
  </testcase>
</testsuite>