<?xml version="1.0" encoding="UTF-8"?>
<testsuite xmlns:xsi="http://www.w3.org/2001/XMLSchema-instance" xsi:noNamespaceSchemaLocation="https://maven.apache.org/surefire/maven-surefire-plugin/xsd/surefire-test-report-3.0.xsd" version="3.0" name="com.edutech.cursos_inscripciones_service.CursosInscripcionesServiceApplicationTests" time="10.155" tests="1" errors="0" skipped="0" failures="0">
  <properties>
[...]
</properties>
  <testcase name="contextLoads" classname="com.edutech.cursos_inscripciones_service.CursosInscripcionesServiceApplicationTests" time="0.054">
    <system-out><![CDATA[2025-07-01T18:12:40.653-04:00  INFO 20644 --- [cursos-inscripciones-service] [           main] t.c.s.AnnotationConfigContextLoaderUtils : Could not detect default configuration classes for test class [com.edutech.cursos_inscripciones_service.CursosInscripcionesServiceApplicationTests]: CursosInscripcionesServiceApplicationTests does not declare any static, non-private, non-final, nested classes annotated with @Configuration.
2025-07-01T18:12:40.673-04:00  INFO 20644 --- [cursos-inscripciones-service] [           main] .b.t.c.SpringBootTestContextBootstrapper : Found @SpringBootConfiguration com.edutech.cursos_inscripciones_service.CursosInscripcionesServiceApplication for test class com.edutech.cursos_inscripciones_service.CursosInscripcionesServiceApplicationTests
2025-07-01T18:12:40.690-04:00  INFO 20644 --- [cursos-inscripciones-service] [           main] o.s.b.d.r.RestartApplicationListener     : Restart disabled due to context in which it is running

  .   ____          _            __ _ _
 /\\ / ___'_ __ _ _(_)_ __  __ _ \ \ \ \
( ( )\___ | '_ | '_| | '_ \/ _` | \ \ \ \
 \\/  ___)| |_)| | | | | || (_| |  ) ) ) )
  '  |____| .__|_| |_|_| |_\__, | / / / /
 =========|_|==============|___/=/_/_/_/

 :: Spring Boot ::               (v3.3.11)

2025-07-01T18:12:40.744-04:00  INFO 20644 --- [cursos-inscripciones-service] [           main] rsosInscripcionesServiceApplicationTests : Starting CursosInscripcionesServiceApplicationTests using Java 20.0.2 with PID 20644 (started by gilga in C:\Users\gilga\OneDrive\Desktop\Fullstack 1\ClonReposi\Repositorio-EduTech\cursos-inscripciones-service)
2025-07-01T18:12:40.744-04:00  INFO 20644 --- [cursos-inscripciones-service] [           main] rsosInscripcionesServiceApplicationTests : The following 1 profile is active: "test"
2025-07-01T18:12:41.417-04:00  INFO 20644 --- [cursos-inscripciones-service] [           main] .s.d.r.c.RepositoryConfigurationDelegate : Bootstrapping Spring Data JPA repositories in DEFAULT mode.
2025-07-01T18:12:41.560-04:00  INFO 20644 --- [cursos-inscripciones-service] [           main] .s.d.r.c.RepositoryConfigurationDelegate : Finished Spring Data repository scanning in 117 ms. Found 11 JPA repository interfaces.
2025-07-01T18:12:42.266-04:00  INFO 20644 --- [cursos-inscripciones-service] [           main] o.hibernate.jpa.internal.util.LogHelper  : HHH000204: Processing PersistenceUnitInfo [name: default]
2025-07-01T18:12:42.411-04:00  INFO 20644 --- [cursos-inscripciones-service] [           main] org.hibernate.Version                    : HHH000412: Hibernate ORM core version 6.5.3.Final
2025-07-01T18:12:42.520-04:00  INFO 20644 --- [cursos-inscripciones-service] [           main] o.h.c.internal.RegionFactoryInitiator    : HHH000026: Second-level cache disabled
2025-07-01T18:12:42.895-04:00  INFO 20644 --- [cursos-inscripciones-service] [           main] o.s.o.j.p.SpringPersistenceUnitInfo      : No LoadTimeWeaver setup: ignoring JPA class transformer
2025-07-01T18:12:42.979-04:00  INFO 20644 --- [cursos-inscripciones-service] [           main] com.zaxxer.hikari.HikariDataSource       : HikariPool-1 - Starting...
2025-07-01T18:12:43.790-04:00  INFO 20644 --- [cursos-inscripciones-service] [           main] com.zaxxer.hikari.pool.HikariPool        : HikariPool-1 - Added connection com.mysql.cj.jdbc.ConnectionImpl@2e214d39
2025-07-01T18:12:43.805-04:00  INFO 20644 --- [cursos-inscripciones-service] [           main] com.zaxxer.hikari.HikariDataSource       : HikariPool-1 - Start completed.
2025-07-01T18:12:44.047-04:00  WARN 20644 --- [cursos-inscripciones-service] [           main] org.hibernate.orm.deprecation            : HHH90000025: MySQLDialect does not need to be specified explicitly using 'hibernate.dialect' (remove the property setting and it will be selected by default)
2025-07-01T18:12:45.930-04:00  INFO 20644 --- [cursos-inscripciones-service] [           main] o.h.e.t.j.p.i.JtaPlatformInitiator       : HHH000489: No JTA platform available (set 'hibernate.transaction.jta.platform' to enable JTA platform integration)
Hibernate: 
    alter table curso 
       modify column descripcion TEXT
Hibernate: 
    alter table evaluacion 
       modify column descripcion TEXT
Hibernate: 
    alter table modulo 
       modify column descripcion TEXT
Hibernate: 
    alter table tipo_evaluacion 
       modify column descripcion TEXT
2025-07-01T18:12:46.491-04:00  INFO 20644 --- [cursos-inscripciones-service] [           main] j.LocalContainerEntityManagerFactoryBean : Initialized JPA EntityManagerFactory for persistence unit 'default'
2025-07-01T18:12:47.564-04:00  WARN 20644 --- [cursos-inscripciones-service] [           main] JpaBaseConfiguration$JpaWebConfiguration : spring.jpa.open-in-view is enabled by default. Therefore, database queries may be performed during view rendering. Explicitly configure spring.jpa.open-in-view to disable this warning
2025-07-01T18:12:48.403-04:00  INFO 20644 --- [cursos-inscripciones-service] [           main] rsosInscripcionesServiceApplicationTests : Started CursosInscripcionesServiceApplicationTests in 7.715 seconds (process running for 16.86)
Limpiando base de datos...
Hibernate: 
    select
        ne1_0.id_nota_evaluacion,
        ne1_0.comentario,
        ne1_0.id_evaluacion,
        ne1_0.id_modulo_cursado,
        ne1_0.puntaje_obtenido,
        ne1_0.puntaje_requerido 
    from
        nota_evaluacion ne1_0
Hibernate: 
    select
        mc1_0.id_modulo_cursado,
        mc1_0.esta_aprobado,
        mc1_0.fecha_aprovacion,
        mc1_0.id_modulo,
        mc1_0.id_progreso_curso 
    from
        modulo_cursado mc1_0
Hibernate: 
    select
        pc1_0.id_progreso_curso,
        pc1_0.id_inscripcion,
        pc1_0.porcentaje_avance,
        pc1_0.tiempo_total_estudio 
    from
        progreso_curso pc1_0
Hibernate: 
    select
        i1_0.id_inscripcion,
        i1_0.id_curso,
        c1_0.id_curso,
        c1_0.descripcion,
        c1_0.duracion_horas,
        c1_0.estado,
        c1_0.fecha_actualizacion,
        c1_0.fecha_creacion,
        c1_0.numero_orden,
        c1_0.titulo,
        i1_0.esta_aprobado,
        i1_0.id_usuario,
        i1_0.fecha_inscripcion 
    from
        inscripcion i1_0 
    join
        curso c1_0 
            on c1_0.id_curso=i1_0.id_curso 
    where
        i1_0.id_inscripcion=?
Hibernate: 
    select
        i1_0.id_inscripcion,
        i1_0.id_curso,
        c1_0.id_curso,
        c1_0.descripcion,
        c1_0.duracion_horas,
        c1_0.estado,
        c1_0.fecha_actualizacion,
        c1_0.fecha_creacion,
        c1_0.numero_orden,
        c1_0.titulo,
        i1_0.esta_aprobado,
        i1_0.id_usuario,
        i1_0.fecha_inscripcion 
    from
        inscripcion i1_0 
    join
        curso c1_0 
            on c1_0.id_curso=i1_0.id_curso 
    where
        i1_0.id_inscripcion=?
Hibernate: 
    select
        i1_0.id_inscripcion,
        i1_0.id_curso,
        c1_0.id_curso,
        c1_0.descripcion,
        c1_0.duracion_horas,
        c1_0.estado,
        c1_0.fecha_actualizacion,
        c1_0.fecha_creacion,
        c1_0.numero_orden,
        c1_0.titulo,
        i1_0.esta_aprobado,
        i1_0.id_usuario,
        i1_0.fecha_inscripcion 
    from
        inscripcion i1_0 
    join
        curso c1_0 
            on c1_0.id_curso=i1_0.id_curso 
    where
        i1_0.id_inscripcion=?
Hibernate: 
    select
        i1_0.id_inscripcion,
        i1_0.id_curso,
        c1_0.id_curso,
        c1_0.descripcion,
        c1_0.duracion_horas,
        c1_0.estado,
        c1_0.fecha_actualizacion,
        c1_0.fecha_creacion,
        c1_0.numero_orden,
        c1_0.titulo,
        i1_0.esta_aprobado,
        i1_0.id_usuario,
        i1_0.fecha_inscripcion 
    from
        inscripcion i1_0 
    join
        curso c1_0 
            on c1_0.id_curso=i1_0.id_curso 
    where
        i1_0.id_inscripcion=?
Hibernate: 
    select
        i1_0.id_inscripcion,
        i1_0.id_curso,
        c1_0.id_curso,
        c1_0.descripcion,
        c1_0.duracion_horas,
        c1_0.estado,
        c1_0.fecha_actualizacion,
        c1_0.fecha_creacion,
        c1_0.numero_orden,
        c1_0.titulo,
        i1_0.esta_aprobado,
        i1_0.id_usuario,
        i1_0.fecha_inscripcion 
    from
        inscripcion i1_0 
    join
        curso c1_0 
            on c1_0.id_curso=i1_0.id_curso 
    where
        i1_0.id_inscripcion=?
Hibernate: 
    select
        i1_0.id_inscripcion,
        i1_0.id_curso,
        c1_0.id_curso,
        c1_0.descripcion,
        c1_0.duracion_horas,
        c1_0.estado,
        c1_0.fecha_actualizacion,
        c1_0.fecha_creacion,
        c1_0.numero_orden,
        c1_0.titulo,
        i1_0.esta_aprobado,
        i1_0.id_usuario,
        i1_0.fecha_inscripcion 
    from
        inscripcion i1_0 
    join
        curso c1_0 
            on c1_0.id_curso=i1_0.id_curso 
    where
        i1_0.id_inscripcion=?
Hibernate: 
    select
        i1_0.id_inscripcion,
        i1_0.id_curso,
        c1_0.id_curso,
        c1_0.descripcion,
        c1_0.duracion_horas,
        c1_0.estado,
        c1_0.fecha_actualizacion,
        c1_0.fecha_creacion,
        c1_0.numero_orden,
        c1_0.titulo,
        i1_0.esta_aprobado,
        i1_0.id_usuario,
        i1_0.fecha_inscripcion 
    from
        inscripcion i1_0 
    join
        curso c1_0 
            on c1_0.id_curso=i1_0.id_curso 
    where
        i1_0.id_inscripcion=?
Hibernate: 
    select
        mc1_0.id_progreso_curso,
        mc1_0.id_modulo_cursado,
        mc1_0.esta_aprobado,
        mc1_0.fecha_aprovacion,
        mc1_0.id_modulo,
        m1_0.id_modulo,
        m1_0.id_curso,
        c1_0.id_curso,
        c1_0.descripcion,
        c1_0.duracion_horas,
        c1_0.estado,
        c1_0.fecha_actualizacion,
        c1_0.fecha_creacion,
        c1_0.numero_orden,
        c1_0.titulo,
        m1_0.descripcion,
        m1_0.numero_orden,
        m1_0.titulo,
        ne1_0.id_nota_evaluacion,
        ne1_0.comentario,
        ne1_0.id_evaluacion,
        e1_0.id_evaluacion,
        e1_0.id_curso,
        e1_0.descripcion,
        e1_0.id_modulo,
        e1_0.nombre,
        e1_0.id_tipo_evaluacion,
        ne1_0.puntaje_obtenido,
        ne1_0.puntaje_requerido 
    from
        modulo_cursado mc1_0 
    left join
        modulo m1_0 
            on m1_0.id_modulo=mc1_0.id_modulo 
    left join
        curso c1_0 
            on c1_0.id_curso=m1_0.id_curso 
    left join
        nota_evaluacion ne1_0 
            on mc1_0.id_modulo_cursado=ne1_0.id_modulo_cursado 
    left join
        evaluacion e1_0 
            on e1_0.id_evaluacion=ne1_0.id_evaluacion 
    where
        mc1_0.id_progreso_curso=?
Hibernate: 
    select
        mc1_0.id_progreso_curso,
        mc1_0.id_modulo_cursado,
        mc1_0.esta_aprobado,
        mc1_0.fecha_aprovacion,
        mc1_0.id_modulo,
        m1_0.id_modulo,
        m1_0.id_curso,
        c1_0.id_curso,
        c1_0.descripcion,
        c1_0.duracion_horas,
        c1_0.estado,
        c1_0.fecha_actualizacion,
        c1_0.fecha_creacion,
        c1_0.numero_orden,
        c1_0.titulo,
        m1_0.descripcion,
        m1_0.numero_orden,
        m1_0.titulo,
        ne1_0.id_nota_evaluacion,
        ne1_0.comentario,
        ne1_0.id_evaluacion,
        e1_0.id_evaluacion,
        e1_0.id_curso,
        e1_0.descripcion,
        e1_0.id_modulo,
        e1_0.nombre,
        e1_0.id_tipo_evaluacion,
        ne1_0.puntaje_obtenido,
        ne1_0.puntaje_requerido 
    from
        modulo_cursado mc1_0 
    left join
        modulo m1_0 
            on m1_0.id_modulo=mc1_0.id_modulo 
    left join
        curso c1_0 
            on c1_0.id_curso=m1_0.id_curso 
    left join
        nota_evaluacion ne1_0 
            on mc1_0.id_modulo_cursado=ne1_0.id_modulo_cursado 
    left join
        evaluacion e1_0 
            on e1_0.id_evaluacion=ne1_0.id_evaluacion 
    where
        mc1_0.id_progreso_curso=?
Hibernate: 
    select
        mc1_0.id_progreso_curso,
        mc1_0.id_modulo_cursado,
        mc1_0.esta_aprobado,
        mc1_0.fecha_aprovacion,
        mc1_0.id_modulo,
        m1_0.id_modulo,
        m1_0.id_curso,
        c1_0.id_curso,
        c1_0.descripcion,
        c1_0.duracion_horas,
        c1_0.estado,
        c1_0.fecha_actualizacion,
        c1_0.fecha_creacion,
        c1_0.numero_orden,
        c1_0.titulo,
        m1_0.descripcion,
        m1_0.numero_orden,
        m1_0.titulo,
        ne1_0.id_nota_evaluacion,
        ne1_0.comentario,
        ne1_0.id_evaluacion,
        e1_0.id_evaluacion,
        e1_0.id_curso,
        e1_0.descripcion,
        e1_0.id_modulo,
        e1_0.nombre,
        e1_0.id_tipo_evaluacion,
        ne1_0.puntaje_obtenido,
        ne1_0.puntaje_requerido 
    from
        modulo_cursado mc1_0 
    left join
        modulo m1_0 
            on m1_0.id_modulo=mc1_0.id_modulo 
    left join
        curso c1_0 
            on c1_0.id_curso=m1_0.id_curso 
    left join
        nota_evaluacion ne1_0 
            on mc1_0.id_modulo_cursado=ne1_0.id_modulo_cursado 
    left join
        evaluacion e1_0 
            on e1_0.id_evaluacion=ne1_0.id_evaluacion 
    where
        mc1_0.id_progreso_curso=?
Hibernate: 
    select
        mc1_0.id_progreso_curso,
        mc1_0.id_modulo_cursado,
        mc1_0.esta_aprobado,
        mc1_0.fecha_aprovacion,
        mc1_0.id_modulo,
        m1_0.id_modulo,
        m1_0.id_curso,
        c1_0.id_curso,
        c1_0.descripcion,
        c1_0.duracion_horas,
        c1_0.estado,
        c1_0.fecha_actualizacion,
        c1_0.fecha_creacion,
        c1_0.numero_orden,
        c1_0.titulo,
        m1_0.descripcion,
        m1_0.numero_orden,
        m1_0.titulo,
        ne1_0.id_nota_evaluacion,
        ne1_0.comentario,
        ne1_0.id_evaluacion,
        e1_0.id_evaluacion,
        e1_0.id_curso,
        e1_0.descripcion,
        e1_0.id_modulo,
        e1_0.nombre,
        e1_0.id_tipo_evaluacion,
        ne1_0.puntaje_obtenido,
        ne1_0.puntaje_requerido 
    from
        modulo_cursado mc1_0 
    left join
        modulo m1_0 
            on m1_0.id_modulo=mc1_0.id_modulo 
    left join
        curso c1_0 
            on c1_0.id_curso=m1_0.id_curso 
    left join
        nota_evaluacion ne1_0 
            on mc1_0.id_modulo_cursado=ne1_0.id_modulo_cursado 
    left join
        evaluacion e1_0 
            on e1_0.id_evaluacion=ne1_0.id_evaluacion 
    where
        mc1_0.id_progreso_curso=?
Hibernate: 
    select
        mc1_0.id_progreso_curso,
        mc1_0.id_modulo_cursado,
        mc1_0.esta_aprobado,
        mc1_0.fecha_aprovacion,
        mc1_0.id_modulo,
        m1_0.id_modulo,
        m1_0.id_curso,
        c1_0.id_curso,
        c1_0.descripcion,
        c1_0.duracion_horas,
        c1_0.estado,
        c1_0.fecha_actualizacion,
        c1_0.fecha_creacion,
        c1_0.numero_orden,
        c1_0.titulo,
        m1_0.descripcion,
        m1_0.numero_orden,
        m1_0.titulo,
        ne1_0.id_nota_evaluacion,
        ne1_0.comentario,
        ne1_0.id_evaluacion,
        e1_0.id_evaluacion,
        e1_0.id_curso,
        e1_0.descripcion,
        e1_0.id_modulo,
        e1_0.nombre,
        e1_0.id_tipo_evaluacion,
        ne1_0.puntaje_obtenido,
        ne1_0.puntaje_requerido 
    from
        modulo_cursado mc1_0 
    left join
        modulo m1_0 
            on m1_0.id_modulo=mc1_0.id_modulo 
    left join
        curso c1_0 
            on c1_0.id_curso=m1_0.id_curso 
    left join
        nota_evaluacion ne1_0 
            on mc1_0.id_modulo_cursado=ne1_0.id_modulo_cursado 
    left join
        evaluacion e1_0 
            on e1_0.id_evaluacion=ne1_0.id_evaluacion 
    where
        mc1_0.id_progreso_curso=?
Hibernate: 
    select
        mc1_0.id_progreso_curso,
        mc1_0.id_modulo_cursado,
        mc1_0.esta_aprobado,
        mc1_0.fecha_aprovacion,
        mc1_0.id_modulo,
        m1_0.id_modulo,
        m1_0.id_curso,
        c1_0.id_curso,
        c1_0.descripcion,
        c1_0.duracion_horas,
        c1_0.estado,
        c1_0.fecha_actualizacion,
        c1_0.fecha_creacion,
        c1_0.numero_orden,
        c1_0.titulo,
        m1_0.descripcion,
        m1_0.numero_orden,
        m1_0.titulo,
        ne1_0.id_nota_evaluacion,
        ne1_0.comentario,
        ne1_0.id_evaluacion,
        e1_0.id_evaluacion,
        e1_0.id_curso,
        e1_0.descripcion,
        e1_0.id_modulo,
        e1_0.nombre,
        e1_0.id_tipo_evaluacion,
        ne1_0.puntaje_obtenido,
        ne1_0.puntaje_requerido 
    from
        modulo_cursado mc1_0 
    left join
        modulo m1_0 
            on m1_0.id_modulo=mc1_0.id_modulo 
    left join
        curso c1_0 
            on c1_0.id_curso=m1_0.id_curso 
    left join
        nota_evaluacion ne1_0 
            on mc1_0.id_modulo_cursado=ne1_0.id_modulo_cursado 
    left join
        evaluacion e1_0 
            on e1_0.id_evaluacion=ne1_0.id_evaluacion 
    where
        mc1_0.id_progreso_curso=?
Hibernate: 
    select
        mc1_0.id_progreso_curso,
        mc1_0.id_modulo_cursado,
        mc1_0.esta_aprobado,
        mc1_0.fecha_aprovacion,
        mc1_0.id_modulo,
        m1_0.id_modulo,
        m1_0.id_curso,
        c1_0.id_curso,
        c1_0.descripcion,
        c1_0.duracion_horas,
        c1_0.estado,
        c1_0.fecha_actualizacion,
        c1_0.fecha_creacion,
        c1_0.numero_orden,
        c1_0.titulo,
        m1_0.descripcion,
        m1_0.numero_orden,
        m1_0.titulo,
        ne1_0.id_nota_evaluacion,
        ne1_0.comentario,
        ne1_0.id_evaluacion,
        e1_0.id_evaluacion,
        e1_0.id_curso,
        e1_0.descripcion,
        e1_0.id_modulo,
        e1_0.nombre,
        e1_0.id_tipo_evaluacion,
        ne1_0.puntaje_obtenido,
        ne1_0.puntaje_requerido 
    from
        modulo_cursado mc1_0 
    left join
        modulo m1_0 
            on m1_0.id_modulo=mc1_0.id_modulo 
    left join
        curso c1_0 
            on c1_0.id_curso=m1_0.id_curso 
    left join
        nota_evaluacion ne1_0 
            on mc1_0.id_modulo_cursado=ne1_0.id_modulo_cursado 
    left join
        evaluacion e1_0 
            on e1_0.id_evaluacion=ne1_0.id_evaluacion 
    where
        mc1_0.id_progreso_curso=?
Hibernate: 
    delete 
    from
        progreso_curso 
    where
        id_progreso_curso=?
Hibernate: 
    delete 
    from
        progreso_curso 
    where
        id_progreso_curso=?
Hibernate: 
    delete 
    from
        progreso_curso 
    where
        id_progreso_curso=?
Hibernate: 
    delete 
    from
        progreso_curso 
    where
        id_progreso_curso=?
Hibernate: 
    delete 
    from
        progreso_curso 
    where
        id_progreso_curso=?
Hibernate: 
    delete 
    from
        progreso_curso 
    where
        id_progreso_curso=?
Hibernate: 
    delete 
    from
        progreso_curso 
    where
        id_progreso_curso=?
Hibernate: 
    select
        ic1_0.id_instructor_curso,
        ic1_0.id_curso,
        ic1_0.fecha_otorgacion,
        ic1_0.id_usuario 
    from
        instructor_curso ic1_0
Hibernate: 
    select
        i1_0.id_inscripcion,
        i1_0.id_curso,
        i1_0.esta_aprobado,
        i1_0.id_usuario,
        i1_0.fecha_inscripcion 
    from
        inscripcion i1_0
Hibernate: 
    select
        c1_0.id_curso,
        c1_0.descripcion,
        c1_0.duracion_horas,
        c1_0.estado,
        c1_0.fecha_actualizacion,
        c1_0.fecha_creacion,
        c1_0.numero_orden,
        c1_0.titulo 
    from
        curso c1_0 
    where
        c1_0.id_curso=?
Hibernate: 
    select
        c1_0.id_curso,
        c1_0.descripcion,
        c1_0.duracion_horas,
        c1_0.estado,
        c1_0.fecha_actualizacion,
        c1_0.fecha_creacion,
        c1_0.numero_orden,
        c1_0.titulo 
    from
        curso c1_0 
    where
        c1_0.id_curso=?
Hibernate: 
    select
        c1_0.id_curso,
        c1_0.descripcion,
        c1_0.duracion_horas,
        c1_0.estado,
        c1_0.fecha_actualizacion,
        c1_0.fecha_creacion,
        c1_0.numero_orden,
        c1_0.titulo 
    from
        curso c1_0 
    where
        c1_0.id_curso=?
Hibernate: 
    delete 
    from
        inscripcion 
    where
        id_inscripcion=?
Hibernate: 
    delete 
    from
        inscripcion 
    where
        id_inscripcion=?
Hibernate: 
    delete 
    from
        inscripcion 
    where
        id_inscripcion=?
Hibernate: 
    delete 
    from
        inscripcion 
    where
        id_inscripcion=?
Hibernate: 
    delete 
    from
        inscripcion 
    where
        id_inscripcion=?
Hibernate: 
    delete 
    from
        inscripcion 
    where
        id_inscripcion=?
Hibernate: 
    delete 
    from
        inscripcion 
    where
        id_inscripcion=?
Hibernate: 
    delete 
    from
        inscripcion 
    where
        id_inscripcion=?
Hibernate: 
    delete 
    from
        inscripcion 
    where
        id_inscripcion=?
Hibernate: 
    delete 
    from
        inscripcion 
    where
        id_inscripcion=?
Hibernate: 
    select
        e1_0.id_evaluacion,
        e1_0.id_curso,
        e1_0.descripcion,
        e1_0.id_modulo,
        e1_0.nombre,
        e1_0.id_tipo_evaluacion 
    from
        evaluacion e1_0
Hibernate: 
    select
        c1_0.id_curso,
        c1_0.descripcion,
        c1_0.duracion_horas,
        c1_0.estado,
        c1_0.fecha_actualizacion,
        c1_0.fecha_creacion,
        c1_0.numero_orden,
        c1_0.titulo 
    from
        curso c1_0 
    where
        c1_0.id_curso=?
Hibernate: 
    select
        te1_0.id_tipo_evaluacion,
        te1_0.descripcion,
        te1_0.nombre 
    from
        tipo_evaluacion te1_0 
    where
        te1_0.id_tipo_evaluacion=?
Hibernate: 
    select
        c1_0.id_curso,
        c1_0.descripcion,
        c1_0.duracion_horas,
        c1_0.estado,
        c1_0.fecha_actualizacion,
        c1_0.fecha_creacion,
        c1_0.numero_orden,
        c1_0.titulo 
    from
        curso c1_0 
    where
        c1_0.id_curso=?
Hibernate: 
    select
        te1_0.id_tipo_evaluacion,
        te1_0.descripcion,
        te1_0.nombre 
    from
        tipo_evaluacion te1_0 
    where
        te1_0.id_tipo_evaluacion=?
Hibernate: 
    select
        te1_0.id_tipo_evaluacion,
        te1_0.descripcion,
        te1_0.nombre 
    from
        tipo_evaluacion te1_0 
    where
        te1_0.id_tipo_evaluacion=?
Hibernate: 
    select
        c1_0.id_curso,
        c1_0.descripcion,
        c1_0.duracion_horas,
        c1_0.estado,
        c1_0.fecha_actualizacion,
        c1_0.fecha_creacion,
        c1_0.numero_orden,
        c1_0.titulo 
    from
        curso c1_0 
    where
        c1_0.id_curso=?
Hibernate: 
    select
        te1_0.id_tipo_evaluacion,
        te1_0.descripcion,
        te1_0.nombre 
    from
        tipo_evaluacion te1_0 
    where
        te1_0.id_tipo_evaluacion=?
Hibernate: 
    select
        c1_0.id_curso,
        c1_0.descripcion,
        c1_0.duracion_horas,
        c1_0.estado,
        c1_0.fecha_actualizacion,
        c1_0.fecha_creacion,
        c1_0.numero_orden,
        c1_0.titulo 
    from
        curso c1_0 
    where
        c1_0.id_curso=?
Hibernate: 
    select
        c1_0.id_curso,
        c1_0.descripcion,
        c1_0.duracion_horas,
        c1_0.estado,
        c1_0.fecha_actualizacion,
        c1_0.fecha_creacion,
        c1_0.numero_orden,
        c1_0.titulo 
    from
        curso c1_0 
    where
        c1_0.id_curso=?
Hibernate: 
    select
        te1_0.id_tipo_evaluacion,
        te1_0.descripcion,
        te1_0.nombre 
    from
        tipo_evaluacion te1_0 
    where
        te1_0.id_tipo_evaluacion=?
Hibernate: 
    delete 
    from
        evaluacion 
    where
        id_evaluacion=?
Hibernate: 
    delete 
    from
        evaluacion 
    where
        id_evaluacion=?
Hibernate: 
    delete 
    from
        evaluacion 
    where
        id_evaluacion=?
Hibernate: 
    delete 
    from
        evaluacion 
    where
        id_evaluacion=?
Hibernate: 
    delete 
    from
        evaluacion 
    where
        id_evaluacion=?
Hibernate: 
    delete 
    from
        evaluacion 
    where
        id_evaluacion=?
Hibernate: 
    delete 
    from
        evaluacion 
    where
        id_evaluacion=?
Hibernate: 
    delete 
    from
        evaluacion 
    where
        id_evaluacion=?
Hibernate: 
    delete 
    from
        evaluacion 
    where
        id_evaluacion=?
Hibernate: 
    delete 
    from
        evaluacion 
    where
        id_evaluacion=?
Hibernate: 
    select
        m1_0.id_modulo,
        m1_0.id_curso,
        m1_0.descripcion,
        m1_0.numero_orden,
        m1_0.titulo 
    from
        modulo m1_0
Hibernate: 
    select
        c1_0.id_curso,
        c1_0.descripcion,
        c1_0.duracion_horas,
        c1_0.estado,
        c1_0.fecha_actualizacion,
        c1_0.fecha_creacion,
        c1_0.numero_orden,
        c1_0.titulo 
    from
        curso c1_0 
    where
        c1_0.id_curso=?
Hibernate: 
    select
        c1_0.id_curso,
        c1_0.descripcion,
        c1_0.duracion_horas,
        c1_0.estado,
        c1_0.fecha_actualizacion,
        c1_0.fecha_creacion,
        c1_0.numero_orden,
        c1_0.titulo 
    from
        curso c1_0 
    where
        c1_0.id_curso=?
Hibernate: 
    select
        c1_0.id_curso,
        c1_0.descripcion,
        c1_0.duracion_horas,
        c1_0.estado,
        c1_0.fecha_actualizacion,
        c1_0.fecha_creacion,
        c1_0.numero_orden,
        c1_0.titulo 
    from
        curso c1_0 
    where
        c1_0.id_curso=?
Hibernate: 
    select
        c1_0.id_curso,
        c1_0.descripcion,
        c1_0.duracion_horas,
        c1_0.estado,
        c1_0.fecha_actualizacion,
        c1_0.fecha_creacion,
        c1_0.numero_orden,
        c1_0.titulo 
    from
        curso c1_0 
    where
        c1_0.id_curso=?
Hibernate: 
    select
        c1_0.id_curso,
        c1_0.descripcion,
        c1_0.duracion_horas,
        c1_0.estado,
        c1_0.fecha_actualizacion,
        c1_0.fecha_creacion,
        c1_0.numero_orden,
        c1_0.titulo 
    from
        curso c1_0 
    where
        c1_0.id_curso=?
Hibernate: 
    delete 
    from
        modulo 
    where
        id_modulo=?
Hibernate: 
    delete 
    from
        modulo 
    where
        id_modulo=?
Hibernate: 
    delete 
    from
        modulo 
    where
        id_modulo=?
Hibernate: 
    delete 
    from
        modulo 
    where
        id_modulo=?
Hibernate: 
    delete 
    from
        modulo 
    where
        id_modulo=?
Hibernate: 
    delete 
    from
        modulo 
    where
        id_modulo=?
Hibernate: 
    delete 
    from
        modulo 
    where
        id_modulo=?
Hibernate: 
    delete 
    from
        modulo 
    where
        id_modulo=?
Hibernate: 
    delete 
    from
        modulo 
    where
        id_modulo=?
Hibernate: 
    delete 
    from
        modulo 
    where
        id_modulo=?
Hibernate: 
    delete 
    from
        modulo 
    where
        id_modulo=?
Hibernate: 
    delete 
    from
        modulo 
    where
        id_modulo=?
Hibernate: 
    delete 
    from
        modulo 
    where
        id_modulo=?
Hibernate: 
    delete 
    from
        modulo 
    where
        id_modulo=?
Hibernate: 
    delete 
    from
        modulo 
    where
        id_modulo=?
Hibernate: 
    delete 
    from
        modulo 
    where
        id_modulo=?
Hibernate: 
    delete 
    from
        modulo 
    where
        id_modulo=?
Hibernate: 
    delete 
    from
        modulo 
    where
        id_modulo=?
Hibernate: 
    delete 
    from
        modulo 
    where
        id_modulo=?
Hibernate: 
    delete 
    from
        modulo 
    where
        id_modulo=?
Hibernate: 
    delete 
    from
        modulo 
    where
        id_modulo=?
Hibernate: 
    delete 
    from
        modulo 
    where
        id_modulo=?
Hibernate: 
    select
        cc1_0.id_curso_categoria,
        cc1_0.id_categoria,
        cc1_0.id_curso 
    from
        curso_categoria cc1_0
Hibernate: 
    select
        c1_0.id_categoria,
        c1_0.nombre 
    from
        categoria c1_0 
    where
        c1_0.id_categoria=?
Hibernate: 
    select
        c1_0.id_curso,
        c1_0.descripcion,
        c1_0.duracion_horas,
        c1_0.estado,
        c1_0.fecha_actualizacion,
        c1_0.fecha_creacion,
        c1_0.numero_orden,
        c1_0.titulo 
    from
        curso c1_0 
    where
        c1_0.id_curso=?
Hibernate: 
    select
        c1_0.id_categoria,
        c1_0.nombre 
    from
        categoria c1_0 
    where
        c1_0.id_categoria=?
Hibernate: 
    select
        c1_0.id_categoria,
        c1_0.nombre 
    from
        categoria c1_0 
    where
        c1_0.id_categoria=?
Hibernate: 
    select
        c1_0.id_curso,
        c1_0.descripcion,
        c1_0.duracion_horas,
        c1_0.estado,
        c1_0.fecha_actualizacion,
        c1_0.fecha_creacion,
        c1_0.numero_orden,
        c1_0.titulo 
    from
        curso c1_0 
    where
        c1_0.id_curso=?
Hibernate: 
    select
        c1_0.id_categoria,
        c1_0.nombre 
    from
        categoria c1_0 
    where
        c1_0.id_categoria=?
Hibernate: 
    select
        c1_0.id_curso,
        c1_0.descripcion,
        c1_0.duracion_horas,
        c1_0.estado,
        c1_0.fecha_actualizacion,
        c1_0.fecha_creacion,
        c1_0.numero_orden,
        c1_0.titulo 
    from
        curso c1_0 
    where
        c1_0.id_curso=?
Hibernate: 
    select
        c1_0.id_curso,
        c1_0.descripcion,
        c1_0.duracion_horas,
        c1_0.estado,
        c1_0.fecha_actualizacion,
        c1_0.fecha_creacion,
        c1_0.numero_orden,
        c1_0.titulo 
    from
        curso c1_0 
    where
        c1_0.id_curso=?
Hibernate: 
    select
        c1_0.id_curso,
        c1_0.descripcion,
        c1_0.duracion_horas,
        c1_0.estado,
        c1_0.fecha_actualizacion,
        c1_0.fecha_creacion,
        c1_0.numero_orden,
        c1_0.titulo 
    from
        curso c1_0 
    where
        c1_0.id_curso=?
Hibernate: 
    delete 
    from
        curso_categoria 
    where
        id_curso_categoria=?
Hibernate: 
    delete 
    from
        curso_categoria 
    where
        id_curso_categoria=?
Hibernate: 
    delete 
    from
        curso_categoria 
    where
        id_curso_categoria=?
Hibernate: 
    delete 
    from
        curso_categoria 
    where
        id_curso_categoria=?
Hibernate: 
    delete 
    from
        curso_categoria 
    where
        id_curso_categoria=?
Hibernate: 
    delete 
    from
        curso_categoria 
    where
        id_curso_categoria=?
Hibernate: 
    delete 
    from
        curso_categoria 
    where
        id_curso_categoria=?
Hibernate: 
    delete 
    from
        curso_categoria 
    where
        id_curso_categoria=?
Hibernate: 
    select
        c1_0.id_curso,
        c1_0.descripcion,
        c1_0.duracion_horas,
        c1_0.estado,
        c1_0.fecha_actualizacion,
        c1_0.fecha_creacion,
        c1_0.numero_orden,
        c1_0.titulo 
    from
        curso c1_0
Hibernate: 
    select
        cc1_0.id_curso,
        cc1_0.id_curso_categoria,
        cc1_0.id_categoria,
        c1_0.id_categoria,
        c1_0.nombre 
    from
        curso_categoria cc1_0 
    left join
        categoria c1_0 
            on c1_0.id_categoria=cc1_0.id_categoria 
    where
        cc1_0.id_curso=?
Hibernate: 
    select
        m1_0.id_curso,
        m1_0.id_modulo,
        m1_0.descripcion,
        m1_0.numero_orden,
        m1_0.titulo 
    from
        modulo m1_0 
    where
        m1_0.id_curso=? 
    order by
        m1_0.numero_orden
Hibernate: 
    select
        cc1_0.id_curso,
        cc1_0.id_curso_categoria,
        cc1_0.id_categoria,
        c1_0.id_categoria,
        c1_0.nombre 
    from
        curso_categoria cc1_0 
    left join
        categoria c1_0 
            on c1_0.id_categoria=cc1_0.id_categoria 
    where
        cc1_0.id_curso=?
Hibernate: 
    select
        m1_0.id_curso,
        m1_0.id_modulo,
        m1_0.descripcion,
        m1_0.numero_orden,
        m1_0.titulo 
    from
        modulo m1_0 
    where
        m1_0.id_curso=? 
    order by
        m1_0.numero_orden
Hibernate: 
    select
        cc1_0.id_curso,
        cc1_0.id_curso_categoria,
        cc1_0.id_categoria,
        c1_0.id_categoria,
        c1_0.nombre 
    from
        curso_categoria cc1_0 
    left join
        categoria c1_0 
            on c1_0.id_categoria=cc1_0.id_categoria 
    where
        cc1_0.id_curso=?
Hibernate: 
    select
        m1_0.id_curso,
        m1_0.id_modulo,
        m1_0.descripcion,
        m1_0.numero_orden,
        m1_0.titulo 
    from
        modulo m1_0 
    where
        m1_0.id_curso=? 
    order by
        m1_0.numero_orden
Hibernate: 
    select
        cc1_0.id_curso,
        cc1_0.id_curso_categoria,
        cc1_0.id_categoria,
        c1_0.id_categoria,
        c1_0.nombre 
    from
        curso_categoria cc1_0 
    left join
        categoria c1_0 
            on c1_0.id_categoria=cc1_0.id_categoria 
    where
        cc1_0.id_curso=?
Hibernate: 
    select
        m1_0.id_curso,
        m1_0.id_modulo,
        m1_0.descripcion,
        m1_0.numero_orden,
        m1_0.titulo 
    from
        modulo m1_0 
    where
        m1_0.id_curso=? 
    order by
        m1_0.numero_orden
Hibernate: 
    select
        cc1_0.id_curso,
        cc1_0.id_curso_categoria,
        cc1_0.id_categoria,
        c1_0.id_categoria,
        c1_0.nombre 
    from
        curso_categoria cc1_0 
    left join
        categoria c1_0 
            on c1_0.id_categoria=cc1_0.id_categoria 
    where
        cc1_0.id_curso=?
Hibernate: 
    select
        m1_0.id_curso,
        m1_0.id_modulo,
        m1_0.descripcion,
        m1_0.numero_orden,
        m1_0.titulo 
    from
        modulo m1_0 
    where
        m1_0.id_curso=? 
    order by
        m1_0.numero_orden
Hibernate: 
    delete 
    from
        curso 
    where
        id_curso=?
Hibernate: 
    delete 
    from
        curso 
    where
        id_curso=?
Hibernate: 
    delete 
    from
        curso 
    where
        id_curso=?
Hibernate: 
    delete 
    from
        curso 
    where
        id_curso=?
Hibernate: 
    delete 
    from
        curso 
    where
        id_curso=?
Hibernate: 
    select
        te1_0.id_tipo_evaluacion,
        te1_0.descripcion,
        te1_0.nombre 
    from
        tipo_evaluacion te1_0
Hibernate: 
    delete 
    from
        tipo_evaluacion 
    where
        id_tipo_evaluacion=?
Hibernate: 
    delete 
    from
        tipo_evaluacion 
    where
        id_tipo_evaluacion=?
Hibernate: 
    delete 
    from
        tipo_evaluacion 
    where
        id_tipo_evaluacion=?
Hibernate: 
    delete 
    from
        tipo_evaluacion 
    where
        id_tipo_evaluacion=?
Hibernate: 
    delete 
    from
        tipo_evaluacion 
    where
        id_tipo_evaluacion=?
Hibernate: 
    delete 
    from
        tipo_evaluacion 
    where
        id_tipo_evaluacion=?
Hibernate: 
    select
        c1_0.id_categoria,
        c1_0.nombre 
    from
        categoria c1_0
Hibernate: 
    select
        cc1_0.id_categoria,
        cc1_0.id_curso_categoria,
        cc1_0.id_curso,
        c2_0.id_curso,
        c2_0.descripcion,
        c2_0.duracion_horas,
        c2_0.estado,
        c2_0.fecha_actualizacion,
        c2_0.fecha_creacion,
        c2_0.numero_orden,
        c2_0.titulo 
    from
        curso_categoria cc1_0 
    left join
        curso c2_0 
            on c2_0.id_curso=cc1_0.id_curso 
    where
        cc1_0.id_categoria=?
Hibernate: 
    select
        cc1_0.id_categoria,
        cc1_0.id_curso_categoria,
        cc1_0.id_curso,
        c2_0.id_curso,
        c2_0.descripcion,
        c2_0.duracion_horas,
        c2_0.estado,
        c2_0.fecha_actualizacion,
        c2_0.fecha_creacion,
        c2_0.numero_orden,
        c2_0.titulo 
    from
        curso_categoria cc1_0 
    left join
        curso c2_0 
            on c2_0.id_curso=cc1_0.id_curso 
    where
        cc1_0.id_categoria=?
Hibernate: 
    select
        cc1_0.id_categoria,
        cc1_0.id_curso_categoria,
        cc1_0.id_curso,
        c2_0.id_curso,
        c2_0.descripcion,
        c2_0.duracion_horas,
        c2_0.estado,
        c2_0.fecha_actualizacion,
        c2_0.fecha_creacion,
        c2_0.numero_orden,
        c2_0.titulo 
    from
        curso_categoria cc1_0 
    left join
        curso c2_0 
            on c2_0.id_curso=cc1_0.id_curso 
    where
        cc1_0.id_categoria=?
Hibernate: 
    select
        cc1_0.id_categoria,
        cc1_0.id_curso_categoria,
        cc1_0.id_curso,
        c2_0.id_curso,
        c2_0.descripcion,
        c2_0.duracion_horas,
        c2_0.estado,
        c2_0.fecha_actualizacion,
        c2_0.fecha_creacion,
        c2_0.numero_orden,
        c2_0.titulo 
    from
        curso_categoria cc1_0 
    left join
        curso c2_0 
            on c2_0.id_curso=cc1_0.id_curso 
    where
        cc1_0.id_categoria=?
Hibernate: 
    delete 
    from
        categoria 
    where
        id_categoria=?
Hibernate: 
    delete 
    from
        categoria 
    where
        id_categoria=?
Hibernate: 
    delete 
    from
        categoria 
    where
        id_categoria=?
Hibernate: 
    delete 
    from
        categoria 
    where
        id_categoria=?
Base de datos limpiada.
Generando categorías...
Hibernate: 
    insert 
    into
        categoria
        (nombre) 
    values
        (?)
Hibernate: 
    insert 
    into
        categoria
        (nombre) 
    values
        (?)
Hibernate: 
    insert 
    into
        categoria
        (nombre) 
    values
        (?)
Hibernate: 
    insert 
    into
        categoria
        (nombre) 
    values
        (?)
Generando tipos de evaluación...
Hibernate: 
    insert 
    into
        tipo_evaluacion
        (descripcion, nombre) 
    values
        (?, ?)
Hibernate: 
    insert 
    into
        tipo_evaluacion
        (descripcion, nombre) 
    values
        (?, ?)
Hibernate: 
    insert 
    into
        tipo_evaluacion
        (descripcion, nombre) 
    values
        (?, ?)
Hibernate: 
    insert 
    into
        tipo_evaluacion
        (descripcion, nombre) 
    values
        (?, ?)
Hibernate: 
    insert 
    into
        tipo_evaluacion
        (descripcion, nombre) 
    values
        (?, ?)
Hibernate: 
    insert 
    into
        tipo_evaluacion
        (descripcion, nombre) 
    values
        (?, ?)
Generando cursos...
Hibernate: 
    select
        c1_0.id_categoria,
        c1_0.nombre 
    from
        categoria c1_0
Hibernate: 
    insert 
    into
        curso
        (descripcion, duracion_horas, estado, fecha_actualizacion, fecha_creacion, numero_orden, titulo) 
    values
        (?, ?, ?, ?, ?, ?, ?)
Hibernate: 
    insert 
    into
        curso
        (descripcion, duracion_horas, estado, fecha_actualizacion, fecha_creacion, numero_orden, titulo) 
    values
        (?, ?, ?, ?, ?, ?, ?)
Hibernate: 
    insert 
    into
        curso
        (descripcion, duracion_horas, estado, fecha_actualizacion, fecha_creacion, numero_orden, titulo) 
    values
        (?, ?, ?, ?, ?, ?, ?)
Hibernate: 
    insert 
    into
        curso
        (descripcion, duracion_horas, estado, fecha_actualizacion, fecha_creacion, numero_orden, titulo) 
    values
        (?, ?, ?, ?, ?, ?, ?)
Hibernate: 
    insert 
    into
        curso
        (descripcion, duracion_horas, estado, fecha_actualizacion, fecha_creacion, numero_orden, titulo) 
    values
        (?, ?, ?, ?, ?, ?, ?)
Generando evaluaciones...
Hibernate: 
    select
        c1_0.id_curso,
        c1_0.descripcion,
        c1_0.duracion_horas,
        c1_0.estado,
        c1_0.fecha_actualizacion,
        c1_0.fecha_creacion,
        c1_0.numero_orden,
        c1_0.titulo 
    from
        curso c1_0
Hibernate: 
    select
        te1_0.id_tipo_evaluacion,
        te1_0.descripcion,
        te1_0.nombre 
    from
        tipo_evaluacion te1_0
Hibernate: 
    insert 
    into
        evaluacion
        (id_curso, descripcion, id_modulo, nombre, id_tipo_evaluacion) 
    values
        (?, ?, ?, ?, ?)
Hibernate: 
    insert 
    into
        evaluacion
        (id_curso, descripcion, id_modulo, nombre, id_tipo_evaluacion) 
    values
        (?, ?, ?, ?, ?)
Hibernate: 
    insert 
    into
        evaluacion
        (id_curso, descripcion, id_modulo, nombre, id_tipo_evaluacion) 
    values
        (?, ?, ?, ?, ?)
Hibernate: 
    insert 
    into
        evaluacion
        (id_curso, descripcion, id_modulo, nombre, id_tipo_evaluacion) 
    values
        (?, ?, ?, ?, ?)
Hibernate: 
    insert 
    into
        evaluacion
        (id_curso, descripcion, id_modulo, nombre, id_tipo_evaluacion) 
    values
        (?, ?, ?, ?, ?)
Hibernate: 
    insert 
    into
        evaluacion
        (id_curso, descripcion, id_modulo, nombre, id_tipo_evaluacion) 
    values
        (?, ?, ?, ?, ?)
Hibernate: 
    insert 
    into
        evaluacion
        (id_curso, descripcion, id_modulo, nombre, id_tipo_evaluacion) 
    values
        (?, ?, ?, ?, ?)
Hibernate: 
    insert 
    into
        evaluacion
        (id_curso, descripcion, id_modulo, nombre, id_tipo_evaluacion) 
    values
        (?, ?, ?, ?, ?)
Hibernate: 
    insert 
    into
        evaluacion
        (id_curso, descripcion, id_modulo, nombre, id_tipo_evaluacion) 
    values
        (?, ?, ?, ?, ?)
Hibernate: 
    insert 
    into
        evaluacion
        (id_curso, descripcion, id_modulo, nombre, id_tipo_evaluacion) 
    values
        (?, ?, ?, ?, ?)
Generando inscripciones...
Hibernate: 
    insert 
    into
        inscripcion
        (id_curso, esta_aprobado, id_usuario, fecha_inscripcion) 
    values
        (?, ?, ?, ?)
Hibernate: 
    insert 
    into
        inscripcion
        (id_curso, esta_aprobado, id_usuario, fecha_inscripcion) 
    values
        (?, ?, ?, ?)
Hibernate: 
    insert 
    into
        inscripcion
        (id_curso, esta_aprobado, id_usuario, fecha_inscripcion) 
    values
        (?, ?, ?, ?)
Hibernate: 
    insert 
    into
        inscripcion
        (id_curso, esta_aprobado, id_usuario, fecha_inscripcion) 
    values
        (?, ?, ?, ?)
Hibernate: 
    insert 
    into
        inscripcion
        (id_curso, esta_aprobado, id_usuario, fecha_inscripcion) 
    values
        (?, ?, ?, ?)
Hibernate: 
    insert 
    into
        inscripcion
        (id_curso, esta_aprobado, id_usuario, fecha_inscripcion) 
    values
        (?, ?, ?, ?)
Hibernate: 
    insert 
    into
        inscripcion
        (id_curso, esta_aprobado, id_usuario, fecha_inscripcion) 
    values
        (?, ?, ?, ?)
Hibernate: 
    insert 
    into
        inscripcion
        (id_curso, esta_aprobado, id_usuario, fecha_inscripcion) 
    values
        (?, ?, ?, ?)
Hibernate: 
    insert 
    into
        inscripcion
        (id_curso, esta_aprobado, id_usuario, fecha_inscripcion) 
    values
        (?, ?, ?, ?)
Hibernate: 
    insert 
    into
        inscripcion
        (id_curso, esta_aprobado, id_usuario, fecha_inscripcion) 
    values
        (?, ?, ?, ?)
Generando instructor-curso...
Hibernate: 
    insert 
    into
        instructor_curso
        (id_curso, fecha_otorgacion, id_usuario) 
    values
        (?, ?, ?)
Hibernate: 
    insert 
    into
        instructor_curso
        (id_curso, fecha_otorgacion, id_usuario) 
    values
        (?, ?, ?)
Hibernate: 
    insert 
    into
        instructor_curso
        (id_curso, fecha_otorgacion, id_usuario) 
    values
        (?, ?, ?)
Hibernate: 
    insert 
    into
        instructor_curso
        (id_curso, fecha_otorgacion, id_usuario) 
    values
        (?, ?, ?)
Hibernate: 
    insert 
    into
        instructor_curso
        (id_curso, fecha_otorgacion, id_usuario) 
    values
        (?, ?, ?)
Hibernate: 
    insert 
    into
        instructor_curso
        (id_curso, fecha_otorgacion, id_usuario) 
    values
        (?, ?, ?)
Hibernate: 
    insert 
    into
        instructor_curso
        (id_curso, fecha_otorgacion, id_usuario) 
    values
        (?, ?, ?)
Generando progreso de cursos...
Hibernate: 
    select
        i1_0.id_inscripcion,
        i1_0.id_curso,
        i1_0.esta_aprobado,
        i1_0.id_usuario,
        i1_0.fecha_inscripcion 
    from
        inscripcion i1_0
Hibernate: 
    select
        c1_0.id_curso,
        c1_0.descripcion,
        c1_0.duracion_horas,
        c1_0.estado,
        c1_0.fecha_actualizacion,
        c1_0.fecha_creacion,
        c1_0.numero_orden,
        c1_0.titulo 
    from
        curso c1_0 
    where
        c1_0.id_curso=?
Hibernate: 
    select
        c1_0.id_curso,
        c1_0.descripcion,
        c1_0.duracion_horas,
        c1_0.estado,
        c1_0.fecha_actualizacion,
        c1_0.fecha_creacion,
        c1_0.numero_orden,
        c1_0.titulo 
    from
        curso c1_0 
    where
        c1_0.id_curso=?
Hibernate: 
    select
        c1_0.id_curso,
        c1_0.descripcion,
        c1_0.duracion_horas,
        c1_0.estado,
        c1_0.fecha_actualizacion,
        c1_0.fecha_creacion,
        c1_0.numero_orden,
        c1_0.titulo 
    from
        curso c1_0 
    where
        c1_0.id_curso=?
Hibernate: 
    select
        c1_0.id_curso,
        c1_0.descripcion,
        c1_0.duracion_horas,
        c1_0.estado,
        c1_0.fecha_actualizacion,
        c1_0.fecha_creacion,
        c1_0.numero_orden,
        c1_0.titulo 
    from
        curso c1_0 
    where
        c1_0.id_curso=?
Hibernate: 
    insert 
    into
        progreso_curso
        (id_inscripcion, porcentaje_avance, tiempo_total_estudio) 
    values
        (?, ?, ?)
Hibernate: 
    insert 
    into
        progreso_curso
        (id_inscripcion, porcentaje_avance, tiempo_total_estudio) 
    values
        (?, ?, ?)
Hibernate: 
    insert 
    into
        progreso_curso
        (id_inscripcion, porcentaje_avance, tiempo_total_estudio) 
    values
        (?, ?, ?)
Hibernate: 
    insert 
    into
        progreso_curso
        (id_inscripcion, porcentaje_avance, tiempo_total_estudio) 
    values
        (?, ?, ?)
Hibernate: 
    insert 
    into
        progreso_curso
        (id_inscripcion, porcentaje_avance, tiempo_total_estudio) 
    values
        (?, ?, ?)
Hibernate: 
    insert 
    into
        progreso_curso
        (id_inscripcion, porcentaje_avance, tiempo_total_estudio) 
    values
        (?, ?, ?)
Hibernate: 
    insert 
    into
        progreso_curso
        (id_inscripcion, porcentaje_avance, tiempo_total_estudio) 
    values
        (?, ?, ?)
Generando relaciones Curso-Categoría...
Hibernate: 
    insert 
    into
        curso_categoria
        (id_categoria, id_curso) 
    values
        (?, ?)
Hibernate: 
    insert 
    into
        curso_categoria
        (id_categoria, id_curso) 
    values
        (?, ?)
Hibernate: 
    insert 
    into
        curso_categoria
        (id_categoria, id_curso) 
    values
        (?, ?)
Hibernate: 
    insert 
    into
        curso_categoria
        (id_categoria, id_curso) 
    values
        (?, ?)
Hibernate: 
    insert 
    into
        curso_categoria
        (id_categoria, id_curso) 
    values
        (?, ?)
Hibernate: 
    insert 
    into
        curso_categoria
        (id_categoria, id_curso) 
    values
        (?, ?)
Hibernate: 
    insert 
    into
        curso_categoria
        (id_categoria, id_curso) 
    values
        (?, ?)
Hibernate: 
    insert 
    into
        curso_categoria
        (id_categoria, id_curso) 
    values
        (?, ?)
Hibernate: 
    insert 
    into
        curso_categoria
        (id_categoria, id_curso) 
    values
        (?, ?)
Generando módulos...
Hibernate: 
    insert 
    into
        modulo
        (id_curso, descripcion, numero_orden, titulo) 
    values
        (?, ?, ?, ?)
Hibernate: 
    insert 
    into
        modulo
        (id_curso, descripcion, numero_orden, titulo) 
    values
        (?, ?, ?, ?)
Hibernate: 
    insert 
    into
        modulo
        (id_curso, descripcion, numero_orden, titulo) 
    values
        (?, ?, ?, ?)
Hibernate: 
    insert 
    into
        modulo
        (id_curso, descripcion, numero_orden, titulo) 
    values
        (?, ?, ?, ?)
Hibernate: 
    insert 
    into
        modulo
        (id_curso, descripcion, numero_orden, titulo) 
    values
        (?, ?, ?, ?)
Hibernate: 
    insert 
    into
        modulo
        (id_curso, descripcion, numero_orden, titulo) 
    values
        (?, ?, ?, ?)
Hibernate: 
    insert 
    into
        modulo
        (id_curso, descripcion, numero_orden, titulo) 
    values
        (?, ?, ?, ?)
Hibernate: 
    insert 
    into
        modulo
        (id_curso, descripcion, numero_orden, titulo) 
    values
        (?, ?, ?, ?)
Hibernate: 
    insert 
    into
        modulo
        (id_curso, descripcion, numero_orden, titulo) 
    values
        (?, ?, ?, ?)
Hibernate: 
    insert 
    into
        modulo
        (id_curso, descripcion, numero_orden, titulo) 
    values
        (?, ?, ?, ?)
Hibernate: 
    insert 
    into
        modulo
        (id_curso, descripcion, numero_orden, titulo) 
    values
        (?, ?, ?, ?)
Hibernate: 
    insert 
    into
        modulo
        (id_curso, descripcion, numero_orden, titulo) 
    values
        (?, ?, ?, ?)
Hibernate: 
    insert 
    into
        modulo
        (id_curso, descripcion, numero_orden, titulo) 
    values
        (?, ?, ?, ?)
Hibernate: 
    insert 
    into
        modulo
        (id_curso, descripcion, numero_orden, titulo) 
    values
        (?, ?, ?, ?)
Hibernate: 
    insert 
    into
        modulo
        (id_curso, descripcion, numero_orden, titulo) 
    values
        (?, ?, ?, ?)
Hibernate: 
    insert 
    into
        modulo
        (id_curso, descripcion, numero_orden, titulo) 
    values
        (?, ?, ?, ?)
Hibernate: 
    insert 
    into
        modulo
        (id_curso, descripcion, numero_orden, titulo) 
    values
        (?, ?, ?, ?)
Hibernate: 
    insert 
    into
        modulo
        (id_curso, descripcion, numero_orden, titulo) 
    values
        (?, ?, ?, ?)
Hibernate: 
    insert 
    into
        modulo
        (id_curso, descripcion, numero_orden, titulo) 
    values
        (?, ?, ?, ?)
Hibernate: 
    insert 
    into
        modulo
        (id_curso, descripcion, numero_orden, titulo) 
    values
        (?, ?, ?, ?)
Hibernate: 
    insert 
    into
        modulo
        (id_curso, descripcion, numero_orden, titulo) 
    values
        (?, ?, ?, ?)
Hibernate: 
    insert 
    into
        modulo
        (id_curso, descripcion, numero_orden, titulo) 
    values
        (?, ?, ?, ?)
Hibernate: 
    insert 
    into
        modulo
        (id_curso, descripcion, numero_orden, titulo) 
    values
        (?, ?, ?, ?)
Generando módulos cursados...
Hibernate: 
    select
        m1_0.id_modulo,
        m1_0.id_curso,
        m1_0.descripcion,
        m1_0.numero_orden,
        m1_0.titulo 
    from
        modulo m1_0
Hibernate: 
    select
        c1_0.id_curso,
        c1_0.descripcion,
        c1_0.duracion_horas,
        c1_0.estado,
        c1_0.fecha_actualizacion,
        c1_0.fecha_creacion,
        c1_0.numero_orden,
        c1_0.titulo 
    from
        curso c1_0 
    where
        c1_0.id_curso=?
Hibernate: 
    select
        c1_0.id_curso,
        c1_0.descripcion,
        c1_0.duracion_horas,
        c1_0.estado,
        c1_0.fecha_actualizacion,
        c1_0.fecha_creacion,
        c1_0.numero_orden,
        c1_0.titulo 
    from
        curso c1_0 
    where
        c1_0.id_curso=?
Hibernate: 
    select
        c1_0.id_curso,
        c1_0.descripcion,
        c1_0.duracion_horas,
        c1_0.estado,
        c1_0.fecha_actualizacion,
        c1_0.fecha_creacion,
        c1_0.numero_orden,
        c1_0.titulo 
    from
        curso c1_0 
    where
        c1_0.id_curso=?
Hibernate: 
    select
        c1_0.id_curso,
        c1_0.descripcion,
        c1_0.duracion_horas,
        c1_0.estado,
        c1_0.fecha_actualizacion,
        c1_0.fecha_creacion,
        c1_0.numero_orden,
        c1_0.titulo 
    from
        curso c1_0 
    where
        c1_0.id_curso=?
Hibernate: 
    select
        c1_0.id_curso,
        c1_0.descripcion,
        c1_0.duracion_horas,
        c1_0.estado,
        c1_0.fecha_actualizacion,
        c1_0.fecha_creacion,
        c1_0.numero_orden,
        c1_0.titulo 
    from
        curso c1_0 
    where
        c1_0.id_curso=?
Hibernate: 
    select
        pc1_0.id_progreso_curso,
        pc1_0.id_inscripcion,
        pc1_0.porcentaje_avance,
        pc1_0.tiempo_total_estudio 
    from
        progreso_curso pc1_0
Hibernate: 
    select
        i1_0.id_inscripcion,
        i1_0.id_curso,
        c1_0.id_curso,
        c1_0.descripcion,
        c1_0.duracion_horas,
        c1_0.estado,
        c1_0.fecha_actualizacion,
        c1_0.fecha_creacion,
        c1_0.numero_orden,
        c1_0.titulo,
        i1_0.esta_aprobado,
        i1_0.id_usuario,
        i1_0.fecha_inscripcion 
    from
        inscripcion i1_0 
    join
        curso c1_0 
            on c1_0.id_curso=i1_0.id_curso 
    where
        i1_0.id_inscripcion=?
Hibernate: 
    select
        i1_0.id_inscripcion,
        i1_0.id_curso,
        c1_0.id_curso,
        c1_0.descripcion,
        c1_0.duracion_horas,
        c1_0.estado,
        c1_0.fecha_actualizacion,
        c1_0.fecha_creacion,
        c1_0.numero_orden,
        c1_0.titulo,
        i1_0.esta_aprobado,
        i1_0.id_usuario,
        i1_0.fecha_inscripcion 
    from
        inscripcion i1_0 
    join
        curso c1_0 
            on c1_0.id_curso=i1_0.id_curso 
    where
        i1_0.id_inscripcion=?
Hibernate: 
    select
        i1_0.id_inscripcion,
        i1_0.id_curso,
        c1_0.id_curso,
        c1_0.descripcion,
        c1_0.duracion_horas,
        c1_0.estado,
        c1_0.fecha_actualizacion,
        c1_0.fecha_creacion,
        c1_0.numero_orden,
        c1_0.titulo,
        i1_0.esta_aprobado,
        i1_0.id_usuario,
        i1_0.fecha_inscripcion 
    from
        inscripcion i1_0 
    join
        curso c1_0 
            on c1_0.id_curso=i1_0.id_curso 
    where
        i1_0.id_inscripcion=?
Hibernate: 
    select
        i1_0.id_inscripcion,
        i1_0.id_curso,
        c1_0.id_curso,
        c1_0.descripcion,
        c1_0.duracion_horas,
        c1_0.estado,
        c1_0.fecha_actualizacion,
        c1_0.fecha_creacion,
        c1_0.numero_orden,
        c1_0.titulo,
        i1_0.esta_aprobado,
        i1_0.id_usuario,
        i1_0.fecha_inscripcion 
    from
        inscripcion i1_0 
    join
        curso c1_0 
            on c1_0.id_curso=i1_0.id_curso 
    where
        i1_0.id_inscripcion=?
Hibernate: 
    select
        i1_0.id_inscripcion,
        i1_0.id_curso,
        c1_0.id_curso,
        c1_0.descripcion,
        c1_0.duracion_horas,
        c1_0.estado,
        c1_0.fecha_actualizacion,
        c1_0.fecha_creacion,
        c1_0.numero_orden,
        c1_0.titulo,
        i1_0.esta_aprobado,
        i1_0.id_usuario,
        i1_0.fecha_inscripcion 
    from
        inscripcion i1_0 
    join
        curso c1_0 
            on c1_0.id_curso=i1_0.id_curso 
    where
        i1_0.id_inscripcion=?
Hibernate: 
    select
        i1_0.id_inscripcion,
        i1_0.id_curso,
        c1_0.id_curso,
        c1_0.descripcion,
        c1_0.duracion_horas,
        c1_0.estado,
        c1_0.fecha_actualizacion,
        c1_0.fecha_creacion,
        c1_0.numero_orden,
        c1_0.titulo,
        i1_0.esta_aprobado,
        i1_0.id_usuario,
        i1_0.fecha_inscripcion 
    from
        inscripcion i1_0 
    join
        curso c1_0 
            on c1_0.id_curso=i1_0.id_curso 
    where
        i1_0.id_inscripcion=?
Hibernate: 
    select
        i1_0.id_inscripcion,
        i1_0.id_curso,
        c1_0.id_curso,
        c1_0.descripcion,
        c1_0.duracion_horas,
        c1_0.estado,
        c1_0.fecha_actualizacion,
        c1_0.fecha_creacion,
        c1_0.numero_orden,
        c1_0.titulo,
        i1_0.esta_aprobado,
        i1_0.id_usuario,
        i1_0.fecha_inscripcion 
    from
        inscripcion i1_0 
    join
        curso c1_0 
            on c1_0.id_curso=i1_0.id_curso 
    where
        i1_0.id_inscripcion=?
Hibernate: 
    insert 
    into
        modulo_cursado
        (esta_aprobado, fecha_aprovacion, id_modulo, id_progreso_curso) 
    values
        (?, ?, ?, ?)
Hibernate: 
    insert 
    into
        modulo_cursado
        (esta_aprobado, fecha_aprovacion, id_modulo, id_progreso_curso) 
    values
        (?, ?, ?, ?)
Hibernate: 
    insert 
    into
        modulo_cursado
        (esta_aprobado, fecha_aprovacion, id_modulo, id_progreso_curso) 
    values
        (?, ?, ?, ?)
Hibernate: 
    insert 
    into
        modulo_cursado
        (esta_aprobado, fecha_aprovacion, id_modulo, id_progreso_curso) 
    values
        (?, ?, ?, ?)
Hibernate: 
    insert 
    into
        modulo_cursado
        (esta_aprobado, fecha_aprovacion, id_modulo, id_progreso_curso) 
    values
        (?, ?, ?, ?)
Hibernate: 
    insert 
    into
        modulo_cursado
        (esta_aprobado, fecha_aprovacion, id_modulo, id_progreso_curso) 
    values
        (?, ?, ?, ?)
Hibernate: 
    insert 
    into
        modulo_cursado
        (esta_aprobado, fecha_aprovacion, id_modulo, id_progreso_curso) 
    values
        (?, ?, ?, ?)
Generando notas de evaluación...
Hibernate: 
    select
        e1_0.id_evaluacion,
        e1_0.id_curso,
        e1_0.descripcion,
        e1_0.id_modulo,
        e1_0.nombre,
        e1_0.id_tipo_evaluacion 
    from
        evaluacion e1_0
Hibernate: 
    select
        c1_0.id_curso,
        c1_0.descripcion,
        c1_0.duracion_horas,
        c1_0.estado,
        c1_0.fecha_actualizacion,
        c1_0.fecha_creacion,
        c1_0.numero_orden,
        c1_0.titulo 
    from
        curso c1_0 
    where
        c1_0.id_curso=?
Hibernate: 
    select
        te1_0.id_tipo_evaluacion,
        te1_0.descripcion,
        te1_0.nombre 
    from
        tipo_evaluacion te1_0 
    where
        te1_0.id_tipo_evaluacion=?
Hibernate: 
    select
        te1_0.id_tipo_evaluacion,
        te1_0.descripcion,
        te1_0.nombre 
    from
        tipo_evaluacion te1_0 
    where
        te1_0.id_tipo_evaluacion=?
Hibernate: 
    select
        c1_0.id_curso,
        c1_0.descripcion,
        c1_0.duracion_horas,
        c1_0.estado,
        c1_0.fecha_actualizacion,
        c1_0.fecha_creacion,
        c1_0.numero_orden,
        c1_0.titulo 
    from
        curso c1_0 
    where
        c1_0.id_curso=?
Hibernate: 
    select
        te1_0.id_tipo_evaluacion,
        te1_0.descripcion,
        te1_0.nombre 
    from
        tipo_evaluacion te1_0 
    where
        te1_0.id_tipo_evaluacion=?
Hibernate: 
    select
        c1_0.id_curso,
        c1_0.descripcion,
        c1_0.duracion_horas,
        c1_0.estado,
        c1_0.fecha_actualizacion,
        c1_0.fecha_creacion,
        c1_0.numero_orden,
        c1_0.titulo 
    from
        curso c1_0 
    where
        c1_0.id_curso=?
Hibernate: 
    select
        te1_0.id_tipo_evaluacion,
        te1_0.descripcion,
        te1_0.nombre 
    from
        tipo_evaluacion te1_0 
    where
        te1_0.id_tipo_evaluacion=?
Hibernate: 
    select
        c1_0.id_curso,
        c1_0.descripcion,
        c1_0.duracion_horas,
        c1_0.estado,
        c1_0.fecha_actualizacion,
        c1_0.fecha_creacion,
        c1_0.numero_orden,
        c1_0.titulo 
    from
        curso c1_0 
    where
        c1_0.id_curso=?
Hibernate: 
    select
        c1_0.id_curso,
        c1_0.descripcion,
        c1_0.duracion_horas,
        c1_0.estado,
        c1_0.fecha_actualizacion,
        c1_0.fecha_creacion,
        c1_0.numero_orden,
        c1_0.titulo 
    from
        curso c1_0 
    where
        c1_0.id_curso=?
Hibernate: 
    select
        mc1_0.id_modulo_cursado,
        mc1_0.esta_aprobado,
        mc1_0.fecha_aprovacion,
        mc1_0.id_modulo,
        mc1_0.id_progreso_curso 
    from
        modulo_cursado mc1_0
Hibernate: 
    select
        m1_0.id_modulo,
        m1_0.id_curso,
        c1_0.id_curso,
        c1_0.descripcion,
        c1_0.duracion_horas,
        c1_0.estado,
        c1_0.fecha_actualizacion,
        c1_0.fecha_creacion,
        c1_0.numero_orden,
        c1_0.titulo,
        m1_0.descripcion,
        m1_0.numero_orden,
        m1_0.titulo 
    from
        modulo m1_0 
    join
        curso c1_0 
            on c1_0.id_curso=m1_0.id_curso 
    where
        m1_0.id_modulo=?
Hibernate: 
    select
        ne1_0.id_nota_evaluacion,
        ne1_0.comentario,
        ne1_0.id_evaluacion,
        e1_0.id_evaluacion,
        e1_0.id_curso,
        c1_0.id_curso,
        c1_0.descripcion,
        c1_0.duracion_horas,
        c1_0.estado,
        c1_0.fecha_actualizacion,
        c1_0.fecha_creacion,
        c1_0.numero_orden,
        c1_0.titulo,
        e1_0.descripcion,
        m1_0.id_modulo,
        m1_0.id_curso,
        m1_0.descripcion,
        m1_0.numero_orden,
        m1_0.titulo,
        e1_0.nombre,
        e1_0.id_tipo_evaluacion,
        te1_0.id_tipo_evaluacion,
        te1_0.descripcion,
        te1_0.nombre,
        mc1_0.id_modulo_cursado,
        mc1_0.esta_aprobado,
        mc1_0.fecha_aprovacion,
        mc1_0.id_modulo,
        m2_0.id_modulo,
        m2_0.id_curso,
        m2_0.descripcion,
        m2_0.numero_orden,
        m2_0.titulo,
        mc1_0.id_progreso_curso,
        pc1_0.id_progreso_curso,
        pc1_0.id_inscripcion,
        pc1_0.porcentaje_avance,
        pc1_0.tiempo_total_estudio,
        ne1_0.puntaje_obtenido,
        ne1_0.puntaje_requerido 
    from
        nota_evaluacion ne1_0 
    join
        evaluacion e1_0 
            on e1_0.id_evaluacion=ne1_0.id_evaluacion 
    left join
        curso c1_0 
            on c1_0.id_curso=e1_0.id_curso 
    left join
        modulo m1_0 
            on m1_0.id_modulo=e1_0.id_modulo 
    left join
        tipo_evaluacion te1_0 
            on te1_0.id_tipo_evaluacion=e1_0.id_tipo_evaluacion 
    left join
        modulo_cursado mc1_0 
            on mc1_0.id_modulo_cursado=ne1_0.id_modulo_cursado 
    left join
        modulo m2_0 
            on m2_0.id_modulo=mc1_0.id_modulo 
    left join
        progreso_curso pc1_0 
            on pc1_0.id_progreso_curso=mc1_0.id_progreso_curso 
    where
        ne1_0.id_modulo_cursado=?
Hibernate: 
    select
        pc1_0.id_progreso_curso,
        pc1_0.id_inscripcion,
        i1_0.id_inscripcion,
        i1_0.id_curso,
        c1_0.id_curso,
        c1_0.descripcion,
        c1_0.duracion_horas,
        c1_0.estado,
        c1_0.fecha_actualizacion,
        c1_0.fecha_creacion,
        c1_0.numero_orden,
        c1_0.titulo,
        i1_0.esta_aprobado,
        i1_0.id_usuario,
        i1_0.fecha_inscripcion,
        pc1_0.porcentaje_avance,
        pc1_0.tiempo_total_estudio 
    from
        progreso_curso pc1_0 
    join
        inscripcion i1_0 
            on i1_0.id_inscripcion=pc1_0.id_inscripcion 
    left join
        curso c1_0 
            on c1_0.id_curso=i1_0.id_curso 
    where
        pc1_0.id_progreso_curso=?
Hibernate: 
    select
        m1_0.id_modulo,
        m1_0.id_curso,
        c1_0.id_curso,
        c1_0.descripcion,
        c1_0.duracion_horas,
        c1_0.estado,
        c1_0.fecha_actualizacion,
        c1_0.fecha_creacion,
        c1_0.numero_orden,
        c1_0.titulo,
        m1_0.descripcion,
        m1_0.numero_orden,
        m1_0.titulo 
    from
        modulo m1_0 
    join
        curso c1_0 
            on c1_0.id_curso=m1_0.id_curso 
    where
        m1_0.id_modulo=?
Hibernate: 
    select
        ne1_0.id_nota_evaluacion,
        ne1_0.comentario,
        ne1_0.id_evaluacion,
        e1_0.id_evaluacion,
        e1_0.id_curso,
        c1_0.id_curso,
        c1_0.descripcion,
        c1_0.duracion_horas,
        c1_0.estado,
        c1_0.fecha_actualizacion,
        c1_0.fecha_creacion,
        c1_0.numero_orden,
        c1_0.titulo,
        e1_0.descripcion,
        m1_0.id_modulo,
        m1_0.id_curso,
        m1_0.descripcion,
        m1_0.numero_orden,
        m1_0.titulo,
        e1_0.nombre,
        e1_0.id_tipo_evaluacion,
        te1_0.id_tipo_evaluacion,
        te1_0.descripcion,
        te1_0.nombre,
        mc1_0.id_modulo_cursado,
        mc1_0.esta_aprobado,
        mc1_0.fecha_aprovacion,
        mc1_0.id_modulo,
        m2_0.id_modulo,
        m2_0.id_curso,
        m2_0.descripcion,
        m2_0.numero_orden,
        m2_0.titulo,
        mc1_0.id_progreso_curso,
        pc1_0.id_progreso_curso,
        pc1_0.id_inscripcion,
        pc1_0.porcentaje_avance,
        pc1_0.tiempo_total_estudio,
        ne1_0.puntaje_obtenido,
        ne1_0.puntaje_requerido 
    from
        nota_evaluacion ne1_0 
    join
        evaluacion e1_0 
            on e1_0.id_evaluacion=ne1_0.id_evaluacion 
    left join
        curso c1_0 
            on c1_0.id_curso=e1_0.id_curso 
    left join
        modulo m1_0 
            on m1_0.id_modulo=e1_0.id_modulo 
    left join
        tipo_evaluacion te1_0 
            on te1_0.id_tipo_evaluacion=e1_0.id_tipo_evaluacion 
    left join
        modulo_cursado mc1_0 
            on mc1_0.id_modulo_cursado=ne1_0.id_modulo_cursado 
    left join
        modulo m2_0 
            on m2_0.id_modulo=mc1_0.id_modulo 
    left join
        progreso_curso pc1_0 
            on pc1_0.id_progreso_curso=mc1_0.id_progreso_curso 
    where
        ne1_0.id_modulo_cursado=?
Hibernate: 
    select
        pc1_0.id_progreso_curso,
        pc1_0.id_inscripcion,
        i1_0.id_inscripcion,
        i1_0.id_curso,
        c1_0.id_curso,
        c1_0.descripcion,
        c1_0.duracion_horas,
        c1_0.estado,
        c1_0.fecha_actualizacion,
        c1_0.fecha_creacion,
        c1_0.numero_orden,
        c1_0.titulo,
        i1_0.esta_aprobado,
        i1_0.id_usuario,
        i1_0.fecha_inscripcion,
        pc1_0.porcentaje_avance,
        pc1_0.tiempo_total_estudio 
    from
        progreso_curso pc1_0 
    join
        inscripcion i1_0 
            on i1_0.id_inscripcion=pc1_0.id_inscripcion 
    left join
        curso c1_0 
            on c1_0.id_curso=i1_0.id_curso 
    where
        pc1_0.id_progreso_curso=?
Hibernate: 
    select
        m1_0.id_modulo,
        m1_0.id_curso,
        c1_0.id_curso,
        c1_0.descripcion,
        c1_0.duracion_horas,
        c1_0.estado,
        c1_0.fecha_actualizacion,
        c1_0.fecha_creacion,
        c1_0.numero_orden,
        c1_0.titulo,
        m1_0.descripcion,
        m1_0.numero_orden,
        m1_0.titulo 
    from
        modulo m1_0 
    join
        curso c1_0 
            on c1_0.id_curso=m1_0.id_curso 
    where
        m1_0.id_modulo=?
Hibernate: 
    select
        ne1_0.id_nota_evaluacion,
        ne1_0.comentario,
        ne1_0.id_evaluacion,
        e1_0.id_evaluacion,
        e1_0.id_curso,
        c1_0.id_curso,
        c1_0.descripcion,
        c1_0.duracion_horas,
        c1_0.estado,
        c1_0.fecha_actualizacion,
        c1_0.fecha_creacion,
        c1_0.numero_orden,
        c1_0.titulo,
        e1_0.descripcion,
        m1_0.id_modulo,
        m1_0.id_curso,
        m1_0.descripcion,
        m1_0.numero_orden,
        m1_0.titulo,
        e1_0.nombre,
        e1_0.id_tipo_evaluacion,
        te1_0.id_tipo_evaluacion,
        te1_0.descripcion,
        te1_0.nombre,
        mc1_0.id_modulo_cursado,
        mc1_0.esta_aprobado,
        mc1_0.fecha_aprovacion,
        mc1_0.id_modulo,
        m2_0.id_modulo,
        m2_0.id_curso,
        m2_0.descripcion,
        m2_0.numero_orden,
        m2_0.titulo,
        mc1_0.id_progreso_curso,
        pc1_0.id_progreso_curso,
        pc1_0.id_inscripcion,
        pc1_0.porcentaje_avance,
        pc1_0.tiempo_total_estudio,
        ne1_0.puntaje_obtenido,
        ne1_0.puntaje_requerido 
    from
        nota_evaluacion ne1_0 
    join
        evaluacion e1_0 
            on e1_0.id_evaluacion=ne1_0.id_evaluacion 
    left join
        curso c1_0 
            on c1_0.id_curso=e1_0.id_curso 
    left join
        modulo m1_0 
            on m1_0.id_modulo=e1_0.id_modulo 
    left join
        tipo_evaluacion te1_0 
            on te1_0.id_tipo_evaluacion=e1_0.id_tipo_evaluacion 
    left join
        modulo_cursado mc1_0 
            on mc1_0.id_modulo_cursado=ne1_0.id_modulo_cursado 
    left join
        modulo m2_0 
            on m2_0.id_modulo=mc1_0.id_modulo 
    left join
        progreso_curso pc1_0 
            on pc1_0.id_progreso_curso=mc1_0.id_progreso_curso 
    where
        ne1_0.id_modulo_cursado=?
Hibernate: 
    select
        pc1_0.id_progreso_curso,
        pc1_0.id_inscripcion,
        i1_0.id_inscripcion,
        i1_0.id_curso,
        c1_0.id_curso,
        c1_0.descripcion,
        c1_0.duracion_horas,
        c1_0.estado,
        c1_0.fecha_actualizacion,
        c1_0.fecha_creacion,
        c1_0.numero_orden,
        c1_0.titulo,
        i1_0.esta_aprobado,
        i1_0.id_usuario,
        i1_0.fecha_inscripcion,
        pc1_0.porcentaje_avance,
        pc1_0.tiempo_total_estudio 
    from
        progreso_curso pc1_0 
    join
        inscripcion i1_0 
            on i1_0.id_inscripcion=pc1_0.id_inscripcion 
    left join
        curso c1_0 
            on c1_0.id_curso=i1_0.id_curso 
    where
        pc1_0.id_progreso_curso=?
Hibernate: 
    select
        m1_0.id_modulo,
        m1_0.id_curso,
        c1_0.id_curso,
        c1_0.descripcion,
        c1_0.duracion_horas,
        c1_0.estado,
        c1_0.fecha_actualizacion,
        c1_0.fecha_creacion,
        c1_0.numero_orden,
        c1_0.titulo,
        m1_0.descripcion,
        m1_0.numero_orden,
        m1_0.titulo 
    from
        modulo m1_0 
    join
        curso c1_0 
            on c1_0.id_curso=m1_0.id_curso 
    where
        m1_0.id_modulo=?
Hibernate: 
    select
        ne1_0.id_nota_evaluacion,
        ne1_0.comentario,
        ne1_0.id_evaluacion,
        e1_0.id_evaluacion,
        e1_0.id_curso,
        c1_0.id_curso,
        c1_0.descripcion,
        c1_0.duracion_horas,
        c1_0.estado,
        c1_0.fecha_actualizacion,
        c1_0.fecha_creacion,
        c1_0.numero_orden,
        c1_0.titulo,
        e1_0.descripcion,
        m1_0.id_modulo,
        m1_0.id_curso,
        m1_0.descripcion,
        m1_0.numero_orden,
        m1_0.titulo,
        e1_0.nombre,
        e1_0.id_tipo_evaluacion,
        te1_0.id_tipo_evaluacion,
        te1_0.descripcion,
        te1_0.nombre,
        mc1_0.id_modulo_cursado,
        mc1_0.esta_aprobado,
        mc1_0.fecha_aprovacion,
        mc1_0.id_modulo,
        m2_0.id_modulo,
        m2_0.id_curso,
        m2_0.descripcion,
        m2_0.numero_orden,
        m2_0.titulo,
        mc1_0.id_progreso_curso,
        pc1_0.id_progreso_curso,
        pc1_0.id_inscripcion,
        pc1_0.porcentaje_avance,
        pc1_0.tiempo_total_estudio,
        ne1_0.puntaje_obtenido,
        ne1_0.puntaje_requerido 
    from
        nota_evaluacion ne1_0 
    join
        evaluacion e1_0 
            on e1_0.id_evaluacion=ne1_0.id_evaluacion 
    left join
        curso c1_0 
            on c1_0.id_curso=e1_0.id_curso 
    left join
        modulo m1_0 
            on m1_0.id_modulo=e1_0.id_modulo 
    left join
        tipo_evaluacion te1_0 
            on te1_0.id_tipo_evaluacion=e1_0.id_tipo_evaluacion 
    left join
        modulo_cursado mc1_0 
            on mc1_0.id_modulo_cursado=ne1_0.id_modulo_cursado 
    left join
        modulo m2_0 
            on m2_0.id_modulo=mc1_0.id_modulo 
    left join
        progreso_curso pc1_0 
            on pc1_0.id_progreso_curso=mc1_0.id_progreso_curso 
    where
        ne1_0.id_modulo_cursado=?
Hibernate: 
    select
        pc1_0.id_progreso_curso,
        pc1_0.id_inscripcion,
        i1_0.id_inscripcion,
        i1_0.id_curso,
        c1_0.id_curso,
        c1_0.descripcion,
        c1_0.duracion_horas,
        c1_0.estado,
        c1_0.fecha_actualizacion,
        c1_0.fecha_creacion,
        c1_0.numero_orden,
        c1_0.titulo,
        i1_0.esta_aprobado,
        i1_0.id_usuario,
        i1_0.fecha_inscripcion,
        pc1_0.porcentaje_avance,
        pc1_0.tiempo_total_estudio 
    from
        progreso_curso pc1_0 
    join
        inscripcion i1_0 
            on i1_0.id_inscripcion=pc1_0.id_inscripcion 
    left join
        curso c1_0 
            on c1_0.id_curso=i1_0.id_curso 
    where
        pc1_0.id_progreso_curso=?
Hibernate: 
    select
        m1_0.id_modulo,
        m1_0.id_curso,
        c1_0.id_curso,
        c1_0.descripcion,
        c1_0.duracion_horas,
        c1_0.estado,
        c1_0.fecha_actualizacion,
        c1_0.fecha_creacion,
        c1_0.numero_orden,
        c1_0.titulo,
        m1_0.descripcion,
        m1_0.numero_orden,
        m1_0.titulo 
    from
        modulo m1_0 
    join
        curso c1_0 
            on c1_0.id_curso=m1_0.id_curso 
    where
        m1_0.id_modulo=?
Hibernate: 
    select
        ne1_0.id_nota_evaluacion,
        ne1_0.comentario,
        ne1_0.id_evaluacion,
        e1_0.id_evaluacion,
        e1_0.id_curso,
        c1_0.id_curso,
        c1_0.descripcion,
        c1_0.duracion_horas,
        c1_0.estado,
        c1_0.fecha_actualizacion,
        c1_0.fecha_creacion,
        c1_0.numero_orden,
        c1_0.titulo,
        e1_0.descripcion,
        m1_0.id_modulo,
        m1_0.id_curso,
        m1_0.descripcion,
        m1_0.numero_orden,
        m1_0.titulo,
        e1_0.nombre,
        e1_0.id_tipo_evaluacion,
        te1_0.id_tipo_evaluacion,
        te1_0.descripcion,
        te1_0.nombre,
        mc1_0.id_modulo_cursado,
        mc1_0.esta_aprobado,
        mc1_0.fecha_aprovacion,
        mc1_0.id_modulo,
        m2_0.id_modulo,
        m2_0.id_curso,
        m2_0.descripcion,
        m2_0.numero_orden,
        m2_0.titulo,
        mc1_0.id_progreso_curso,
        pc1_0.id_progreso_curso,
        pc1_0.id_inscripcion,
        pc1_0.porcentaje_avance,
        pc1_0.tiempo_total_estudio,
        ne1_0.puntaje_obtenido,
        ne1_0.puntaje_requerido 
    from
        nota_evaluacion ne1_0 
    join
        evaluacion e1_0 
            on e1_0.id_evaluacion=ne1_0.id_evaluacion 
    left join
        curso c1_0 
            on c1_0.id_curso=e1_0.id_curso 
    left join
        modulo m1_0 
            on m1_0.id_modulo=e1_0.id_modulo 
    left join
        tipo_evaluacion te1_0 
            on te1_0.id_tipo_evaluacion=e1_0.id_tipo_evaluacion 
    left join
        modulo_cursado mc1_0 
            on mc1_0.id_modulo_cursado=ne1_0.id_modulo_cursado 
    left join
        modulo m2_0 
            on m2_0.id_modulo=mc1_0.id_modulo 
    left join
        progreso_curso pc1_0 
            on pc1_0.id_progreso_curso=mc1_0.id_progreso_curso 
    where
        ne1_0.id_modulo_cursado=?
Hibernate: 
    select
        ne1_0.id_nota_evaluacion,
        ne1_0.comentario,
        ne1_0.id_evaluacion,
        e1_0.id_evaluacion,
        e1_0.id_curso,
        c1_0.id_curso,
        c1_0.descripcion,
        c1_0.duracion_horas,
        c1_0.estado,
        c1_0.fecha_actualizacion,
        c1_0.fecha_creacion,
        c1_0.numero_orden,
        c1_0.titulo,
        e1_0.descripcion,
        m1_0.id_modulo,
        m1_0.id_curso,
        m1_0.descripcion,
        m1_0.numero_orden,
        m1_0.titulo,
        e1_0.nombre,
        e1_0.id_tipo_evaluacion,
        te1_0.id_tipo_evaluacion,
        te1_0.descripcion,
        te1_0.nombre,
        mc1_0.id_modulo_cursado,
        mc1_0.esta_aprobado,
        mc1_0.fecha_aprovacion,
        mc1_0.id_modulo,
        m2_0.id_modulo,
        m2_0.id_curso,
        m2_0.descripcion,
        m2_0.numero_orden,
        m2_0.titulo,
        mc1_0.id_progreso_curso,
        pc1_0.id_progreso_curso,
        pc1_0.id_inscripcion,
        pc1_0.porcentaje_avance,
        pc1_0.tiempo_total_estudio,
        ne1_0.puntaje_obtenido,
        ne1_0.puntaje_requerido 
    from
        nota_evaluacion ne1_0 
    join
        evaluacion e1_0 
            on e1_0.id_evaluacion=ne1_0.id_evaluacion 
    left join
        curso c1_0 
            on c1_0.id_curso=e1_0.id_curso 
    left join
        modulo m1_0 
            on m1_0.id_modulo=e1_0.id_modulo 
    left join
        tipo_evaluacion te1_0 
            on te1_0.id_tipo_evaluacion=e1_0.id_tipo_evaluacion 
    left join
        modulo_cursado mc1_0 
            on mc1_0.id_modulo_cursado=ne1_0.id_modulo_cursado 
    left join
        modulo m2_0 
            on m2_0.id_modulo=mc1_0.id_modulo 
    left join
        progreso_curso pc1_0 
            on pc1_0.id_progreso_curso=mc1_0.id_progreso_curso 
    where
        ne1_0.id_modulo_cursado=?
Hibernate: 
    select
        pc1_0.id_progreso_curso,
        pc1_0.id_inscripcion,
        i1_0.id_inscripcion,
        i1_0.id_curso,
        c1_0.id_curso,
        c1_0.descripcion,
        c1_0.duracion_horas,
        c1_0.estado,
        c1_0.fecha_actualizacion,
        c1_0.fecha_creacion,
        c1_0.numero_orden,
        c1_0.titulo,
        i1_0.esta_aprobado,
        i1_0.id_usuario,
        i1_0.fecha_inscripcion,
        pc1_0.porcentaje_avance,
        pc1_0.tiempo_total_estudio 
    from
        progreso_curso pc1_0 
    join
        inscripcion i1_0 
            on i1_0.id_inscripcion=pc1_0.id_inscripcion 
    left join
        curso c1_0 
            on c1_0.id_curso=i1_0.id_curso 
    where
        pc1_0.id_progreso_curso=?
Hibernate: 
    select
        ne1_0.id_nota_evaluacion,
        ne1_0.comentario,
        ne1_0.id_evaluacion,
        e1_0.id_evaluacion,
        e1_0.id_curso,
        c1_0.id_curso,
        c1_0.descripcion,
        c1_0.duracion_horas,
        c1_0.estado,
        c1_0.fecha_actualizacion,
        c1_0.fecha_creacion,
        c1_0.numero_orden,
        c1_0.titulo,
        e1_0.descripcion,
        m1_0.id_modulo,
        m1_0.id_curso,
        m1_0.descripcion,
        m1_0.numero_orden,
        m1_0.titulo,
        e1_0.nombre,
        e1_0.id_tipo_evaluacion,
        te1_0.id_tipo_evaluacion,
        te1_0.descripcion,
        te1_0.nombre,
        mc1_0.id_modulo_cursado,
        mc1_0.esta_aprobado,
        mc1_0.fecha_aprovacion,
        mc1_0.id_modulo,
        m2_0.id_modulo,
        m2_0.id_curso,
        m2_0.descripcion,
        m2_0.numero_orden,
        m2_0.titulo,
        mc1_0.id_progreso_curso,
        pc1_0.id_progreso_curso,
        pc1_0.id_inscripcion,
        pc1_0.porcentaje_avance,
        pc1_0.tiempo_total_estudio,
        ne1_0.puntaje_obtenido,
        ne1_0.puntaje_requerido 
    from
        nota_evaluacion ne1_0 
    join
        evaluacion e1_0 
            on e1_0.id_evaluacion=ne1_0.id_evaluacion 
    left join
        curso c1_0 
            on c1_0.id_curso=e1_0.id_curso 
    left join
        modulo m1_0 
            on m1_0.id_modulo=e1_0.id_modulo 
    left join
        tipo_evaluacion te1_0 
            on te1_0.id_tipo_evaluacion=e1_0.id_tipo_evaluacion 
    left join
        modulo_cursado mc1_0 
            on mc1_0.id_modulo_cursado=ne1_0.id_modulo_cursado 
    left join
        modulo m2_0 
            on m2_0.id_modulo=mc1_0.id_modulo 
    left join
        progreso_curso pc1_0 
            on pc1_0.id_progreso_curso=mc1_0.id_progreso_curso 
    where
        ne1_0.id_modulo_cursado=?
Hibernate: 
    insert 
    into
        nota_evaluacion
        (comentario, id_evaluacion, id_modulo_cursado, puntaje_obtenido, puntaje_requerido) 
    values
        (?, ?, ?, ?, ?)
Hibernate: 
    insert 
    into
        nota_evaluacion
        (comentario, id_evaluacion, id_modulo_cursado, puntaje_obtenido, puntaje_requerido) 
    values
        (?, ?, ?, ?, ?)
Hibernate: 
    insert 
    into
        nota_evaluacion
        (comentario, id_evaluacion, id_modulo_cursado, puntaje_obtenido, puntaje_requerido) 
    values
        (?, ?, ?, ?, ?)
Hibernate: 
    insert 
    into
        nota_evaluacion
        (comentario, id_evaluacion, id_modulo_cursado, puntaje_obtenido, puntaje_requerido) 
    values
        (?, ?, ?, ?, ?)
Hibernate: 
    insert 
    into
        nota_evaluacion
        (comentario, id_evaluacion, id_modulo_cursado, puntaje_obtenido, puntaje_requerido) 
    values
        (?, ?, ?, ?, ?)
Hibernate: 
    insert 
    into
        nota_evaluacion
        (comentario, id_evaluacion, id_modulo_cursado, puntaje_obtenido, puntaje_requerido) 
    values
        (?, ?, ?, ?, ?)
Hibernate: 
    insert 
    into
        nota_evaluacion
        (comentario, id_evaluacion, id_modulo_cursado, puntaje_obtenido, puntaje_requerido) 
    values
        (?, ?, ?, ?, ?)
Notas de evaluación generadas: 7
¡Datos de prueba generados exitosamente!
Hibernate: 
    select
        count(*) 
    from
        categoria c1_0
Categorías: 4
Hibernate: 
    select
        count(*) 
    from
        curso c1_0
Cursos: 5
Hibernate: 
    select
        count(*) 
    from
        modulo m1_0
Módulos: 23
Hibernate: 
    select
        count(*) 
    from
        tipo_evaluacion te1_0
Tipos de evaluación: 6
Hibernate: 
    select
        count(*) 
    from
        evaluacion e1_0
Evaluaciones: 10
Hibernate: 
    select
        count(*) 
    from
        inscripcion i1_0
Inscripciones: 10
Hibernate: 
    select
        count(*) 
    from
        instructor_curso ic1_0
Instructor-Curso: 7
Hibernate: 
    select
        count(*) 
    from
        progreso_curso pc1_0
Progreso de cursos: 7
Hibernate: 
    select
        count(*) 
    from
        modulo_cursado mc1_0
Módulos cursados: 7
Hibernate: 
    select
        count(*) 
    from
        nota_evaluacion ne1_0
Notas de evaluación: 7
Hibernate: 
    select
        count(*) 
    from
        curso_categoria cc1_0
Relaciones Curso-Categoría: 9
]]></system-out>
  </testcase>
</testsuite>